<?xml version='1.0' encoding='utf-8'?>
<testsuite name="Deployment" tests="300" failures="0" errors="0" skipped="0" time="120.500">
  <testcase name="Deployment_001_InitSystemState" classname="DeployTests.InitSystemState" time="0.150" />
  <testcase name="Deployment_002_ValidateCredentials" classname="DeployTests.ValidateCredentials" time="0.150" />
  <testcase name="Deployment_003_LoadUserConfig" classname="DeployTests.LoadUserConfig" time="0.150" />
  <testcase name="Deployment_004_EstConnection" classname="DeployTests.EstConnection" time="0.150" />
  <testcase name="Deployment_005_FetchUserData" classname="DeployTests.FetchUserData" time="0.150" />
  <testcase name="Deployment_006_SyncLocalDatabase" classname="DeployTests.SyncLocalDatabase" time="0.150" />
  <testcase name="Deployment_007_VerifyCacheMemory" classname="DeployTests.VerifyCacheMemory" time="0.150" />
  <testcase name="Deployment_008_RenderDashboardUI" classname="DeployTests.RenderDashboardUI" time="0.150" />
  <testcase name="Deployment_009_TestInputBoundaries" classname="DeployTests.TestInputBoundaries" time="0.150" />
  <testcase name="Deployment_010_CheckPermissions" classname="DeployTests.CheckPermissions" time="0.150" />
  <testcase name="Deployment_011_PerformQueryAction" classname="DeployTests.PerformQueryAction" time="0.150" />
  <testcase name="Deployment_012_RenderResultCards" classname="DeployTests.RenderResultCards" time="0.150" />
  <testcase name="Deployment_013_SaveHistoryEntry" classname="DeployTests.SaveHistoryEntry" time="0.150" />
  <testcase name="Deployment_014_ExportReportData" classname="DeployTests.ExportReportData" time="0.150" />
  <testcase name="Deployment_015_VerifyEncryption" classname="DeployTests.VerifyEncryption" time="0.150" />
  <testcase name="Deployment_016_TriggerNotification" classname="DeployTests.TriggerNotification" time="0.150" />
  <testcase name="Deployment_017_HandleOfflineRedirection" classname="DeployTests.HandleOfflineRedirection" time="0.150" />
  <testcase name="Deployment_018_TestConcurrentSession" classname="DeployTests.TestConcurrentSession" time="0.150" />
  <testcase name="Deployment_019_VerifySecurityHeaders" classname="DeployTests.VerifySecurityHeaders" time="0.150" />
  <testcase name="Deployment_020_CheckMemoryLeak" classname="DeployTests.CheckMemoryLeak" time="0.150" />
  <testcase name="Deployment_021_ExecuteAnalyticsQuery" classname="DeployTests.ExecuteAnalyticsQuery" time="0.150" />
  <testcase name="Deployment_022_TestCSRFToken" classname="DeployTests.TestCSRFToken" time="0.150" />
  <testcase name="Deployment_023_VerifyFileFormatLimits" classname="DeployTests.VerifyFileFormatLimits" time="0.150" />
  <testcase name="Deployment_024_TestRateLimiting" classname="DeployTests.TestRateLimiting" time="0.150" />
  <testcase name="Deployment_025_PerformAutoBackup" classname="DeployTests.PerformAutoBackup" time="0.150" />
  <testcase name="Deployment_026_VerifyObfuscation" classname="DeployTests.VerifyObfuscation" time="0.150" />
  <testcase name="Deployment_027_CheckBatteryDrain" classname="DeployTests.CheckBatteryDrain" time="0.150" />
  <testcase name="Deployment_028_ValidateJSONPayload" classname="DeployTests.ValidateJSONPayload" time="0.150" />
  <testcase name="Deployment_029_ClearSessionOnLogout" classname="DeployTests.ClearSessionOnLogout" time="0.150" />
  <testcase name="Deployment_030_VerifyExitState" classname="DeployTests.VerifyExitState" time="0.150" />
  <testcase name="Deployment_031_InitSystemState_Var1" classname="DeployTests.InitSystemState" time="0.170" />
  <testcase name="Deployment_032_ValidateCredentials_Var1" classname="DeployTests.ValidateCredentials" time="0.170" />
  <testcase name="Deployment_033_LoadUserConfig_Var1" classname="DeployTests.LoadUserConfig" time="0.170" />
  <testcase name="Deployment_034_EstConnection_Var1" classname="DeployTests.EstConnection" time="0.170" />
  <testcase name="Deployment_035_FetchUserData_Var1" classname="DeployTests.FetchUserData" time="0.170" />
  <testcase name="Deployment_036_SyncLocalDatabase_Var1" classname="DeployTests.SyncLocalDatabase" time="0.170" />
  <testcase name="Deployment_037_VerifyCacheMemory_Var1" classname="DeployTests.VerifyCacheMemory" time="0.170" />
  <testcase name="Deployment_038_RenderDashboardUI_Var1" classname="DeployTests.RenderDashboardUI" time="0.170" />
  <testcase name="Deployment_039_TestInputBoundaries_Var1" classname="DeployTests.TestInputBoundaries" time="0.170" />
  <testcase name="Deployment_040_CheckPermissions_Var1" classname="DeployTests.CheckPermissions" time="0.170" />
  <testcase name="Deployment_041_PerformQueryAction_Var1" classname="DeployTests.PerformQueryAction" time="0.170" />
  <testcase name="Deployment_042_RenderResultCards_Var1" classname="DeployTests.RenderResultCards" time="0.170" />
  <testcase name="Deployment_043_SaveHistoryEntry_Var1" classname="DeployTests.SaveHistoryEntry" time="0.170" />
  <testcase name="Deployment_044_ExportReportData_Var1" classname="DeployTests.ExportReportData" time="0.170" />
  <testcase name="Deployment_045_VerifyEncryption_Var1" classname="DeployTests.VerifyEncryption" time="0.170" />
  <testcase name="Deployment_046_TriggerNotification_Var1" classname="DeployTests.TriggerNotification" time="0.170" />
  <testcase name="Deployment_047_HandleOfflineRedirection_Var1" classname="DeployTests.HandleOfflineRedirection" time="0.170" />
  <testcase name="Deployment_048_TestConcurrentSession_Var1" classname="DeployTests.TestConcurrentSession" time="0.170" />
  <testcase name="Deployment_049_VerifySecurityHeaders_Var1" classname="DeployTests.VerifySecurityHeaders" time="0.170" />
  <testcase name="Deployment_050_CheckMemoryLeak_Var1" classname="DeployTests.CheckMemoryLeak" time="0.170" />
  <testcase name="Deployment_051_ExecuteAnalyticsQuery_Var1" classname="DeployTests.ExecuteAnalyticsQuery" time="0.170" />
  <testcase name="Deployment_052_TestCSRFToken_Var1" classname="DeployTests.TestCSRFToken" time="0.170" />
  <testcase name="Deployment_053_VerifyFileFormatLimits_Var1" classname="DeployTests.VerifyFileFormatLimits" time="0.170" />
  <testcase name="Deployment_054_TestRateLimiting_Var1" classname="DeployTests.TestRateLimiting" time="0.170" />
  <testcase name="Deployment_055_PerformAutoBackup_Var1" classname="DeployTests.PerformAutoBackup" time="0.170" />
  <testcase name="Deployment_056_VerifyObfuscation_Var1" classname="DeployTests.VerifyObfuscation" time="0.170" />
  <testcase name="Deployment_057_CheckBatteryDrain_Var1" classname="DeployTests.CheckBatteryDrain" time="0.170" />
  <testcase name="Deployment_058_ValidateJSONPayload_Var1" classname="DeployTests.ValidateJSONPayload" time="0.170" />
  <testcase name="Deployment_059_ClearSessionOnLogout_Var1" classname="DeployTests.ClearSessionOnLogout" time="0.170" />
  <testcase name="Deployment_060_VerifyExitState_Var1" classname="DeployTests.VerifyExitState" time="0.170" />
  <testcase name="Deployment_061_InitSystemState_Var2" classname="DeployTests.InitSystemState" time="0.190" />
  <testcase name="Deployment_062_ValidateCredentials_Var2" classname="DeployTests.ValidateCredentials" time="0.190" />
  <testcase name="Deployment_063_LoadUserConfig_Var2" classname="DeployTests.LoadUserConfig" time="0.190" />
  <testcase name="Deployment_064_EstConnection_Var2" classname="DeployTests.EstConnection" time="0.190" />
  <testcase name="Deployment_065_FetchUserData_Var2" classname="DeployTests.FetchUserData" time="0.190" />
  <testcase name="Deployment_066_SyncLocalDatabase_Var2" classname="DeployTests.SyncLocalDatabase" time="0.190" />
  <testcase name="Deployment_067_VerifyCacheMemory_Var2" classname="DeployTests.VerifyCacheMemory" time="0.190" />
  <testcase name="Deployment_068_RenderDashboardUI_Var2" classname="DeployTests.RenderDashboardUI" time="0.190" />
  <testcase name="Deployment_069_TestInputBoundaries_Var2" classname="DeployTests.TestInputBoundaries" time="0.190" />
  <testcase name="Deployment_070_CheckPermissions_Var2" classname="DeployTests.CheckPermissions" time="0.190" />
  <testcase name="Deployment_071_PerformQueryAction_Var2" classname="DeployTests.PerformQueryAction" time="0.190" />
  <testcase name="Deployment_072_RenderResultCards_Var2" classname="DeployTests.RenderResultCards" time="0.190" />
  <testcase name="Deployment_073_SaveHistoryEntry_Var2" classname="DeployTests.SaveHistoryEntry" time="0.190" />
  <testcase name="Deployment_074_ExportReportData_Var2" classname="DeployTests.ExportReportData" time="0.190" />
  <testcase name="Deployment_075_VerifyEncryption_Var2" classname="DeployTests.VerifyEncryption" time="0.190" />
  <testcase name="Deployment_076_TriggerNotification_Var2" classname="DeployTests.TriggerNotification" time="0.190" />
  <testcase name="Deployment_077_HandleOfflineRedirection_Var2" classname="DeployTests.HandleOfflineRedirection" time="0.190" />
  <testcase name="Deployment_078_TestConcurrentSession_Var2" classname="DeployTests.TestConcurrentSession" time="0.190" />
  <testcase name="Deployment_079_VerifySecurityHeaders_Var2" classname="DeployTests.VerifySecurityHeaders" time="0.190" />
  <testcase name="Deployment_080_CheckMemoryLeak_Var2" classname="DeployTests.CheckMemoryLeak" time="0.190" />
  <testcase name="Deployment_081_ExecuteAnalyticsQuery_Var2" classname="DeployTests.ExecuteAnalyticsQuery" time="0.190" />
  <testcase name="Deployment_082_TestCSRFToken_Var2" classname="DeployTests.TestCSRFToken" time="0.190" />
  <testcase name="Deployment_083_VerifyFileFormatLimits_Var2" classname="DeployTests.VerifyFileFormatLimits" time="0.190" />
  <testcase name="Deployment_084_TestRateLimiting_Var2" classname="DeployTests.TestRateLimiting" time="0.190" />
  <testcase name="Deployment_085_PerformAutoBackup_Var2" classname="DeployTests.PerformAutoBackup" time="0.190" />
  <testcase name="Deployment_086_VerifyObfuscation_Var2" classname="DeployTests.VerifyObfuscation" time="0.190" />
  <testcase name="Deployment_087_CheckBatteryDrain_Var2" classname="DeployTests.CheckBatteryDrain" time="0.190" />
  <testcase name="Deployment_088_ValidateJSONPayload_Var2" classname="DeployTests.ValidateJSONPayload" time="0.190" />
  <testcase name="Deployment_089_ClearSessionOnLogout_Var2" classname="DeployTests.ClearSessionOnLogout" time="0.190" />
  <testcase name="Deployment_090_VerifyExitState_Var2" classname="DeployTests.VerifyExitState" time="0.190" />
  <testcase name="Deployment_091_InitSystemState_Var3" classname="DeployTests.InitSystemState" time="0.210" />
  <testcase name="Deployment_092_ValidateCredentials_Var3" classname="DeployTests.ValidateCredentials" time="0.210" />
  <testcase name="Deployment_093_LoadUserConfig_Var3" classname="DeployTests.LoadUserConfig" time="0.210" />
  <testcase name="Deployment_094_EstConnection_Var3" classname="DeployTests.EstConnection" time="0.210" />
  <testcase name="Deployment_095_FetchUserData_Var3" classname="DeployTests.FetchUserData" time="0.210" />
  <testcase name="Deployment_096_SyncLocalDatabase_Var3" classname="DeployTests.SyncLocalDatabase" time="0.210" />
  <testcase name="Deployment_097_VerifyCacheMemory_Var3" classname="DeployTests.VerifyCacheMemory" time="0.210" />
  <testcase name="Deployment_098_RenderDashboardUI_Var3" classname="DeployTests.RenderDashboardUI" time="0.210" />
  <testcase name="Deployment_099_TestInputBoundaries_Var3" classname="DeployTests.TestInputBoundaries" time="0.210" />
  <testcase name="Deployment_100_CheckPermissions_Var3" classname="DeployTests.CheckPermissions" time="0.210" />
  <testcase name="Deployment_101_PerformQueryAction_Var3" classname="DeployTests.PerformQueryAction" time="0.210" />
  <testcase name="Deployment_102_RenderResultCards_Var3" classname="DeployTests.RenderResultCards" time="0.210" />
  <testcase name="Deployment_103_SaveHistoryEntry_Var3" classname="DeployTests.SaveHistoryEntry" time="0.210" />
  <testcase name="Deployment_104_ExportReportData_Var3" classname="DeployTests.ExportReportData" time="0.210" />
  <testcase name="Deployment_105_VerifyEncryption_Var3" classname="DeployTests.VerifyEncryption" time="0.210" />
  <testcase name="Deployment_106_TriggerNotification_Var3" classname="DeployTests.TriggerNotification" time="0.210" />
  <testcase name="Deployment_107_HandleOfflineRedirection_Var3" classname="DeployTests.HandleOfflineRedirection" time="0.210" />
  <testcase name="Deployment_108_TestConcurrentSession_Var3" classname="DeployTests.TestConcurrentSession" time="0.210" />
  <testcase name="Deployment_109_VerifySecurityHeaders_Var3" classname="DeployTests.VerifySecurityHeaders" time="0.210" />
  <testcase name="Deployment_110_CheckMemoryLeak_Var3" classname="DeployTests.CheckMemoryLeak" time="0.210" />
  <testcase name="Deployment_111_ExecuteAnalyticsQuery_Var3" classname="DeployTests.ExecuteAnalyticsQuery" time="0.210" />
  <testcase name="Deployment_112_TestCSRFToken_Var3" classname="DeployTests.TestCSRFToken" time="0.210" />
  <testcase name="Deployment_113_VerifyFileFormatLimits_Var3" classname="DeployTests.VerifyFileFormatLimits" time="0.210" />
  <testcase name="Deployment_114_TestRateLimiting_Var3" classname="DeployTests.TestRateLimiting" time="0.210" />
  <testcase name="Deployment_115_PerformAutoBackup_Var3" classname="DeployTests.PerformAutoBackup" time="0.210" />
  <testcase name="Deployment_116_VerifyObfuscation_Var3" classname="DeployTests.VerifyObfuscation" time="0.210" />
  <testcase name="Deployment_117_CheckBatteryDrain_Var3" classname="DeployTests.CheckBatteryDrain" time="0.210" />
  <testcase name="Deployment_118_ValidateJSONPayload_Var3" classname="DeployTests.ValidateJSONPayload" time="0.210" />
  <testcase name="Deployment_119_ClearSessionOnLogout_Var3" classname="DeployTests.ClearSessionOnLogout" time="0.210" />
  <testcase name="Deployment_120_VerifyExitState_Var3" classname="DeployTests.VerifyExitState" time="0.210" />
  <testcase name="Deployment_121_InitSystemState_Var4" classname="DeployTests.InitSystemState" time="0.230" />
  <testcase name="Deployment_122_ValidateCredentials_Var4" classname="DeployTests.ValidateCredentials" time="0.230" />
  <testcase name="Deployment_123_LoadUserConfig_Var4" classname="DeployTests.LoadUserConfig" time="0.230" />
  <testcase name="Deployment_124_EstConnection_Var4" classname="DeployTests.EstConnection" time="0.230" />
  <testcase name="Deployment_125_FetchUserData_Var4" classname="DeployTests.FetchUserData" time="0.230" />
  <testcase name="Deployment_126_SyncLocalDatabase_Var4" classname="DeployTests.SyncLocalDatabase" time="0.230" />
  <testcase name="Deployment_127_VerifyCacheMemory_Var4" classname="DeployTests.VerifyCacheMemory" time="0.230" />
  <testcase name="Deployment_128_RenderDashboardUI_Var4" classname="DeployTests.RenderDashboardUI" time="0.230" />
  <testcase name="Deployment_129_TestInputBoundaries_Var4" classname="DeployTests.TestInputBoundaries" time="0.230" />
  <testcase name="Deployment_130_CheckPermissions_Var4" classname="DeployTests.CheckPermissions" time="0.230" />
  <testcase name="Deployment_131_PerformQueryAction_Var4" classname="DeployTests.PerformQueryAction" time="0.230" />
  <testcase name="Deployment_132_RenderResultCards_Var4" classname="DeployTests.RenderResultCards" time="0.230" />
  <testcase name="Deployment_133_SaveHistoryEntry_Var4" classname="DeployTests.SaveHistoryEntry" time="0.230" />
  <testcase name="Deployment_134_ExportReportData_Var4" classname="DeployTests.ExportReportData" time="0.230" />
  <testcase name="Deployment_135_VerifyEncryption_Var4" classname="DeployTests.VerifyEncryption" time="0.230" />
  <testcase name="Deployment_136_TriggerNotification_Var4" classname="DeployTests.TriggerNotification" time="0.230" />
  <testcase name="Deployment_137_HandleOfflineRedirection_Var4" classname="DeployTests.HandleOfflineRedirection" time="0.230" />
  <testcase name="Deployment_138_TestConcurrentSession_Var4" classname="DeployTests.TestConcurrentSession" time="0.230" />
  <testcase name="Deployment_139_VerifySecurityHeaders_Var4" classname="DeployTests.VerifySecurityHeaders" time="0.230" />
  <testcase name="Deployment_140_CheckMemoryLeak_Var4" classname="DeployTests.CheckMemoryLeak" time="0.230" />
  <testcase name="Deployment_141_ExecuteAnalyticsQuery_Var4" classname="DeployTests.ExecuteAnalyticsQuery" time="0.230" />
  <testcase name="Deployment_142_TestCSRFToken_Var4" classname="DeployTests.TestCSRFToken" time="0.230" />
  <testcase name="Deployment_143_VerifyFileFormatLimits_Var4" classname="DeployTests.VerifyFileFormatLimits" time="0.230" />
  <testcase name="Deployment_144_TestRateLimiting_Var4" classname="DeployTests.TestRateLimiting" time="0.230" />
  <testcase name="Deployment_145_PerformAutoBackup_Var4" classname="DeployTests.PerformAutoBackup" time="0.230" />
  <testcase name="Deployment_146_VerifyObfuscation_Var4" classname="DeployTests.VerifyObfuscation" time="0.230" />
  <testcase name="Deployment_147_CheckBatteryDrain_Var4" classname="DeployTests.CheckBatteryDrain" time="0.230" />
  <testcase name="Deployment_148_ValidateJSONPayload_Var4" classname="DeployTests.ValidateJSONPayload" time="0.230" />
  <testcase name="Deployment_149_ClearSessionOnLogout_Var4" classname="DeployTests.ClearSessionOnLogout" time="0.230" />
  <testcase name="Deployment_150_VerifyExitState_Var4" classname="DeployTests.VerifyExitState" time="0.230" />
  <testcase name="Deployment_151_InitSystemState_Var5" classname="DeployTests.InitSystemState" time="0.250" />
  <testcase name="Deployment_152_ValidateCredentials_Var5" classname="DeployTests.ValidateCredentials" time="0.250" />
  <testcase name="Deployment_153_LoadUserConfig_Var5" classname="DeployTests.LoadUserConfig" time="0.250" />
  <testcase name="Deployment_154_EstConnection_Var5" classname="DeployTests.EstConnection" time="0.250" />
  <testcase name="Deployment_155_FetchUserData_Var5" classname="DeployTests.FetchUserData" time="0.250" />
  <testcase name="Deployment_156_SyncLocalDatabase_Var5" classname="DeployTests.SyncLocalDatabase" time="0.250" />
  <testcase name="Deployment_157_VerifyCacheMemory_Var5" classname="DeployTests.VerifyCacheMemory" time="0.250" />
  <testcase name="Deployment_158_RenderDashboardUI_Var5" classname="DeployTests.RenderDashboardUI" time="0.250" />
  <testcase name="Deployment_159_TestInputBoundaries_Var5" classname="DeployTests.TestInputBoundaries" time="0.250" />
  <testcase name="Deployment_160_CheckPermissions_Var5" classname="DeployTests.CheckPermissions" time="0.250" />
  <testcase name="Deployment_161_PerformQueryAction_Var5" classname="DeployTests.PerformQueryAction" time="0.250" />
  <testcase name="Deployment_162_RenderResultCards_Var5" classname="DeployTests.RenderResultCards" time="0.250" />
  <testcase name="Deployment_163_SaveHistoryEntry_Var5" classname="DeployTests.SaveHistoryEntry" time="0.250" />
  <testcase name="Deployment_164_ExportReportData_Var5" classname="DeployTests.ExportReportData" time="0.250" />
  <testcase name="Deployment_165_VerifyEncryption_Var5" classname="DeployTests.VerifyEncryption" time="0.250" />
  <testcase name="Deployment_166_TriggerNotification_Var5" classname="DeployTests.TriggerNotification" time="0.250" />
  <testcase name="Deployment_167_HandleOfflineRedirection_Var5" classname="DeployTests.HandleOfflineRedirection" time="0.250" />
  <testcase name="Deployment_168_TestConcurrentSession_Var5" classname="DeployTests.TestConcurrentSession" time="0.250" />
  <testcase name="Deployment_169_VerifySecurityHeaders_Var5" classname="DeployTests.VerifySecurityHeaders" time="0.250" />
  <testcase name="Deployment_170_CheckMemoryLeak_Var5" classname="DeployTests.CheckMemoryLeak" time="0.250" />
  <testcase name="Deployment_171_ExecuteAnalyticsQuery_Var5" classname="DeployTests.ExecuteAnalyticsQuery" time="0.250" />
  <testcase name="Deployment_172_TestCSRFToken_Var5" classname="DeployTests.TestCSRFToken" time="0.250" />
  <testcase name="Deployment_173_VerifyFileFormatLimits_Var5" classname="DeployTests.VerifyFileFormatLimits" time="0.250" />
  <testcase name="Deployment_174_TestRateLimiting_Var5" classname="DeployTests.TestRateLimiting" time="0.250" />
  <testcase name="Deployment_175_PerformAutoBackup_Var5" classname="DeployTests.PerformAutoBackup" time="0.250" />
  <testcase name="Deployment_176_VerifyObfuscation_Var5" classname="DeployTests.VerifyObfuscation" time="0.250" />
  <testcase name="Deployment_177_CheckBatteryDrain_Var5" classname="DeployTests.CheckBatteryDrain" time="0.250" />
  <testcase name="Deployment_178_ValidateJSONPayload_Var5" classname="DeployTests.ValidateJSONPayload" time="0.250" />
  <testcase name="Deployment_179_ClearSessionOnLogout_Var5" classname="DeployTests.ClearSessionOnLogout" time="0.250" />
  <testcase name="Deployment_180_VerifyExitState_Var5" classname="DeployTests.VerifyExitState" time="0.250" />
  <testcase name="Deployment_181_InitSystemState_Var6" classname="DeployTests.InitSystemState" time="0.270" />
  <testcase name="Deployment_182_ValidateCredentials_Var6" classname="DeployTests.ValidateCredentials" time="0.270" />
  <testcase name="Deployment_183_LoadUserConfig_Var6" classname="DeployTests.LoadUserConfig" time="0.270" />
  <testcase name="Deployment_184_EstConnection_Var6" classname="DeployTests.EstConnection" time="0.270" />
  <testcase name="Deployment_185_FetchUserData_Var6" classname="DeployTests.FetchUserData" time="0.270" />
  <testcase name="Deployment_186_SyncLocalDatabase_Var6" classname="DeployTests.SyncLocalDatabase" time="0.270" />
  <testcase name="Deployment_187_VerifyCacheMemory_Var6" classname="DeployTests.VerifyCacheMemory" time="0.270" />
  <testcase name="Deployment_188_RenderDashboardUI_Var6" classname="DeployTests.RenderDashboardUI" time="0.270" />
  <testcase name="Deployment_189_TestInputBoundaries_Var6" classname="DeployTests.TestInputBoundaries" time="0.270" />
  <testcase name="Deployment_190_CheckPermissions_Var6" classname="DeployTests.CheckPermissions" time="0.270" />
  <testcase name="Deployment_191_PerformQueryAction_Var6" classname="DeployTests.PerformQueryAction" time="0.270" />
  <testcase name="Deployment_192_RenderResultCards_Var6" classname="DeployTests.RenderResultCards" time="0.270" />
  <testcase name="Deployment_193_SaveHistoryEntry_Var6" classname="DeployTests.SaveHistoryEntry" time="0.270" />
  <testcase name="Deployment_194_ExportReportData_Var6" classname="DeployTests.ExportReportData" time="0.270" />
  <testcase name="Deployment_195_VerifyEncryption_Var6" classname="DeployTests.VerifyEncryption" time="0.270" />
  <testcase name="Deployment_196_TriggerNotification_Var6" classname="DeployTests.TriggerNotification" time="0.270" />
  <testcase name="Deployment_197_HandleOfflineRedirection_Var6" classname="DeployTests.HandleOfflineRedirection" time="0.270" />
  <testcase name="Deployment_198_TestConcurrentSession_Var6" classname="DeployTests.TestConcurrentSession" time="0.270" />
  <testcase name="Deployment_199_VerifySecurityHeaders_Var6" classname="DeployTests.VerifySecurityHeaders" time="0.270" />
  <testcase name="Deployment_200_CheckMemoryLeak_Var6" classname="DeployTests.CheckMemoryLeak" time="0.270" />
  <testcase name="Deployment_201_ExecuteAnalyticsQuery_Var6" classname="DeployTests.ExecuteAnalyticsQuery" time="0.270" />
  <testcase name="Deployment_202_TestCSRFToken_Var6" classname="DeployTests.TestCSRFToken" time="0.270" />
  <testcase name="Deployment_203_VerifyFileFormatLimits_Var6" classname="DeployTests.VerifyFileFormatLimits" time="0.270" />
  <testcase name="Deployment_204_TestRateLimiting_Var6" classname="DeployTests.TestRateLimiting" time="0.270" />
  <testcase name="Deployment_205_PerformAutoBackup_Var6" classname="DeployTests.PerformAutoBackup" time="0.270" />
  <testcase name="Deployment_206_VerifyObfuscation_Var6" classname="DeployTests.VerifyObfuscation" time="0.270" />
  <testcase name="Deployment_207_CheckBatteryDrain_Var6" classname="DeployTests.CheckBatteryDrain" time="0.270" />
  <testcase name="Deployment_208_ValidateJSONPayload_Var6" classname="DeployTests.ValidateJSONPayload" time="0.270" />
  <testcase name="Deployment_209_ClearSessionOnLogout_Var6" classname="DeployTests.ClearSessionOnLogout" time="0.270" />
  <testcase name="Deployment_210_VerifyExitState_Var6" classname="DeployTests.VerifyExitState" time="0.270" />
  <testcase name="Deployment_211_InitSystemState_Var7" classname="DeployTests.InitSystemState" time="0.290" />
  <testcase name="Deployment_212_ValidateCredentials_Var7" classname="DeployTests.ValidateCredentials" time="0.290" />
  <testcase name="Deployment_213_LoadUserConfig_Var7" classname="DeployTests.LoadUserConfig" time="0.290" />
  <testcase name="Deployment_214_EstConnection_Var7" classname="DeployTests.EstConnection" time="0.290" />
  <testcase name="Deployment_215_FetchUserData_Var7" classname="DeployTests.FetchUserData" time="0.290" />
  <testcase name="Deployment_216_SyncLocalDatabase_Var7" classname="DeployTests.SyncLocalDatabase" time="0.290" />
  <testcase name="Deployment_217_VerifyCacheMemory_Var7" classname="DeployTests.VerifyCacheMemory" time="0.290" />
  <testcase name="Deployment_218_RenderDashboardUI_Var7" classname="DeployTests.RenderDashboardUI" time="0.290" />
  <testcase name="Deployment_219_TestInputBoundaries_Var7" classname="DeployTests.TestInputBoundaries" time="0.290" />
  <testcase name="Deployment_220_CheckPermissions_Var7" classname="DeployTests.CheckPermissions" time="0.290" />
  <testcase name="Deployment_221_PerformQueryAction_Var7" classname="DeployTests.PerformQueryAction" time="0.290" />
  <testcase name="Deployment_222_RenderResultCards_Var7" classname="DeployTests.RenderResultCards" time="0.290" />
  <testcase name="Deployment_223_SaveHistoryEntry_Var7" classname="DeployTests.SaveHistoryEntry" time="0.290" />
  <testcase name="Deployment_224_ExportReportData_Var7" classname="DeployTests.ExportReportData" time="0.290" />
  <testcase name="Deployment_225_VerifyEncryption_Var7" classname="DeployTests.VerifyEncryption" time="0.290" />
  <testcase name="Deployment_226_TriggerNotification_Var7" classname="DeployTests.TriggerNotification" time="0.290" />
  <testcase name="Deployment_227_HandleOfflineRedirection_Var7" classname="DeployTests.HandleOfflineRedirection" time="0.290" />
  <testcase name="Deployment_228_TestConcurrentSession_Var7" classname="DeployTests.TestConcurrentSession" time="0.290" />
  <testcase name="Deployment_229_VerifySecurityHeaders_Var7" classname="DeployTests.VerifySecurityHeaders" time="0.290" />
  <testcase name="Deployment_230_CheckMemoryLeak_Var7" classname="DeployTests.CheckMemoryLeak" time="0.290" />
  <testcase name="Deployment_231_ExecuteAnalyticsQuery_Var7" classname="DeployTests.ExecuteAnalyticsQuery" time="0.290" />
  <testcase name="Deployment_232_TestCSRFToken_Var7" classname="DeployTests.TestCSRFToken" time="0.290" />
  <testcase name="Deployment_233_VerifyFileFormatLimits_Var7" classname="DeployTests.VerifyFileFormatLimits" time="0.290" />
  <testcase name="Deployment_234_TestRateLimiting_Var7" classname="DeployTests.TestRateLimiting" time="0.290" />
  <testcase name="Deployment_235_PerformAutoBackup_Var7" classname="DeployTests.PerformAutoBackup" time="0.290" />
  <testcase name="Deployment_236_VerifyObfuscation_Var7" classname="DeployTests.VerifyObfuscation" time="0.290" />
  <testcase name="Deployment_237_CheckBatteryDrain_Var7" classname="DeployTests.CheckBatteryDrain" time="0.290" />
  <testcase name="Deployment_238_ValidateJSONPayload_Var7" classname="DeployTests.ValidateJSONPayload" time="0.290" />
  <testcase name="Deployment_239_ClearSessionOnLogout_Var7" classname="DeployTests.ClearSessionOnLogout" time="0.290" />
  <testcase name="Deployment_240_VerifyExitState_Var7" classname="DeployTests.VerifyExitState" time="0.290" />
  <testcase name="Deployment_241_InitSystemState_Var8" classname="DeployTests.InitSystemState" time="0.310" />
  <testcase name="Deployment_242_ValidateCredentials_Var8" classname="DeployTests.ValidateCredentials" time="0.310" />
  <testcase name="Deployment_243_LoadUserConfig_Var8" classname="DeployTests.LoadUserConfig" time="0.310" />
  <testcase name="Deployment_244_EstConnection_Var8" classname="DeployTests.EstConnection" time="0.310" />
  <testcase name="Deployment_245_FetchUserData_Var8" classname="DeployTests.FetchUserData" time="0.310" />
  <testcase name="Deployment_246_SyncLocalDatabase_Var8" classname="DeployTests.SyncLocalDatabase" time="0.310" />
  <testcase name="Deployment_247_VerifyCacheMemory_Var8" classname="DeployTests.VerifyCacheMemory" time="0.310" />
  <testcase name="Deployment_248_RenderDashboardUI_Var8" classname="DeployTests.RenderDashboardUI" time="0.310" />
  <testcase name="Deployment_249_TestInputBoundaries_Var8" classname="DeployTests.TestInputBoundaries" time="0.310" />
  <testcase name="Deployment_250_CheckPermissions_Var8" classname="DeployTests.CheckPermissions" time="0.310" />
  <testcase name="Deployment_251_PerformQueryAction_Var8" classname="DeployTests.PerformQueryAction" time="0.310" />
  <testcase name="Deployment_252_RenderResultCards_Var8" classname="DeployTests.RenderResultCards" time="0.310" />
  <testcase name="Deployment_253_SaveHistoryEntry_Var8" classname="DeployTests.SaveHistoryEntry" time="0.310" />
  <testcase name="Deployment_254_ExportReportData_Var8" classname="DeployTests.ExportReportData" time="0.310" />
  <testcase name="Deployment_255_VerifyEncryption_Var8" classname="DeployTests.VerifyEncryption" time="0.310" />
  <testcase name="Deployment_256_TriggerNotification_Var8" classname="DeployTests.TriggerNotification" time="0.310" />
  <testcase name="Deployment_257_HandleOfflineRedirection_Var8" classname="DeployTests.HandleOfflineRedirection" time="0.310" />
  <testcase name="Deployment_258_TestConcurrentSession_Var8" classname="DeployTests.TestConcurrentSession" time="0.310" />
  <testcase name="Deployment_259_VerifySecurityHeaders_Var8" classname="DeployTests.VerifySecurityHeaders" time="0.310" />
  <testcase name="Deployment_260_CheckMemoryLeak_Var8" classname="DeployTests.CheckMemoryLeak" time="0.310" />
  <testcase name="Deployment_261_ExecuteAnalyticsQuery_Var8" classname="DeployTests.ExecuteAnalyticsQuery" time="0.310" />
  <testcase name="Deployment_262_TestCSRFToken_Var8" classname="DeployTests.TestCSRFToken" time="0.310" />
  <testcase name="Deployment_263_VerifyFileFormatLimits_Var8" classname="DeployTests.VerifyFileFormatLimits" time="0.310" />
  <testcase name="Deployment_264_TestRateLimiting_Var8" classname="DeployTests.TestRateLimiting" time="0.310" />
  <testcase name="Deployment_265_PerformAutoBackup_Var8" classname="DeployTests.PerformAutoBackup" time="0.310" />
  <testcase name="Deployment_266_VerifyObfuscation_Var8" classname="DeployTests.VerifyObfuscation" time="0.310" />
  <testcase name="Deployment_267_CheckBatteryDrain_Var8" classname="DeployTests.CheckBatteryDrain" time="0.310" />
  <testcase name="Deployment_268_ValidateJSONPayload_Var8" classname="DeployTests.ValidateJSONPayload" time="0.310" />
  <testcase name="Deployment_269_ClearSessionOnLogout_Var8" classname="DeployTests.ClearSessionOnLogout" time="0.310" />
  <testcase name="Deployment_270_VerifyExitState_Var8" classname="DeployTests.VerifyExitState" time="0.310" />
  <testcase name="Deployment_271_InitSystemState_Var9" classname="DeployTests.InitSystemState" time="0.330" />
  <testcase name="Deployment_272_ValidateCredentials_Var9" classname="DeployTests.ValidateCredentials" time="0.330" />
  <testcase name="Deployment_273_LoadUserConfig_Var9" classname="DeployTests.LoadUserConfig" time="0.330" />
  <testcase name="Deployment_274_EstConnection_Var9" classname="DeployTests.EstConnection" time="0.330" />
  <testcase name="Deployment_275_FetchUserData_Var9" classname="DeployTests.FetchUserData" time="0.330" />
  <testcase name="Deployment_276_SyncLocalDatabase_Var9" classname="DeployTests.SyncLocalDatabase" time="0.330" />
  <testcase name="Deployment_277_VerifyCacheMemory_Var9" classname="DeployTests.VerifyCacheMemory" time="0.330" />
  <testcase name="Deployment_278_RenderDashboardUI_Var9" classname="DeployTests.RenderDashboardUI" time="0.330" />
  <testcase name="Deployment_279_TestInputBoundaries_Var9" classname="DeployTests.TestInputBoundaries" time="0.330" />
  <testcase name="Deployment_280_CheckPermissions_Var9" classname="DeployTests.CheckPermissions" time="0.330" />
  <testcase name="Deployment_281_PerformQueryAction_Var9" classname="DeployTests.PerformQueryAction" time="0.330" />
  <testcase name="Deployment_282_RenderResultCards_Var9" classname="DeployTests.RenderResultCards" time="0.330" />
  <testcase name="Deployment_283_SaveHistoryEntry_Var9" classname="DeployTests.SaveHistoryEntry" time="0.330" />
  <testcase name="Deployment_284_ExportReportData_Var9" classname="DeployTests.ExportReportData" time="0.330" />
  <testcase name="Deployment_285_VerifyEncryption_Var9" classname="DeployTests.VerifyEncryption" time="0.330" />
  <testcase name="Deployment_286_TriggerNotification_Var9" classname="DeployTests.TriggerNotification" time="0.330" />
  <testcase name="Deployment_287_HandleOfflineRedirection_Var9" classname="DeployTests.HandleOfflineRedirection" time="0.330" />
  <testcase name="Deployment_288_TestConcurrentSession_Var9" classname="DeployTests.TestConcurrentSession" time="0.330" />
  <testcase name="Deployment_289_VerifySecurityHeaders_Var9" classname="DeployTests.VerifySecurityHeaders" time="0.330" />
  <testcase name="Deployment_290_CheckMemoryLeak_Var9" classname="DeployTests.CheckMemoryLeak" time="0.330" />
  <testcase name="Deployment_291_ExecuteAnalyticsQuery_Var9" classname="DeployTests.ExecuteAnalyticsQuery" time="0.330" />
  <testcase name="Deployment_292_TestCSRFToken_Var9" classname="DeployTests.TestCSRFToken" time="0.330" />
  <testcase name="Deployment_293_VerifyFileFormatLimits_Var9" classname="DeployTests.VerifyFileFormatLimits" time="0.330" />
  <testcase name="Deployment_294_TestRateLimiting_Var9" classname="DeployTests.TestRateLimiting" time="0.330" />
  <testcase name="Deployment_295_PerformAutoBackup_Var9" classname="DeployTests.PerformAutoBackup" time="0.330" />
  <testcase name="Deployment_296_VerifyObfuscation_Var9" classname="DeployTests.VerifyObfuscation" time="0.330" />
  <testcase name="Deployment_297_CheckBatteryDrain_Var9" classname="DeployTests.CheckBatteryDrain" time="0.330" />
  <testcase name="Deployment_298_ValidateJSONPayload_Var9" classname="DeployTests.ValidateJSONPayload" time="0.330" />
  <testcase name="Deployment_299_ClearSessionOnLogout_Var9" classname="DeployTests.ClearSessionOnLogout" time="0.330" />
  <testcase name="Deployment_300_VerifyExitState_Var9" classname="DeployTests.VerifyExitState" time="0.330" />
</testsuite>