<?xml version='1.0' encoding='utf-8'?>
<testsuite name="Performance" tests="300" failures="0" errors="0" skipped="0" time="120.500">
  <testcase name="Performance_001_InitSystemState" classname="PerfTests.InitSystemState" time="0.150" />
  <testcase name="Performance_002_ValidateCredentials" classname="PerfTests.ValidateCredentials" time="0.150" />
  <testcase name="Performance_003_LoadUserConfig" classname="PerfTests.LoadUserConfig" time="0.150" />
  <testcase name="Performance_004_EstConnection" classname="PerfTests.EstConnection" time="0.150" />
  <testcase name="Performance_005_FetchUserData" classname="PerfTests.FetchUserData" time="0.150" />
  <testcase name="Performance_006_SyncLocalDatabase" classname="PerfTests.SyncLocalDatabase" time="0.150" />
  <testcase name="Performance_007_VerifyCacheMemory" classname="PerfTests.VerifyCacheMemory" time="0.150" />
  <testcase name="Performance_008_RenderDashboardUI" classname="PerfTests.RenderDashboardUI" time="0.150" />
  <testcase name="Performance_009_TestInputBoundaries" classname="PerfTests.TestInputBoundaries" time="0.150" />
  <testcase name="Performance_010_CheckPermissions" classname="PerfTests.CheckPermissions" time="0.150" />
  <testcase name="Performance_011_PerformQueryAction" classname="PerfTests.PerformQueryAction" time="0.150" />
  <testcase name="Performance_012_RenderResultCards" classname="PerfTests.RenderResultCards" time="0.150" />
  <testcase name="Performance_013_SaveHistoryEntry" classname="PerfTests.SaveHistoryEntry" time="0.150" />
  <testcase name="Performance_014_ExportReportData" classname="PerfTests.ExportReportData" time="0.150" />
  <testcase name="Performance_015_VerifyEncryption" classname="PerfTests.VerifyEncryption" time="0.150" />
  <testcase name="Performance_016_TriggerNotification" classname="PerfTests.TriggerNotification" time="0.150" />
  <testcase name="Performance_017_HandleOfflineRedirection" classname="PerfTests.HandleOfflineRedirection" time="0.150" />
  <testcase name="Performance_018_TestConcurrentSession" classname="PerfTests.TestConcurrentSession" time="0.150" />
  <testcase name="Performance_019_VerifySecurityHeaders" classname="PerfTests.VerifySecurityHeaders" time="0.150" />
  <testcase name="Performance_020_CheckMemoryLeak" classname="PerfTests.CheckMemoryLeak" time="0.150" />
  <testcase name="Performance_021_ExecuteAnalyticsQuery" classname="PerfTests.ExecuteAnalyticsQuery" time="0.150" />
  <testcase name="Performance_022_TestCSRFToken" classname="PerfTests.TestCSRFToken" time="0.150" />
  <testcase name="Performance_023_VerifyFileFormatLimits" classname="PerfTests.VerifyFileFormatLimits" time="0.150" />
  <testcase name="Performance_024_TestRateLimiting" classname="PerfTests.TestRateLimiting" time="0.150" />
  <testcase name="Performance_025_PerformAutoBackup" classname="PerfTests.PerformAutoBackup" time="0.150" />
  <testcase name="Performance_026_VerifyObfuscation" classname="PerfTests.VerifyObfuscation" time="0.150" />
  <testcase name="Performance_027_CheckBatteryDrain" classname="PerfTests.CheckBatteryDrain" time="0.150" />
  <testcase name="Performance_028_ValidateJSONPayload" classname="PerfTests.ValidateJSONPayload" time="0.150" />
  <testcase name="Performance_029_ClearSessionOnLogout" classname="PerfTests.ClearSessionOnLogout" time="0.150" />
  <testcase name="Performance_030_VerifyExitState" classname="PerfTests.VerifyExitState" time="0.150" />
  <testcase name="Performance_031_InitSystemState_Var1" classname="PerfTests.InitSystemState" time="0.170" />
  <testcase name="Performance_032_ValidateCredentials_Var1" classname="PerfTests.ValidateCredentials" time="0.170" />
  <testcase name="Performance_033_LoadUserConfig_Var1" classname="PerfTests.LoadUserConfig" time="0.170" />
  <testcase name="Performance_034_EstConnection_Var1" classname="PerfTests.EstConnection" time="0.170" />
  <testcase name="Performance_035_FetchUserData_Var1" classname="PerfTests.FetchUserData" time="0.170" />
  <testcase name="Performance_036_SyncLocalDatabase_Var1" classname="PerfTests.SyncLocalDatabase" time="0.170" />
  <testcase name="Performance_037_VerifyCacheMemory_Var1" classname="PerfTests.VerifyCacheMemory" time="0.170" />
  <testcase name="Performance_038_RenderDashboardUI_Var1" classname="PerfTests.RenderDashboardUI" time="0.170" />
  <testcase name="Performance_039_TestInputBoundaries_Var1" classname="PerfTests.TestInputBoundaries" time="0.170" />
  <testcase name="Performance_040_CheckPermissions_Var1" classname="PerfTests.CheckPermissions" time="0.170" />
  <testcase name="Performance_041_PerformQueryAction_Var1" classname="PerfTests.PerformQueryAction" time="0.170" />
  <testcase name="Performance_042_RenderResultCards_Var1" classname="PerfTests.RenderResultCards" time="0.170" />
  <testcase name="Performance_043_SaveHistoryEntry_Var1" classname="PerfTests.SaveHistoryEntry" time="0.170" />
  <testcase name="Performance_044_ExportReportData_Var1" classname="PerfTests.ExportReportData" time="0.170" />
  <testcase name="Performance_045_VerifyEncryption_Var1" classname="PerfTests.VerifyEncryption" time="0.170" />
  <testcase name="Performance_046_TriggerNotification_Var1" classname="PerfTests.TriggerNotification" time="0.170" />
  <testcase name="Performance_047_HandleOfflineRedirection_Var1" classname="PerfTests.HandleOfflineRedirection" time="0.170" />
  <testcase name="Performance_048_TestConcurrentSession_Var1" classname="PerfTests.TestConcurrentSession" time="0.170" />
  <testcase name="Performance_049_VerifySecurityHeaders_Var1" classname="PerfTests.VerifySecurityHeaders" time="0.170" />
  <testcase name="Performance_050_CheckMemoryLeak_Var1" classname="PerfTests.CheckMemoryLeak" time="0.170" />
  <testcase name="Performance_051_ExecuteAnalyticsQuery_Var1" classname="PerfTests.ExecuteAnalyticsQuery" time="0.170" />
  <testcase name="Performance_052_TestCSRFToken_Var1" classname="PerfTests.TestCSRFToken" time="0.170" />
  <testcase name="Performance_053_VerifyFileFormatLimits_Var1" classname="PerfTests.VerifyFileFormatLimits" time="0.170" />
  <testcase name="Performance_054_TestRateLimiting_Var1" classname="PerfTests.TestRateLimiting" time="0.170" />
  <testcase name="Performance_055_PerformAutoBackup_Var1" classname="PerfTests.PerformAutoBackup" time="0.170" />
  <testcase name="Performance_056_VerifyObfuscation_Var1" classname="PerfTests.VerifyObfuscation" time="0.170" />
  <testcase name="Performance_057_CheckBatteryDrain_Var1" classname="PerfTests.CheckBatteryDrain" time="0.170" />
  <testcase name="Performance_058_ValidateJSONPayload_Var1" classname="PerfTests.ValidateJSONPayload" time="0.170" />
  <testcase name="Performance_059_ClearSessionOnLogout_Var1" classname="PerfTests.ClearSessionOnLogout" time="0.170" />
  <testcase name="Performance_060_VerifyExitState_Var1" classname="PerfTests.VerifyExitState" time="0.170" />
  <testcase name="Performance_061_InitSystemState_Var2" classname="PerfTests.InitSystemState" time="0.190" />
  <testcase name="Performance_062_ValidateCredentials_Var2" classname="PerfTests.ValidateCredentials" time="0.190" />
  <testcase name="Performance_063_LoadUserConfig_Var2" classname="PerfTests.LoadUserConfig" time="0.190" />
  <testcase name="Performance_064_EstConnection_Var2" classname="PerfTests.EstConnection" time="0.190" />
  <testcase name="Performance_065_FetchUserData_Var2" classname="PerfTests.FetchUserData" time="0.190" />
  <testcase name="Performance_066_SyncLocalDatabase_Var2" classname="PerfTests.SyncLocalDatabase" time="0.190" />
  <testcase name="Performance_067_VerifyCacheMemory_Var2" classname="PerfTests.VerifyCacheMemory" time="0.190" />
  <testcase name="Performance_068_RenderDashboardUI_Var2" classname="PerfTests.RenderDashboardUI" time="0.190" />
  <testcase name="Performance_069_TestInputBoundaries_Var2" classname="PerfTests.TestInputBoundaries" time="0.190" />
  <testcase name="Performance_070_CheckPermissions_Var2" classname="PerfTests.CheckPermissions" time="0.190" />
  <testcase name="Performance_071_PerformQueryAction_Var2" classname="PerfTests.PerformQueryAction" time="0.190" />
  <testcase name="Performance_072_RenderResultCards_Var2" classname="PerfTests.RenderResultCards" time="0.190" />
  <testcase name="Performance_073_SaveHistoryEntry_Var2" classname="PerfTests.SaveHistoryEntry" time="0.190" />
  <testcase name="Performance_074_ExportReportData_Var2" classname="PerfTests.ExportReportData" time="0.190" />
  <testcase name="Performance_075_VerifyEncryption_Var2" classname="PerfTests.VerifyEncryption" time="0.190" />
  <testcase name="Performance_076_TriggerNotification_Var2" classname="PerfTests.TriggerNotification" time="0.190" />
  <testcase name="Performance_077_HandleOfflineRedirection_Var2" classname="PerfTests.HandleOfflineRedirection" time="0.190" />
  <testcase name="Performance_078_TestConcurrentSession_Var2" classname="PerfTests.TestConcurrentSession" time="0.190" />
  <testcase name="Performance_079_VerifySecurityHeaders_Var2" classname="PerfTests.VerifySecurityHeaders" time="0.190" />
  <testcase name="Performance_080_CheckMemoryLeak_Var2" classname="PerfTests.CheckMemoryLeak" time="0.190" />
  <testcase name="Performance_081_ExecuteAnalyticsQuery_Var2" classname="PerfTests.ExecuteAnalyticsQuery" time="0.190" />
  <testcase name="Performance_082_TestCSRFToken_Var2" classname="PerfTests.TestCSRFToken" time="0.190" />
  <testcase name="Performance_083_VerifyFileFormatLimits_Var2" classname="PerfTests.VerifyFileFormatLimits" time="0.190" />
  <testcase name="Performance_084_TestRateLimiting_Var2" classname="PerfTests.TestRateLimiting" time="0.190" />
  <testcase name="Performance_085_PerformAutoBackup_Var2" classname="PerfTests.PerformAutoBackup" time="0.190" />
  <testcase name="Performance_086_VerifyObfuscation_Var2" classname="PerfTests.VerifyObfuscation" time="0.190" />
  <testcase name="Performance_087_CheckBatteryDrain_Var2" classname="PerfTests.CheckBatteryDrain" time="0.190" />
  <testcase name="Performance_088_ValidateJSONPayload_Var2" classname="PerfTests.ValidateJSONPayload" time="0.190" />
  <testcase name="Performance_089_ClearSessionOnLogout_Var2" classname="PerfTests.ClearSessionOnLogout" time="0.190" />
  <testcase name="Performance_090_VerifyExitState_Var2" classname="PerfTests.VerifyExitState" time="0.190" />
  <testcase name="Performance_091_InitSystemState_Var3" classname="PerfTests.InitSystemState" time="0.210" />
  <testcase name="Performance_092_ValidateCredentials_Var3" classname="PerfTests.ValidateCredentials" time="0.210" />
  <testcase name="Performance_093_LoadUserConfig_Var3" classname="PerfTests.LoadUserConfig" time="0.210" />
  <testcase name="Performance_094_EstConnection_Var3" classname="PerfTests.EstConnection" time="0.210" />
  <testcase name="Performance_095_FetchUserData_Var3" classname="PerfTests.FetchUserData" time="0.210" />
  <testcase name="Performance_096_SyncLocalDatabase_Var3" classname="PerfTests.SyncLocalDatabase" time="0.210" />
  <testcase name="Performance_097_VerifyCacheMemory_Var3" classname="PerfTests.VerifyCacheMemory" time="0.210" />
  <testcase name="Performance_098_RenderDashboardUI_Var3" classname="PerfTests.RenderDashboardUI" time="0.210" />
  <testcase name="Performance_099_TestInputBoundaries_Var3" classname="PerfTests.TestInputBoundaries" time="0.210" />
  <testcase name="Performance_100_CheckPermissions_Var3" classname="PerfTests.CheckPermissions" time="0.210" />
  <testcase name="Performance_101_PerformQueryAction_Var3" classname="PerfTests.PerformQueryAction" time="0.210" />
  <testcase name="Performance_102_RenderResultCards_Var3" classname="PerfTests.RenderResultCards" time="0.210" />
  <testcase name="Performance_103_SaveHistoryEntry_Var3" classname="PerfTests.SaveHistoryEntry" time="0.210" />
  <testcase name="Performance_104_ExportReportData_Var3" classname="PerfTests.ExportReportData" time="0.210" />
  <testcase name="Performance_105_VerifyEncryption_Var3" classname="PerfTests.VerifyEncryption" time="0.210" />
  <testcase name="Performance_106_TriggerNotification_Var3" classname="PerfTests.TriggerNotification" time="0.210" />
  <testcase name="Performance_107_HandleOfflineRedirection_Var3" classname="PerfTests.HandleOfflineRedirection" time="0.210" />
  <testcase name="Performance_108_TestConcurrentSession_Var3" classname="PerfTests.TestConcurrentSession" time="0.210" />
  <testcase name="Performance_109_VerifySecurityHeaders_Var3" classname="PerfTests.VerifySecurityHeaders" time="0.210" />
  <testcase name="Performance_110_CheckMemoryLeak_Var3" classname="PerfTests.CheckMemoryLeak" time="0.210" />
  <testcase name="Performance_111_ExecuteAnalyticsQuery_Var3" classname="PerfTests.ExecuteAnalyticsQuery" time="0.210" />
  <testcase name="Performance_112_TestCSRFToken_Var3" classname="PerfTests.TestCSRFToken" time="0.210" />
  <testcase name="Performance_113_VerifyFileFormatLimits_Var3" classname="PerfTests.VerifyFileFormatLimits" time="0.210" />
  <testcase name="Performance_114_TestRateLimiting_Var3" classname="PerfTests.TestRateLimiting" time="0.210" />
  <testcase name="Performance_115_PerformAutoBackup_Var3" classname="PerfTests.PerformAutoBackup" time="0.210" />
  <testcase name="Performance_116_VerifyObfuscation_Var3" classname="PerfTests.VerifyObfuscation" time="0.210" />
  <testcase name="Performance_117_CheckBatteryDrain_Var3" classname="PerfTests.CheckBatteryDrain" time="0.210" />
  <testcase name="Performance_118_ValidateJSONPayload_Var3" classname="PerfTests.ValidateJSONPayload" time="0.210" />
  <testcase name="Performance_119_ClearSessionOnLogout_Var3" classname="PerfTests.ClearSessionOnLogout" time="0.210" />
  <testcase name="Performance_120_VerifyExitState_Var3" classname="PerfTests.VerifyExitState" time="0.210" />
  <testcase name="Performance_121_InitSystemState_Var4" classname="PerfTests.InitSystemState" time="0.230" />
  <testcase name="Performance_122_ValidateCredentials_Var4" classname="PerfTests.ValidateCredentials" time="0.230" />
  <testcase name="Performance_123_LoadUserConfig_Var4" classname="PerfTests.LoadUserConfig" time="0.230" />
  <testcase name="Performance_124_EstConnection_Var4" classname="PerfTests.EstConnection" time="0.230" />
  <testcase name="Performance_125_FetchUserData_Var4" classname="PerfTests.FetchUserData" time="0.230" />
  <testcase name="Performance_126_SyncLocalDatabase_Var4" classname="PerfTests.SyncLocalDatabase" time="0.230" />
  <testcase name="Performance_127_VerifyCacheMemory_Var4" classname="PerfTests.VerifyCacheMemory" time="0.230" />
  <testcase name="Performance_128_RenderDashboardUI_Var4" classname="PerfTests.RenderDashboardUI" time="0.230" />
  <testcase name="Performance_129_TestInputBoundaries_Var4" classname="PerfTests.TestInputBoundaries" time="0.230" />
  <testcase name="Performance_130_CheckPermissions_Var4" classname="PerfTests.CheckPermissions" time="0.230" />
  <testcase name="Performance_131_PerformQueryAction_Var4" classname="PerfTests.PerformQueryAction" time="0.230" />
  <testcase name="Performance_132_RenderResultCards_Var4" classname="PerfTests.RenderResultCards" time="0.230" />
  <testcase name="Performance_133_SaveHistoryEntry_Var4" classname="PerfTests.SaveHistoryEntry" time="0.230" />
  <testcase name="Performance_134_ExportReportData_Var4" classname="PerfTests.ExportReportData" time="0.230" />
  <testcase name="Performance_135_VerifyEncryption_Var4" classname="PerfTests.VerifyEncryption" time="0.230" />
  <testcase name="Performance_136_TriggerNotification_Var4" classname="PerfTests.TriggerNotification" time="0.230" />
  <testcase name="Performance_137_HandleOfflineRedirection_Var4" classname="PerfTests.HandleOfflineRedirection" time="0.230" />
  <testcase name="Performance_138_TestConcurrentSession_Var4" classname="PerfTests.TestConcurrentSession" time="0.230" />
  <testcase name="Performance_139_VerifySecurityHeaders_Var4" classname="PerfTests.VerifySecurityHeaders" time="0.230" />
  <testcase name="Performance_140_CheckMemoryLeak_Var4" classname="PerfTests.CheckMemoryLeak" time="0.230" />
  <testcase name="Performance_141_ExecuteAnalyticsQuery_Var4" classname="PerfTests.ExecuteAnalyticsQuery" time="0.230" />
  <testcase name="Performance_142_TestCSRFToken_Var4" classname="PerfTests.TestCSRFToken" time="0.230" />
  <testcase name="Performance_143_VerifyFileFormatLimits_Var4" classname="PerfTests.VerifyFileFormatLimits" time="0.230" />
  <testcase name="Performance_144_TestRateLimiting_Var4" classname="PerfTests.TestRateLimiting" time="0.230" />
  <testcase name="Performance_145_PerformAutoBackup_Var4" classname="PerfTests.PerformAutoBackup" time="0.230" />
  <testcase name="Performance_146_VerifyObfuscation_Var4" classname="PerfTests.VerifyObfuscation" time="0.230" />
  <testcase name="Performance_147_CheckBatteryDrain_Var4" classname="PerfTests.CheckBatteryDrain" time="0.230" />
  <testcase name="Performance_148_ValidateJSONPayload_Var4" classname="PerfTests.ValidateJSONPayload" time="0.230" />
  <testcase name="Performance_149_ClearSessionOnLogout_Var4" classname="PerfTests.ClearSessionOnLogout" time="0.230" />
  <testcase name="Performance_150_VerifyExitState_Var4" classname="PerfTests.VerifyExitState" time="0.230" />
  <testcase name="Performance_151_InitSystemState_Var5" classname="PerfTests.InitSystemState" time="0.250" />
  <testcase name="Performance_152_ValidateCredentials_Var5" classname="PerfTests.ValidateCredentials" time="0.250" />
  <testcase name="Performance_153_LoadUserConfig_Var5" classname="PerfTests.LoadUserConfig" time="0.250" />
  <testcase name="Performance_154_EstConnection_Var5" classname="PerfTests.EstConnection" time="0.250" />
  <testcase name="Performance_155_FetchUserData_Var5" classname="PerfTests.FetchUserData" time="0.250" />
  <testcase name="Performance_156_SyncLocalDatabase_Var5" classname="PerfTests.SyncLocalDatabase" time="0.250" />
  <testcase name="Performance_157_VerifyCacheMemory_Var5" classname="PerfTests.VerifyCacheMemory" time="0.250" />
  <testcase name="Performance_158_RenderDashboardUI_Var5" classname="PerfTests.RenderDashboardUI" time="0.250" />
  <testcase name="Performance_159_TestInputBoundaries_Var5" classname="PerfTests.TestInputBoundaries" time="0.250" />
  <testcase name="Performance_160_CheckPermissions_Var5" classname="PerfTests.CheckPermissions" time="0.250" />
  <testcase name="Performance_161_PerformQueryAction_Var5" classname="PerfTests.PerformQueryAction" time="0.250" />
  <testcase name="Performance_162_RenderResultCards_Var5" classname="PerfTests.RenderResultCards" time="0.250" />
  <testcase name="Performance_163_SaveHistoryEntry_Var5" classname="PerfTests.SaveHistoryEntry" time="0.250" />
  <testcase name="Performance_164_ExportReportData_Var5" classname="PerfTests.ExportReportData" time="0.250" />
  <testcase name="Performance_165_VerifyEncryption_Var5" classname="PerfTests.VerifyEncryption" time="0.250" />
  <testcase name="Performance_166_TriggerNotification_Var5" classname="PerfTests.TriggerNotification" time="0.250" />
  <testcase name="Performance_167_HandleOfflineRedirection_Var5" classname="PerfTests.HandleOfflineRedirection" time="0.250" />
  <testcase name="Performance_168_TestConcurrentSession_Var5" classname="PerfTests.TestConcurrentSession" time="0.250" />
  <testcase name="Performance_169_VerifySecurityHeaders_Var5" classname="PerfTests.VerifySecurityHeaders" time="0.250" />
  <testcase name="Performance_170_CheckMemoryLeak_Var5" classname="PerfTests.CheckMemoryLeak" time="0.250" />
  <testcase name="Performance_171_ExecuteAnalyticsQuery_Var5" classname="PerfTests.ExecuteAnalyticsQuery" time="0.250" />
  <testcase name="Performance_172_TestCSRFToken_Var5" classname="PerfTests.TestCSRFToken" time="0.250" />
  <testcase name="Performance_173_VerifyFileFormatLimits_Var5" classname="PerfTests.VerifyFileFormatLimits" time="0.250" />
  <testcase name="Performance_174_TestRateLimiting_Var5" classname="PerfTests.TestRateLimiting" time="0.250" />
  <testcase name="Performance_175_PerformAutoBackup_Var5" classname="PerfTests.PerformAutoBackup" time="0.250" />
  <testcase name="Performance_176_VerifyObfuscation_Var5" classname="PerfTests.VerifyObfuscation" time="0.250" />
  <testcase name="Performance_177_CheckBatteryDrain_Var5" classname="PerfTests.CheckBatteryDrain" time="0.250" />
  <testcase name="Performance_178_ValidateJSONPayload_Var5" classname="PerfTests.ValidateJSONPayload" time="0.250" />
  <testcase name="Performance_179_ClearSessionOnLogout_Var5" classname="PerfTests.ClearSessionOnLogout" time="0.250" />
  <testcase name="Performance_180_VerifyExitState_Var5" classname="PerfTests.VerifyExitState" time="0.250" />
  <testcase name="Performance_181_InitSystemState_Var6" classname="PerfTests.InitSystemState" time="0.270" />
  <testcase name="Performance_182_ValidateCredentials_Var6" classname="PerfTests.ValidateCredentials" time="0.270" />
  <testcase name="Performance_183_LoadUserConfig_Var6" classname="PerfTests.LoadUserConfig" time="0.270" />
  <testcase name="Performance_184_EstConnection_Var6" classname="PerfTests.EstConnection" time="0.270" />
  <testcase name="Performance_185_FetchUserData_Var6" classname="PerfTests.FetchUserData" time="0.270" />
  <testcase name="Performance_186_SyncLocalDatabase_Var6" classname="PerfTests.SyncLocalDatabase" time="0.270" />
  <testcase name="Performance_187_VerifyCacheMemory_Var6" classname="PerfTests.VerifyCacheMemory" time="0.270" />
  <testcase name="Performance_188_RenderDashboardUI_Var6" classname="PerfTests.RenderDashboardUI" time="0.270" />
  <testcase name="Performance_189_TestInputBoundaries_Var6" classname="PerfTests.TestInputBoundaries" time="0.270" />
  <testcase name="Performance_190_CheckPermissions_Var6" classname="PerfTests.CheckPermissions" time="0.270" />
  <testcase name="Performance_191_PerformQueryAction_Var6" classname="PerfTests.PerformQueryAction" time="0.270" />
  <testcase name="Performance_192_RenderResultCards_Var6" classname="PerfTests.RenderResultCards" time="0.270" />
  <testcase name="Performance_193_SaveHistoryEntry_Var6" classname="PerfTests.SaveHistoryEntry" time="0.270" />
  <testcase name="Performance_194_ExportReportData_Var6" classname="PerfTests.ExportReportData" time="0.270" />
  <testcase name="Performance_195_VerifyEncryption_Var6" classname="PerfTests.VerifyEncryption" time="0.270" />
  <testcase name="Performance_196_TriggerNotification_Var6" classname="PerfTests.TriggerNotification" time="0.270" />
  <testcase name="Performance_197_HandleOfflineRedirection_Var6" classname="PerfTests.HandleOfflineRedirection" time="0.270" />
  <testcase name="Performance_198_TestConcurrentSession_Var6" classname="PerfTests.TestConcurrentSession" time="0.270" />
  <testcase name="Performance_199_VerifySecurityHeaders_Var6" classname="PerfTests.VerifySecurityHeaders" time="0.270" />
  <testcase name="Performance_200_CheckMemoryLeak_Var6" classname="PerfTests.CheckMemoryLeak" time="0.270" />
  <testcase name="Performance_201_ExecuteAnalyticsQuery_Var6" classname="PerfTests.ExecuteAnalyticsQuery" time="0.270" />
  <testcase name="Performance_202_TestCSRFToken_Var6" classname="PerfTests.TestCSRFToken" time="0.270" />
  <testcase name="Performance_203_VerifyFileFormatLimits_Var6" classname="PerfTests.VerifyFileFormatLimits" time="0.270" />
  <testcase name="Performance_204_TestRateLimiting_Var6" classname="PerfTests.TestRateLimiting" time="0.270" />
  <testcase name="Performance_205_PerformAutoBackup_Var6" classname="PerfTests.PerformAutoBackup" time="0.270" />
  <testcase name="Performance_206_VerifyObfuscation_Var6" classname="PerfTests.VerifyObfuscation" time="0.270" />
  <testcase name="Performance_207_CheckBatteryDrain_Var6" classname="PerfTests.CheckBatteryDrain" time="0.270" />
  <testcase name="Performance_208_ValidateJSONPayload_Var6" classname="PerfTests.ValidateJSONPayload" time="0.270" />
  <testcase name="Performance_209_ClearSessionOnLogout_Var6" classname="PerfTests.ClearSessionOnLogout" time="0.270" />
  <testcase name="Performance_210_VerifyExitState_Var6" classname="PerfTests.VerifyExitState" time="0.270" />
  <testcase name="Performance_211_InitSystemState_Var7" classname="PerfTests.InitSystemState" time="0.290" />
  <testcase name="Performance_212_ValidateCredentials_Var7" classname="PerfTests.ValidateCredentials" time="0.290" />
  <testcase name="Performance_213_LoadUserConfig_Var7" classname="PerfTests.LoadUserConfig" time="0.290" />
  <testcase name="Performance_214_EstConnection_Var7" classname="PerfTests.EstConnection" time="0.290" />
  <testcase name="Performance_215_FetchUserData_Var7" classname="PerfTests.FetchUserData" time="0.290" />
  <testcase name="Performance_216_SyncLocalDatabase_Var7" classname="PerfTests.SyncLocalDatabase" time="0.290" />
  <testcase name="Performance_217_VerifyCacheMemory_Var7" classname="PerfTests.VerifyCacheMemory" time="0.290" />
  <testcase name="Performance_218_RenderDashboardUI_Var7" classname="PerfTests.RenderDashboardUI" time="0.290" />
  <testcase name="Performance_219_TestInputBoundaries_Var7" classname="PerfTests.TestInputBoundaries" time="0.290" />
  <testcase name="Performance_220_CheckPermissions_Var7" classname="PerfTests.CheckPermissions" time="0.290" />
  <testcase name="Performance_221_PerformQueryAction_Var7" classname="PerfTests.PerformQueryAction" time="0.290" />
  <testcase name="Performance_222_RenderResultCards_Var7" classname="PerfTests.RenderResultCards" time="0.290" />
  <testcase name="Performance_223_SaveHistoryEntry_Var7" classname="PerfTests.SaveHistoryEntry" time="0.290" />
  <testcase name="Performance_224_ExportReportData_Var7" classname="PerfTests.ExportReportData" time="0.290" />
  <testcase name="Performance_225_VerifyEncryption_Var7" classname="PerfTests.VerifyEncryption" time="0.290" />
  <testcase name="Performance_226_TriggerNotification_Var7" classname="PerfTests.TriggerNotification" time="0.290" />
  <testcase name="Performance_227_HandleOfflineRedirection_Var7" classname="PerfTests.HandleOfflineRedirection" time="0.290" />
  <testcase name="Performance_228_TestConcurrentSession_Var7" classname="PerfTests.TestConcurrentSession" time="0.290" />
  <testcase name="Performance_229_VerifySecurityHeaders_Var7" classname="PerfTests.VerifySecurityHeaders" time="0.290" />
  <testcase name="Performance_230_CheckMemoryLeak_Var7" classname="PerfTests.CheckMemoryLeak" time="0.290" />
  <testcase name="Performance_231_ExecuteAnalyticsQuery_Var7" classname="PerfTests.ExecuteAnalyticsQuery" time="0.290" />
  <testcase name="Performance_232_TestCSRFToken_Var7" classname="PerfTests.TestCSRFToken" time="0.290" />
  <testcase name="Performance_233_VerifyFileFormatLimits_Var7" classname="PerfTests.VerifyFileFormatLimits" time="0.290" />
  <testcase name="Performance_234_TestRateLimiting_Var7" classname="PerfTests.TestRateLimiting" time="0.290" />
  <testcase name="Performance_235_PerformAutoBackup_Var7" classname="PerfTests.PerformAutoBackup" time="0.290" />
  <testcase name="Performance_236_VerifyObfuscation_Var7" classname="PerfTests.VerifyObfuscation" time="0.290" />
  <testcase name="Performance_237_CheckBatteryDrain_Var7" classname="PerfTests.CheckBatteryDrain" time="0.290" />
  <testcase name="Performance_238_ValidateJSONPayload_Var7" classname="PerfTests.ValidateJSONPayload" time="0.290" />
  <testcase name="Performance_239_ClearSessionOnLogout_Var7" classname="PerfTests.ClearSessionOnLogout" time="0.290" />
  <testcase name="Performance_240_VerifyExitState_Var7" classname="PerfTests.VerifyExitState" time="0.290" />
  <testcase name="Performance_241_InitSystemState_Var8" classname="PerfTests.InitSystemState" time="0.310" />
  <testcase name="Performance_242_ValidateCredentials_Var8" classname="PerfTests.ValidateCredentials" time="0.310" />
  <testcase name="Performance_243_LoadUserConfig_Var8" classname="PerfTests.LoadUserConfig" time="0.310" />
  <testcase name="Performance_244_EstConnection_Var8" classname="PerfTests.EstConnection" time="0.310" />
  <testcase name="Performance_245_FetchUserData_Var8" classname="PerfTests.FetchUserData" time="0.310" />
  <testcase name="Performance_246_SyncLocalDatabase_Var8" classname="PerfTests.SyncLocalDatabase" time="0.310" />
  <testcase name="Performance_247_VerifyCacheMemory_Var8" classname="PerfTests.VerifyCacheMemory" time="0.310" />
  <testcase name="Performance_248_RenderDashboardUI_Var8" classname="PerfTests.RenderDashboardUI" time="0.310" />
  <testcase name="Performance_249_TestInputBoundaries_Var8" classname="PerfTests.TestInputBoundaries" time="0.310" />
  <testcase name="Performance_250_CheckPermissions_Var8" classname="PerfTests.CheckPermissions" time="0.310" />
  <testcase name="Performance_251_PerformQueryAction_Var8" classname="PerfTests.PerformQueryAction" time="0.310" />
  <testcase name="Performance_252_RenderResultCards_Var8" classname="PerfTests.RenderResultCards" time="0.310" />
  <testcase name="Performance_253_SaveHistoryEntry_Var8" classname="PerfTests.SaveHistoryEntry" time="0.310" />
  <testcase name="Performance_254_ExportReportData_Var8" classname="PerfTests.ExportReportData" time="0.310" />
  <testcase name="Performance_255_VerifyEncryption_Var8" classname="PerfTests.VerifyEncryption" time="0.310" />
  <testcase name="Performance_256_TriggerNotification_Var8" classname="PerfTests.TriggerNotification" time="0.310" />
  <testcase name="Performance_257_HandleOfflineRedirection_Var8" classname="PerfTests.HandleOfflineRedirection" time="0.310" />
  <testcase name="Performance_258_TestConcurrentSession_Var8" classname="PerfTests.TestConcurrentSession" time="0.310" />
  <testcase name="Performance_259_VerifySecurityHeaders_Var8" classname="PerfTests.VerifySecurityHeaders" time="0.310" />
  <testcase name="Performance_260_CheckMemoryLeak_Var8" classname="PerfTests.CheckMemoryLeak" time="0.310" />
  <testcase name="Performance_261_ExecuteAnalyticsQuery_Var8" classname="PerfTests.ExecuteAnalyticsQuery" time="0.310" />
  <testcase name="Performance_262_TestCSRFToken_Var8" classname="PerfTests.TestCSRFToken" time="0.310" />
  <testcase name="Performance_263_VerifyFileFormatLimits_Var8" classname="PerfTests.VerifyFileFormatLimits" time="0.310" />
  <testcase name="Performance_264_TestRateLimiting_Var8" classname="PerfTests.TestRateLimiting" time="0.310" />
  <testcase name="Performance_265_PerformAutoBackup_Var8" classname="PerfTests.PerformAutoBackup" time="0.310" />
  <testcase name="Performance_266_VerifyObfuscation_Var8" classname="PerfTests.VerifyObfuscation" time="0.310" />
  <testcase name="Performance_267_CheckBatteryDrain_Var8" classname="PerfTests.CheckBatteryDrain" time="0.310" />
  <testcase name="Performance_268_ValidateJSONPayload_Var8" classname="PerfTests.ValidateJSONPayload" time="0.310" />
  <testcase name="Performance_269_ClearSessionOnLogout_Var8" classname="PerfTests.ClearSessionOnLogout" time="0.310" />
  <testcase name="Performance_270_VerifyExitState_Var8" classname="PerfTests.VerifyExitState" time="0.310" />
  <testcase name="Performance_271_InitSystemState_Var9" classname="PerfTests.InitSystemState" time="0.330" />
  <testcase name="Performance_272_ValidateCredentials_Var9" classname="PerfTests.ValidateCredentials" time="0.330" />
  <testcase name="Performance_273_LoadUserConfig_Var9" classname="PerfTests.LoadUserConfig" time="0.330" />
  <testcase name="Performance_274_EstConnection_Var9" classname="PerfTests.EstConnection" time="0.330" />
  <testcase name="Performance_275_FetchUserData_Var9" classname="PerfTests.FetchUserData" time="0.330" />
  <testcase name="Performance_276_SyncLocalDatabase_Var9" classname="PerfTests.SyncLocalDatabase" time="0.330" />
  <testcase name="Performance_277_VerifyCacheMemory_Var9" classname="PerfTests.VerifyCacheMemory" time="0.330" />
  <testcase name="Performance_278_RenderDashboardUI_Var9" classname="PerfTests.RenderDashboardUI" time="0.330" />
  <testcase name="Performance_279_TestInputBoundaries_Var9" classname="PerfTests.TestInputBoundaries" time="0.330" />
  <testcase name="Performance_280_CheckPermissions_Var9" classname="PerfTests.CheckPermissions" time="0.330" />
  <testcase name="Performance_281_PerformQueryAction_Var9" classname="PerfTests.PerformQueryAction" time="0.330" />
  <testcase name="Performance_282_RenderResultCards_Var9" classname="PerfTests.RenderResultCards" time="0.330" />
  <testcase name="Performance_283_SaveHistoryEntry_Var9" classname="PerfTests.SaveHistoryEntry" time="0.330" />
  <testcase name="Performance_284_ExportReportData_Var9" classname="PerfTests.ExportReportData" time="0.330" />
  <testcase name="Performance_285_VerifyEncryption_Var9" classname="PerfTests.VerifyEncryption" time="0.330" />
  <testcase name="Performance_286_TriggerNotification_Var9" classname="PerfTests.TriggerNotification" time="0.330" />
  <testcase name="Performance_287_HandleOfflineRedirection_Var9" classname="PerfTests.HandleOfflineRedirection" time="0.330" />
  <testcase name="Performance_288_TestConcurrentSession_Var9" classname="PerfTests.TestConcurrentSession" time="0.330" />
  <testcase name="Performance_289_VerifySecurityHeaders_Var9" classname="PerfTests.VerifySecurityHeaders" time="0.330" />
  <testcase name="Performance_290_CheckMemoryLeak_Var9" classname="PerfTests.CheckMemoryLeak" time="0.330" />
  <testcase name="Performance_291_ExecuteAnalyticsQuery_Var9" classname="PerfTests.ExecuteAnalyticsQuery" time="0.330" />
  <testcase name="Performance_292_TestCSRFToken_Var9" classname="PerfTests.TestCSRFToken" time="0.330" />
  <testcase name="Performance_293_VerifyFileFormatLimits_Var9" classname="PerfTests.VerifyFileFormatLimits" time="0.330" />
  <testcase name="Performance_294_TestRateLimiting_Var9" classname="PerfTests.TestRateLimiting" time="0.330" />
  <testcase name="Performance_295_PerformAutoBackup_Var9" classname="PerfTests.PerformAutoBackup" time="0.330" />
  <testcase name="Performance_296_VerifyObfuscation_Var9" classname="PerfTests.VerifyObfuscation" time="0.330" />
  <testcase name="Performance_297_CheckBatteryDrain_Var9" classname="PerfTests.CheckBatteryDrain" time="0.330" />
  <testcase name="Performance_298_ValidateJSONPayload_Var9" classname="PerfTests.ValidateJSONPayload" time="0.330" />
  <testcase name="Performance_299_ClearSessionOnLogout_Var9" classname="PerfTests.ClearSessionOnLogout" time="0.330" />
  <testcase name="Performance_300_VerifyExitState_Var9" classname="PerfTests.VerifyExitState" time="0.330" />
</testsuite>