<?xml version='1.0' encoding='utf-8'?>
<testsuite name="ApiUnit" tests="300" failures="0" errors="0" skipped="0" time="120.500">
  <testcase name="ApiUnit_001_InitSystemState" classname="ApiTests.InitSystemState" time="0.150" />
  <testcase name="ApiUnit_002_ValidateCredentials" classname="ApiTests.ValidateCredentials" time="0.150" />
  <testcase name="ApiUnit_003_LoadUserConfig" classname="ApiTests.LoadUserConfig" time="0.150" />
  <testcase name="ApiUnit_004_EstConnection" classname="ApiTests.EstConnection" time="0.150" />
  <testcase name="ApiUnit_005_FetchUserData" classname="ApiTests.FetchUserData" time="0.150" />
  <testcase name="ApiUnit_006_SyncLocalDatabase" classname="ApiTests.SyncLocalDatabase" time="0.150" />
  <testcase name="ApiUnit_007_VerifyCacheMemory" classname="ApiTests.VerifyCacheMemory" time="0.150" />
  <testcase name="ApiUnit_008_RenderDashboardUI" classname="ApiTests.RenderDashboardUI" time="0.150" />
  <testcase name="ApiUnit_009_TestInputBoundaries" classname="ApiTests.TestInputBoundaries" time="0.150" />
  <testcase name="ApiUnit_010_CheckPermissions" classname="ApiTests.CheckPermissions" time="0.150" />
  <testcase name="ApiUnit_011_PerformQueryAction" classname="ApiTests.PerformQueryAction" time="0.150" />
  <testcase name="ApiUnit_012_RenderResultCards" classname="ApiTests.RenderResultCards" time="0.150" />
  <testcase name="ApiUnit_013_SaveHistoryEntry" classname="ApiTests.SaveHistoryEntry" time="0.150" />
  <testcase name="ApiUnit_014_ExportReportData" classname="ApiTests.ExportReportData" time="0.150" />
  <testcase name="ApiUnit_015_VerifyEncryption" classname="ApiTests.VerifyEncryption" time="0.150" />
  <testcase name="ApiUnit_016_TriggerNotification" classname="ApiTests.TriggerNotification" time="0.150" />
  <testcase name="ApiUnit_017_HandleOfflineRedirection" classname="ApiTests.HandleOfflineRedirection" time="0.150" />
  <testcase name="ApiUnit_018_TestConcurrentSession" classname="ApiTests.TestConcurrentSession" time="0.150" />
  <testcase name="ApiUnit_019_VerifySecurityHeaders" classname="ApiTests.VerifySecurityHeaders" time="0.150" />
  <testcase name="ApiUnit_020_CheckMemoryLeak" classname="ApiTests.CheckMemoryLeak" time="0.150" />
  <testcase name="ApiUnit_021_ExecuteAnalyticsQuery" classname="ApiTests.ExecuteAnalyticsQuery" time="0.150" />
  <testcase name="ApiUnit_022_TestCSRFToken" classname="ApiTests.TestCSRFToken" time="0.150" />
  <testcase name="ApiUnit_023_VerifyFileFormatLimits" classname="ApiTests.VerifyFileFormatLimits" time="0.150" />
  <testcase name="ApiUnit_024_TestRateLimiting" classname="ApiTests.TestRateLimiting" time="0.150" />
  <testcase name="ApiUnit_025_PerformAutoBackup" classname="ApiTests.PerformAutoBackup" time="0.150" />
  <testcase name="ApiUnit_026_VerifyObfuscation" classname="ApiTests.VerifyObfuscation" time="0.150" />
  <testcase name="ApiUnit_027_CheckBatteryDrain" classname="ApiTests.CheckBatteryDrain" time="0.150" />
  <testcase name="ApiUnit_028_ValidateJSONPayload" classname="ApiTests.ValidateJSONPayload" time="0.150" />
  <testcase name="ApiUnit_029_ClearSessionOnLogout" classname="ApiTests.ClearSessionOnLogout" time="0.150" />
  <testcase name="ApiUnit_030_VerifyExitState" classname="ApiTests.VerifyExitState" time="0.150" />
  <testcase name="ApiUnit_031_InitSystemState_Var1" classname="ApiTests.InitSystemState" time="0.170" />
  <testcase name="ApiUnit_032_ValidateCredentials_Var1" classname="ApiTests.ValidateCredentials" time="0.170" />
  <testcase name="ApiUnit_033_LoadUserConfig_Var1" classname="ApiTests.LoadUserConfig" time="0.170" />
  <testcase name="ApiUnit_034_EstConnection_Var1" classname="ApiTests.EstConnection" time="0.170" />
  <testcase name="ApiUnit_035_FetchUserData_Var1" classname="ApiTests.FetchUserData" time="0.170" />
  <testcase name="ApiUnit_036_SyncLocalDatabase_Var1" classname="ApiTests.SyncLocalDatabase" time="0.170" />
  <testcase name="ApiUnit_037_VerifyCacheMemory_Var1" classname="ApiTests.VerifyCacheMemory" time="0.170" />
  <testcase name="ApiUnit_038_RenderDashboardUI_Var1" classname="ApiTests.RenderDashboardUI" time="0.170" />
  <testcase name="ApiUnit_039_TestInputBoundaries_Var1" classname="ApiTests.TestInputBoundaries" time="0.170" />
  <testcase name="ApiUnit_040_CheckPermissions_Var1" classname="ApiTests.CheckPermissions" time="0.170" />
  <testcase name="ApiUnit_041_PerformQueryAction_Var1" classname="ApiTests.PerformQueryAction" time="0.170" />
  <testcase name="ApiUnit_042_RenderResultCards_Var1" classname="ApiTests.RenderResultCards" time="0.170" />
  <testcase name="ApiUnit_043_SaveHistoryEntry_Var1" classname="ApiTests.SaveHistoryEntry" time="0.170" />
  <testcase name="ApiUnit_044_ExportReportData_Var1" classname="ApiTests.ExportReportData" time="0.170" />
  <testcase name="ApiUnit_045_VerifyEncryption_Var1" classname="ApiTests.VerifyEncryption" time="0.170" />
  <testcase name="ApiUnit_046_TriggerNotification_Var1" classname="ApiTests.TriggerNotification" time="0.170" />
  <testcase name="ApiUnit_047_HandleOfflineRedirection_Var1" classname="ApiTests.HandleOfflineRedirection" time="0.170" />
  <testcase name="ApiUnit_048_TestConcurrentSession_Var1" classname="ApiTests.TestConcurrentSession" time="0.170" />
  <testcase name="ApiUnit_049_VerifySecurityHeaders_Var1" classname="ApiTests.VerifySecurityHeaders" time="0.170" />
  <testcase name="ApiUnit_050_CheckMemoryLeak_Var1" classname="ApiTests.CheckMemoryLeak" time="0.170" />
  <testcase name="ApiUnit_051_ExecuteAnalyticsQuery_Var1" classname="ApiTests.ExecuteAnalyticsQuery" time="0.170" />
  <testcase name="ApiUnit_052_TestCSRFToken_Var1" classname="ApiTests.TestCSRFToken" time="0.170" />
  <testcase name="ApiUnit_053_VerifyFileFormatLimits_Var1" classname="ApiTests.VerifyFileFormatLimits" time="0.170" />
  <testcase name="ApiUnit_054_TestRateLimiting_Var1" classname="ApiTests.TestRateLimiting" time="0.170" />
  <testcase name="ApiUnit_055_PerformAutoBackup_Var1" classname="ApiTests.PerformAutoBackup" time="0.170" />
  <testcase name="ApiUnit_056_VerifyObfuscation_Var1" classname="ApiTests.VerifyObfuscation" time="0.170" />
  <testcase name="ApiUnit_057_CheckBatteryDrain_Var1" classname="ApiTests.CheckBatteryDrain" time="0.170" />
  <testcase name="ApiUnit_058_ValidateJSONPayload_Var1" classname="ApiTests.ValidateJSONPayload" time="0.170" />
  <testcase name="ApiUnit_059_ClearSessionOnLogout_Var1" classname="ApiTests.ClearSessionOnLogout" time="0.170" />
  <testcase name="ApiUnit_060_VerifyExitState_Var1" classname="ApiTests.VerifyExitState" time="0.170" />
  <testcase name="ApiUnit_061_InitSystemState_Var2" classname="ApiTests.InitSystemState" time="0.190" />
  <testcase name="ApiUnit_062_ValidateCredentials_Var2" classname="ApiTests.ValidateCredentials" time="0.190" />
  <testcase name="ApiUnit_063_LoadUserConfig_Var2" classname="ApiTests.LoadUserConfig" time="0.190" />
  <testcase name="ApiUnit_064_EstConnection_Var2" classname="ApiTests.EstConnection" time="0.190" />
  <testcase name="ApiUnit_065_FetchUserData_Var2" classname="ApiTests.FetchUserData" time="0.190" />
  <testcase name="ApiUnit_066_SyncLocalDatabase_Var2" classname="ApiTests.SyncLocalDatabase" time="0.190" />
  <testcase name="ApiUnit_067_VerifyCacheMemory_Var2" classname="ApiTests.VerifyCacheMemory" time="0.190" />
  <testcase name="ApiUnit_068_RenderDashboardUI_Var2" classname="ApiTests.RenderDashboardUI" time="0.190" />
  <testcase name="ApiUnit_069_TestInputBoundaries_Var2" classname="ApiTests.TestInputBoundaries" time="0.190" />
  <testcase name="ApiUnit_070_CheckPermissions_Var2" classname="ApiTests.CheckPermissions" time="0.190" />
  <testcase name="ApiUnit_071_PerformQueryAction_Var2" classname="ApiTests.PerformQueryAction" time="0.190" />
  <testcase name="ApiUnit_072_RenderResultCards_Var2" classname="ApiTests.RenderResultCards" time="0.190" />
  <testcase name="ApiUnit_073_SaveHistoryEntry_Var2" classname="ApiTests.SaveHistoryEntry" time="0.190" />
  <testcase name="ApiUnit_074_ExportReportData_Var2" classname="ApiTests.ExportReportData" time="0.190" />
  <testcase name="ApiUnit_075_VerifyEncryption_Var2" classname="ApiTests.VerifyEncryption" time="0.190" />
  <testcase name="ApiUnit_076_TriggerNotification_Var2" classname="ApiTests.TriggerNotification" time="0.190" />
  <testcase name="ApiUnit_077_HandleOfflineRedirection_Var2" classname="ApiTests.HandleOfflineRedirection" time="0.190" />
  <testcase name="ApiUnit_078_TestConcurrentSession_Var2" classname="ApiTests.TestConcurrentSession" time="0.190" />
  <testcase name="ApiUnit_079_VerifySecurityHeaders_Var2" classname="ApiTests.VerifySecurityHeaders" time="0.190" />
  <testcase name="ApiUnit_080_CheckMemoryLeak_Var2" classname="ApiTests.CheckMemoryLeak" time="0.190" />
  <testcase name="ApiUnit_081_ExecuteAnalyticsQuery_Var2" classname="ApiTests.ExecuteAnalyticsQuery" time="0.190" />
  <testcase name="ApiUnit_082_TestCSRFToken_Var2" classname="ApiTests.TestCSRFToken" time="0.190" />
  <testcase name="ApiUnit_083_VerifyFileFormatLimits_Var2" classname="ApiTests.VerifyFileFormatLimits" time="0.190" />
  <testcase name="ApiUnit_084_TestRateLimiting_Var2" classname="ApiTests.TestRateLimiting" time="0.190" />
  <testcase name="ApiUnit_085_PerformAutoBackup_Var2" classname="ApiTests.PerformAutoBackup" time="0.190" />
  <testcase name="ApiUnit_086_VerifyObfuscation_Var2" classname="ApiTests.VerifyObfuscation" time="0.190" />
  <testcase name="ApiUnit_087_CheckBatteryDrain_Var2" classname="ApiTests.CheckBatteryDrain" time="0.190" />
  <testcase name="ApiUnit_088_ValidateJSONPayload_Var2" classname="ApiTests.ValidateJSONPayload" time="0.190" />
  <testcase name="ApiUnit_089_ClearSessionOnLogout_Var2" classname="ApiTests.ClearSessionOnLogout" time="0.190" />
  <testcase name="ApiUnit_090_VerifyExitState_Var2" classname="ApiTests.VerifyExitState" time="0.190" />
  <testcase name="ApiUnit_091_InitSystemState_Var3" classname="ApiTests.InitSystemState" time="0.210" />
  <testcase name="ApiUnit_092_ValidateCredentials_Var3" classname="ApiTests.ValidateCredentials" time="0.210" />
  <testcase name="ApiUnit_093_LoadUserConfig_Var3" classname="ApiTests.LoadUserConfig" time="0.210" />
  <testcase name="ApiUnit_094_EstConnection_Var3" classname="ApiTests.EstConnection" time="0.210" />
  <testcase name="ApiUnit_095_FetchUserData_Var3" classname="ApiTests.FetchUserData" time="0.210" />
  <testcase name="ApiUnit_096_SyncLocalDatabase_Var3" classname="ApiTests.SyncLocalDatabase" time="0.210" />
  <testcase name="ApiUnit_097_VerifyCacheMemory_Var3" classname="ApiTests.VerifyCacheMemory" time="0.210" />
  <testcase name="ApiUnit_098_RenderDashboardUI_Var3" classname="ApiTests.RenderDashboardUI" time="0.210" />
  <testcase name="ApiUnit_099_TestInputBoundaries_Var3" classname="ApiTests.TestInputBoundaries" time="0.210" />
  <testcase name="ApiUnit_100_CheckPermissions_Var3" classname="ApiTests.CheckPermissions" time="0.210" />
  <testcase name="ApiUnit_101_PerformQueryAction_Var3" classname="ApiTests.PerformQueryAction" time="0.210" />
  <testcase name="ApiUnit_102_RenderResultCards_Var3" classname="ApiTests.RenderResultCards" time="0.210" />
  <testcase name="ApiUnit_103_SaveHistoryEntry_Var3" classname="ApiTests.SaveHistoryEntry" time="0.210" />
  <testcase name="ApiUnit_104_ExportReportData_Var3" classname="ApiTests.ExportReportData" time="0.210" />
  <testcase name="ApiUnit_105_VerifyEncryption_Var3" classname="ApiTests.VerifyEncryption" time="0.210" />
  <testcase name="ApiUnit_106_TriggerNotification_Var3" classname="ApiTests.TriggerNotification" time="0.210" />
  <testcase name="ApiUnit_107_HandleOfflineRedirection_Var3" classname="ApiTests.HandleOfflineRedirection" time="0.210" />
  <testcase name="ApiUnit_108_TestConcurrentSession_Var3" classname="ApiTests.TestConcurrentSession" time="0.210" />
  <testcase name="ApiUnit_109_VerifySecurityHeaders_Var3" classname="ApiTests.VerifySecurityHeaders" time="0.210" />
  <testcase name="ApiUnit_110_CheckMemoryLeak_Var3" classname="ApiTests.CheckMemoryLeak" time="0.210" />
  <testcase name="ApiUnit_111_ExecuteAnalyticsQuery_Var3" classname="ApiTests.ExecuteAnalyticsQuery" time="0.210" />
  <testcase name="ApiUnit_112_TestCSRFToken_Var3" classname="ApiTests.TestCSRFToken" time="0.210" />
  <testcase name="ApiUnit_113_VerifyFileFormatLimits_Var3" classname="ApiTests.VerifyFileFormatLimits" time="0.210" />
  <testcase name="ApiUnit_114_TestRateLimiting_Var3" classname="ApiTests.TestRateLimiting" time="0.210" />
  <testcase name="ApiUnit_115_PerformAutoBackup_Var3" classname="ApiTests.PerformAutoBackup" time="0.210" />
  <testcase name="ApiUnit_116_VerifyObfuscation_Var3" classname="ApiTests.VerifyObfuscation" time="0.210" />
  <testcase name="ApiUnit_117_CheckBatteryDrain_Var3" classname="ApiTests.CheckBatteryDrain" time="0.210" />
  <testcase name="ApiUnit_118_ValidateJSONPayload_Var3" classname="ApiTests.ValidateJSONPayload" time="0.210" />
  <testcase name="ApiUnit_119_ClearSessionOnLogout_Var3" classname="ApiTests.ClearSessionOnLogout" time="0.210" />
  <testcase name="ApiUnit_120_VerifyExitState_Var3" classname="ApiTests.VerifyExitState" time="0.210" />
  <testcase name="ApiUnit_121_InitSystemState_Var4" classname="ApiTests.InitSystemState" time="0.230" />
  <testcase name="ApiUnit_122_ValidateCredentials_Var4" classname="ApiTests.ValidateCredentials" time="0.230" />
  <testcase name="ApiUnit_123_LoadUserConfig_Var4" classname="ApiTests.LoadUserConfig" time="0.230" />
  <testcase name="ApiUnit_124_EstConnection_Var4" classname="ApiTests.EstConnection" time="0.230" />
  <testcase name="ApiUnit_125_FetchUserData_Var4" classname="ApiTests.FetchUserData" time="0.230" />
  <testcase name="ApiUnit_126_SyncLocalDatabase_Var4" classname="ApiTests.SyncLocalDatabase" time="0.230" />
  <testcase name="ApiUnit_127_VerifyCacheMemory_Var4" classname="ApiTests.VerifyCacheMemory" time="0.230" />
  <testcase name="ApiUnit_128_RenderDashboardUI_Var4" classname="ApiTests.RenderDashboardUI" time="0.230" />
  <testcase name="ApiUnit_129_TestInputBoundaries_Var4" classname="ApiTests.TestInputBoundaries" time="0.230" />
  <testcase name="ApiUnit_130_CheckPermissions_Var4" classname="ApiTests.CheckPermissions" time="0.230" />
  <testcase name="ApiUnit_131_PerformQueryAction_Var4" classname="ApiTests.PerformQueryAction" time="0.230" />
  <testcase name="ApiUnit_132_RenderResultCards_Var4" classname="ApiTests.RenderResultCards" time="0.230" />
  <testcase name="ApiUnit_133_SaveHistoryEntry_Var4" classname="ApiTests.SaveHistoryEntry" time="0.230" />
  <testcase name="ApiUnit_134_ExportReportData_Var4" classname="ApiTests.ExportReportData" time="0.230" />
  <testcase name="ApiUnit_135_VerifyEncryption_Var4" classname="ApiTests.VerifyEncryption" time="0.230" />
  <testcase name="ApiUnit_136_TriggerNotification_Var4" classname="ApiTests.TriggerNotification" time="0.230" />
  <testcase name="ApiUnit_137_HandleOfflineRedirection_Var4" classname="ApiTests.HandleOfflineRedirection" time="0.230" />
  <testcase name="ApiUnit_138_TestConcurrentSession_Var4" classname="ApiTests.TestConcurrentSession" time="0.230" />
  <testcase name="ApiUnit_139_VerifySecurityHeaders_Var4" classname="ApiTests.VerifySecurityHeaders" time="0.230" />
  <testcase name="ApiUnit_140_CheckMemoryLeak_Var4" classname="ApiTests.CheckMemoryLeak" time="0.230" />
  <testcase name="ApiUnit_141_ExecuteAnalyticsQuery_Var4" classname="ApiTests.ExecuteAnalyticsQuery" time="0.230" />
  <testcase name="ApiUnit_142_TestCSRFToken_Var4" classname="ApiTests.TestCSRFToken" time="0.230" />
  <testcase name="ApiUnit_143_VerifyFileFormatLimits_Var4" classname="ApiTests.VerifyFileFormatLimits" time="0.230" />
  <testcase name="ApiUnit_144_TestRateLimiting_Var4" classname="ApiTests.TestRateLimiting" time="0.230" />
  <testcase name="ApiUnit_145_PerformAutoBackup_Var4" classname="ApiTests.PerformAutoBackup" time="0.230" />
  <testcase name="ApiUnit_146_VerifyObfuscation_Var4" classname="ApiTests.VerifyObfuscation" time="0.230" />
  <testcase name="ApiUnit_147_CheckBatteryDrain_Var4" classname="ApiTests.CheckBatteryDrain" time="0.230" />
  <testcase name="ApiUnit_148_ValidateJSONPayload_Var4" classname="ApiTests.ValidateJSONPayload" time="0.230" />
  <testcase name="ApiUnit_149_ClearSessionOnLogout_Var4" classname="ApiTests.ClearSessionOnLogout" time="0.230" />
  <testcase name="ApiUnit_150_VerifyExitState_Var4" classname="ApiTests.VerifyExitState" time="0.230" />
  <testcase name="ApiUnit_151_InitSystemState_Var5" classname="ApiTests.InitSystemState" time="0.250" />
  <testcase name="ApiUnit_152_ValidateCredentials_Var5" classname="ApiTests.ValidateCredentials" time="0.250" />
  <testcase name="ApiUnit_153_LoadUserConfig_Var5" classname="ApiTests.LoadUserConfig" time="0.250" />
  <testcase name="ApiUnit_154_EstConnection_Var5" classname="ApiTests.EstConnection" time="0.250" />
  <testcase name="ApiUnit_155_FetchUserData_Var5" classname="ApiTests.FetchUserData" time="0.250" />
  <testcase name="ApiUnit_156_SyncLocalDatabase_Var5" classname="ApiTests.SyncLocalDatabase" time="0.250" />
  <testcase name="ApiUnit_157_VerifyCacheMemory_Var5" classname="ApiTests.VerifyCacheMemory" time="0.250" />
  <testcase name="ApiUnit_158_RenderDashboardUI_Var5" classname="ApiTests.RenderDashboardUI" time="0.250" />
  <testcase name="ApiUnit_159_TestInputBoundaries_Var5" classname="ApiTests.TestInputBoundaries" time="0.250" />
  <testcase name="ApiUnit_160_CheckPermissions_Var5" classname="ApiTests.CheckPermissions" time="0.250" />
  <testcase name="ApiUnit_161_PerformQueryAction_Var5" classname="ApiTests.PerformQueryAction" time="0.250" />
  <testcase name="ApiUnit_162_RenderResultCards_Var5" classname="ApiTests.RenderResultCards" time="0.250" />
  <testcase name="ApiUnit_163_SaveHistoryEntry_Var5" classname="ApiTests.SaveHistoryEntry" time="0.250" />
  <testcase name="ApiUnit_164_ExportReportData_Var5" classname="ApiTests.ExportReportData" time="0.250" />
  <testcase name="ApiUnit_165_VerifyEncryption_Var5" classname="ApiTests.VerifyEncryption" time="0.250" />
  <testcase name="ApiUnit_166_TriggerNotification_Var5" classname="ApiTests.TriggerNotification" time="0.250" />
  <testcase name="ApiUnit_167_HandleOfflineRedirection_Var5" classname="ApiTests.HandleOfflineRedirection" time="0.250" />
  <testcase name="ApiUnit_168_TestConcurrentSession_Var5" classname="ApiTests.TestConcurrentSession" time="0.250" />
  <testcase name="ApiUnit_169_VerifySecurityHeaders_Var5" classname="ApiTests.VerifySecurityHeaders" time="0.250" />
  <testcase name="ApiUnit_170_CheckMemoryLeak_Var5" classname="ApiTests.CheckMemoryLeak" time="0.250" />
  <testcase name="ApiUnit_171_ExecuteAnalyticsQuery_Var5" classname="ApiTests.ExecuteAnalyticsQuery" time="0.250" />
  <testcase name="ApiUnit_172_TestCSRFToken_Var5" classname="ApiTests.TestCSRFToken" time="0.250" />
  <testcase name="ApiUnit_173_VerifyFileFormatLimits_Var5" classname="ApiTests.VerifyFileFormatLimits" time="0.250" />
  <testcase name="ApiUnit_174_TestRateLimiting_Var5" classname="ApiTests.TestRateLimiting" time="0.250" />
  <testcase name="ApiUnit_175_PerformAutoBackup_Var5" classname="ApiTests.PerformAutoBackup" time="0.250" />
  <testcase name="ApiUnit_176_VerifyObfuscation_Var5" classname="ApiTests.VerifyObfuscation" time="0.250" />
  <testcase name="ApiUnit_177_CheckBatteryDrain_Var5" classname="ApiTests.CheckBatteryDrain" time="0.250" />
  <testcase name="ApiUnit_178_ValidateJSONPayload_Var5" classname="ApiTests.ValidateJSONPayload" time="0.250" />
  <testcase name="ApiUnit_179_ClearSessionOnLogout_Var5" classname="ApiTests.ClearSessionOnLogout" time="0.250" />
  <testcase name="ApiUnit_180_VerifyExitState_Var5" classname="ApiTests.VerifyExitState" time="0.250" />
  <testcase name="ApiUnit_181_InitSystemState_Var6" classname="ApiTests.InitSystemState" time="0.270" />
  <testcase name="ApiUnit_182_ValidateCredentials_Var6" classname="ApiTests.ValidateCredentials" time="0.270" />
  <testcase name="ApiUnit_183_LoadUserConfig_Var6" classname="ApiTests.LoadUserConfig" time="0.270" />
  <testcase name="ApiUnit_184_EstConnection_Var6" classname="ApiTests.EstConnection" time="0.270" />
  <testcase name="ApiUnit_185_FetchUserData_Var6" classname="ApiTests.FetchUserData" time="0.270" />
  <testcase name="ApiUnit_186_SyncLocalDatabase_Var6" classname="ApiTests.SyncLocalDatabase" time="0.270" />
  <testcase name="ApiUnit_187_VerifyCacheMemory_Var6" classname="ApiTests.VerifyCacheMemory" time="0.270" />
  <testcase name="ApiUnit_188_RenderDashboardUI_Var6" classname="ApiTests.RenderDashboardUI" time="0.270" />
  <testcase name="ApiUnit_189_TestInputBoundaries_Var6" classname="ApiTests.TestInputBoundaries" time="0.270" />
  <testcase name="ApiUnit_190_CheckPermissions_Var6" classname="ApiTests.CheckPermissions" time="0.270" />
  <testcase name="ApiUnit_191_PerformQueryAction_Var6" classname="ApiTests.PerformQueryAction" time="0.270" />
  <testcase name="ApiUnit_192_RenderResultCards_Var6" classname="ApiTests.RenderResultCards" time="0.270" />
  <testcase name="ApiUnit_193_SaveHistoryEntry_Var6" classname="ApiTests.SaveHistoryEntry" time="0.270" />
  <testcase name="ApiUnit_194_ExportReportData_Var6" classname="ApiTests.ExportReportData" time="0.270" />
  <testcase name="ApiUnit_195_VerifyEncryption_Var6" classname="ApiTests.VerifyEncryption" time="0.270" />
  <testcase name="ApiUnit_196_TriggerNotification_Var6" classname="ApiTests.TriggerNotification" time="0.270" />
  <testcase name="ApiUnit_197_HandleOfflineRedirection_Var6" classname="ApiTests.HandleOfflineRedirection" time="0.270" />
  <testcase name="ApiUnit_198_TestConcurrentSession_Var6" classname="ApiTests.TestConcurrentSession" time="0.270" />
  <testcase name="ApiUnit_199_VerifySecurityHeaders_Var6" classname="ApiTests.VerifySecurityHeaders" time="0.270" />
  <testcase name="ApiUnit_200_CheckMemoryLeak_Var6" classname="ApiTests.CheckMemoryLeak" time="0.270" />
  <testcase name="ApiUnit_201_ExecuteAnalyticsQuery_Var6" classname="ApiTests.ExecuteAnalyticsQuery" time="0.270" />
  <testcase name="ApiUnit_202_TestCSRFToken_Var6" classname="ApiTests.TestCSRFToken" time="0.270" />
  <testcase name="ApiUnit_203_VerifyFileFormatLimits_Var6" classname="ApiTests.VerifyFileFormatLimits" time="0.270" />
  <testcase name="ApiUnit_204_TestRateLimiting_Var6" classname="ApiTests.TestRateLimiting" time="0.270" />
  <testcase name="ApiUnit_205_PerformAutoBackup_Var6" classname="ApiTests.PerformAutoBackup" time="0.270" />
  <testcase name="ApiUnit_206_VerifyObfuscation_Var6" classname="ApiTests.VerifyObfuscation" time="0.270" />
  <testcase name="ApiUnit_207_CheckBatteryDrain_Var6" classname="ApiTests.CheckBatteryDrain" time="0.270" />
  <testcase name="ApiUnit_208_ValidateJSONPayload_Var6" classname="ApiTests.ValidateJSONPayload" time="0.270" />
  <testcase name="ApiUnit_209_ClearSessionOnLogout_Var6" classname="ApiTests.ClearSessionOnLogout" time="0.270" />
  <testcase name="ApiUnit_210_VerifyExitState_Var6" classname="ApiTests.VerifyExitState" time="0.270" />
  <testcase name="ApiUnit_211_InitSystemState_Var7" classname="ApiTests.InitSystemState" time="0.290" />
  <testcase name="ApiUnit_212_ValidateCredentials_Var7" classname="ApiTests.ValidateCredentials" time="0.290" />
  <testcase name="ApiUnit_213_LoadUserConfig_Var7" classname="ApiTests.LoadUserConfig" time="0.290" />
  <testcase name="ApiUnit_214_EstConnection_Var7" classname="ApiTests.EstConnection" time="0.290" />
  <testcase name="ApiUnit_215_FetchUserData_Var7" classname="ApiTests.FetchUserData" time="0.290" />
  <testcase name="ApiUnit_216_SyncLocalDatabase_Var7" classname="ApiTests.SyncLocalDatabase" time="0.290" />
  <testcase name="ApiUnit_217_VerifyCacheMemory_Var7" classname="ApiTests.VerifyCacheMemory" time="0.290" />
  <testcase name="ApiUnit_218_RenderDashboardUI_Var7" classname="ApiTests.RenderDashboardUI" time="0.290" />
  <testcase name="ApiUnit_219_TestInputBoundaries_Var7" classname="ApiTests.TestInputBoundaries" time="0.290" />
  <testcase name="ApiUnit_220_CheckPermissions_Var7" classname="ApiTests.CheckPermissions" time="0.290" />
  <testcase name="ApiUnit_221_PerformQueryAction_Var7" classname="ApiTests.PerformQueryAction" time="0.290" />
  <testcase name="ApiUnit_222_RenderResultCards_Var7" classname="ApiTests.RenderResultCards" time="0.290" />
  <testcase name="ApiUnit_223_SaveHistoryEntry_Var7" classname="ApiTests.SaveHistoryEntry" time="0.290" />
  <testcase name="ApiUnit_224_ExportReportData_Var7" classname="ApiTests.ExportReportData" time="0.290" />
  <testcase name="ApiUnit_225_VerifyEncryption_Var7" classname="ApiTests.VerifyEncryption" time="0.290" />
  <testcase name="ApiUnit_226_TriggerNotification_Var7" classname="ApiTests.TriggerNotification" time="0.290" />
  <testcase name="ApiUnit_227_HandleOfflineRedirection_Var7" classname="ApiTests.HandleOfflineRedirection" time="0.290" />
  <testcase name="ApiUnit_228_TestConcurrentSession_Var7" classname="ApiTests.TestConcurrentSession" time="0.290" />
  <testcase name="ApiUnit_229_VerifySecurityHeaders_Var7" classname="ApiTests.VerifySecurityHeaders" time="0.290" />
  <testcase name="ApiUnit_230_CheckMemoryLeak_Var7" classname="ApiTests.CheckMemoryLeak" time="0.290" />
  <testcase name="ApiUnit_231_ExecuteAnalyticsQuery_Var7" classname="ApiTests.ExecuteAnalyticsQuery" time="0.290" />
  <testcase name="ApiUnit_232_TestCSRFToken_Var7" classname="ApiTests.TestCSRFToken" time="0.290" />
  <testcase name="ApiUnit_233_VerifyFileFormatLimits_Var7" classname="ApiTests.VerifyFileFormatLimits" time="0.290" />
  <testcase name="ApiUnit_234_TestRateLimiting_Var7" classname="ApiTests.TestRateLimiting" time="0.290" />
  <testcase name="ApiUnit_235_PerformAutoBackup_Var7" classname="ApiTests.PerformAutoBackup" time="0.290" />
  <testcase name="ApiUnit_236_VerifyObfuscation_Var7" classname="ApiTests.VerifyObfuscation" time="0.290" />
  <testcase name="ApiUnit_237_CheckBatteryDrain_Var7" classname="ApiTests.CheckBatteryDrain" time="0.290" />
  <testcase name="ApiUnit_238_ValidateJSONPayload_Var7" classname="ApiTests.ValidateJSONPayload" time="0.290" />
  <testcase name="ApiUnit_239_ClearSessionOnLogout_Var7" classname="ApiTests.ClearSessionOnLogout" time="0.290" />
  <testcase name="ApiUnit_240_VerifyExitState_Var7" classname="ApiTests.VerifyExitState" time="0.290" />
  <testcase name="ApiUnit_241_InitSystemState_Var8" classname="ApiTests.InitSystemState" time="0.310" />
  <testcase name="ApiUnit_242_ValidateCredentials_Var8" classname="ApiTests.ValidateCredentials" time="0.310" />
  <testcase name="ApiUnit_243_LoadUserConfig_Var8" classname="ApiTests.LoadUserConfig" time="0.310" />
  <testcase name="ApiUnit_244_EstConnection_Var8" classname="ApiTests.EstConnection" time="0.310" />
  <testcase name="ApiUnit_245_FetchUserData_Var8" classname="ApiTests.FetchUserData" time="0.310" />
  <testcase name="ApiUnit_246_SyncLocalDatabase_Var8" classname="ApiTests.SyncLocalDatabase" time="0.310" />
  <testcase name="ApiUnit_247_VerifyCacheMemory_Var8" classname="ApiTests.VerifyCacheMemory" time="0.310" />
  <testcase name="ApiUnit_248_RenderDashboardUI_Var8" classname="ApiTests.RenderDashboardUI" time="0.310" />
  <testcase name="ApiUnit_249_TestInputBoundaries_Var8" classname="ApiTests.TestInputBoundaries" time="0.310" />
  <testcase name="ApiUnit_250_CheckPermissions_Var8" classname="ApiTests.CheckPermissions" time="0.310" />
  <testcase name="ApiUnit_251_PerformQueryAction_Var8" classname="ApiTests.PerformQueryAction" time="0.310" />
  <testcase name="ApiUnit_252_RenderResultCards_Var8" classname="ApiTests.RenderResultCards" time="0.310" />
  <testcase name="ApiUnit_253_SaveHistoryEntry_Var8" classname="ApiTests.SaveHistoryEntry" time="0.310" />
  <testcase name="ApiUnit_254_ExportReportData_Var8" classname="ApiTests.ExportReportData" time="0.310" />
  <testcase name="ApiUnit_255_VerifyEncryption_Var8" classname="ApiTests.VerifyEncryption" time="0.310" />
  <testcase name="ApiUnit_256_TriggerNotification_Var8" classname="ApiTests.TriggerNotification" time="0.310" />
  <testcase name="ApiUnit_257_HandleOfflineRedirection_Var8" classname="ApiTests.HandleOfflineRedirection" time="0.310" />
  <testcase name="ApiUnit_258_TestConcurrentSession_Var8" classname="ApiTests.TestConcurrentSession" time="0.310" />
  <testcase name="ApiUnit_259_VerifySecurityHeaders_Var8" classname="ApiTests.VerifySecurityHeaders" time="0.310" />
  <testcase name="ApiUnit_260_CheckMemoryLeak_Var8" classname="ApiTests.CheckMemoryLeak" time="0.310" />
  <testcase name="ApiUnit_261_ExecuteAnalyticsQuery_Var8" classname="ApiTests.ExecuteAnalyticsQuery" time="0.310" />
  <testcase name="ApiUnit_262_TestCSRFToken_Var8" classname="ApiTests.TestCSRFToken" time="0.310" />
  <testcase name="ApiUnit_263_VerifyFileFormatLimits_Var8" classname="ApiTests.VerifyFileFormatLimits" time="0.310" />
  <testcase name="ApiUnit_264_TestRateLimiting_Var8" classname="ApiTests.TestRateLimiting" time="0.310" />
  <testcase name="ApiUnit_265_PerformAutoBackup_Var8" classname="ApiTests.PerformAutoBackup" time="0.310" />
  <testcase name="ApiUnit_266_VerifyObfuscation_Var8" classname="ApiTests.VerifyObfuscation" time="0.310" />
  <testcase name="ApiUnit_267_CheckBatteryDrain_Var8" classname="ApiTests.CheckBatteryDrain" time="0.310" />
  <testcase name="ApiUnit_268_ValidateJSONPayload_Var8" classname="ApiTests.ValidateJSONPayload" time="0.310" />
  <testcase name="ApiUnit_269_ClearSessionOnLogout_Var8" classname="ApiTests.ClearSessionOnLogout" time="0.310" />
  <testcase name="ApiUnit_270_VerifyExitState_Var8" classname="ApiTests.VerifyExitState" time="0.310" />
  <testcase name="ApiUnit_271_InitSystemState_Var9" classname="ApiTests.InitSystemState" time="0.330" />
  <testcase name="ApiUnit_272_ValidateCredentials_Var9" classname="ApiTests.ValidateCredentials" time="0.330" />
  <testcase name="ApiUnit_273_LoadUserConfig_Var9" classname="ApiTests.LoadUserConfig" time="0.330" />
  <testcase name="ApiUnit_274_EstConnection_Var9" classname="ApiTests.EstConnection" time="0.330" />
  <testcase name="ApiUnit_275_FetchUserData_Var9" classname="ApiTests.FetchUserData" time="0.330" />
  <testcase name="ApiUnit_276_SyncLocalDatabase_Var9" classname="ApiTests.SyncLocalDatabase" time="0.330" />
  <testcase name="ApiUnit_277_VerifyCacheMemory_Var9" classname="ApiTests.VerifyCacheMemory" time="0.330" />
  <testcase name="ApiUnit_278_RenderDashboardUI_Var9" classname="ApiTests.RenderDashboardUI" time="0.330" />
  <testcase name="ApiUnit_279_TestInputBoundaries_Var9" classname="ApiTests.TestInputBoundaries" time="0.330" />
  <testcase name="ApiUnit_280_CheckPermissions_Var9" classname="ApiTests.CheckPermissions" time="0.330" />
  <testcase name="ApiUnit_281_PerformQueryAction_Var9" classname="ApiTests.PerformQueryAction" time="0.330" />
  <testcase name="ApiUnit_282_RenderResultCards_Var9" classname="ApiTests.RenderResultCards" time="0.330" />
  <testcase name="ApiUnit_283_SaveHistoryEntry_Var9" classname="ApiTests.SaveHistoryEntry" time="0.330" />
  <testcase name="ApiUnit_284_ExportReportData_Var9" classname="ApiTests.ExportReportData" time="0.330" />
  <testcase name="ApiUnit_285_VerifyEncryption_Var9" classname="ApiTests.VerifyEncryption" time="0.330" />
  <testcase name="ApiUnit_286_TriggerNotification_Var9" classname="ApiTests.TriggerNotification" time="0.330" />
  <testcase name="ApiUnit_287_HandleOfflineRedirection_Var9" classname="ApiTests.HandleOfflineRedirection" time="0.330" />
  <testcase name="ApiUnit_288_TestConcurrentSession_Var9" classname="ApiTests.TestConcurrentSession" time="0.330" />
  <testcase name="ApiUnit_289_VerifySecurityHeaders_Var9" classname="ApiTests.VerifySecurityHeaders" time="0.330" />
  <testcase name="ApiUnit_290_CheckMemoryLeak_Var9" classname="ApiTests.CheckMemoryLeak" time="0.330" />
  <testcase name="ApiUnit_291_ExecuteAnalyticsQuery_Var9" classname="ApiTests.ExecuteAnalyticsQuery" time="0.330" />
  <testcase name="ApiUnit_292_TestCSRFToken_Var9" classname="ApiTests.TestCSRFToken" time="0.330" />
  <testcase name="ApiUnit_293_VerifyFileFormatLimits_Var9" classname="ApiTests.VerifyFileFormatLimits" time="0.330" />
  <testcase name="ApiUnit_294_TestRateLimiting_Var9" classname="ApiTests.TestRateLimiting" time="0.330" />
  <testcase name="ApiUnit_295_PerformAutoBackup_Var9" classname="ApiTests.PerformAutoBackup" time="0.330" />
  <testcase name="ApiUnit_296_VerifyObfuscation_Var9" classname="ApiTests.VerifyObfuscation" time="0.330" />
  <testcase name="ApiUnit_297_CheckBatteryDrain_Var9" classname="ApiTests.CheckBatteryDrain" time="0.330" />
  <testcase name="ApiUnit_298_ValidateJSONPayload_Var9" classname="ApiTests.ValidateJSONPayload" time="0.330" />
  <testcase name="ApiUnit_299_ClearSessionOnLogout_Var9" classname="ApiTests.ClearSessionOnLogout" time="0.330" />
  <testcase name="ApiUnit_300_VerifyExitState_Var9" classname="ApiTests.VerifyExitState" time="0.330" />
</testsuite>