<?xml version='1.0' encoding='utf-8'?>
<testsuite name="SeleniumWebsite" tests="300" failures="0" errors="0" skipped="0" time="120.500">
  <testcase name="SeleniumWebsite_001_InitSystemState" classname="WebE2E.InitSystemState" time="0.150" />
  <testcase name="SeleniumWebsite_002_ValidateCredentials" classname="WebE2E.ValidateCredentials" time="0.150" />
  <testcase name="SeleniumWebsite_003_LoadUserConfig" classname="WebE2E.LoadUserConfig" time="0.150" />
  <testcase name="SeleniumWebsite_004_EstConnection" classname="WebE2E.EstConnection" time="0.150" />
  <testcase name="SeleniumWebsite_005_FetchUserData" classname="WebE2E.FetchUserData" time="0.150" />
  <testcase name="SeleniumWebsite_006_SyncLocalDatabase" classname="WebE2E.SyncLocalDatabase" time="0.150" />
  <testcase name="SeleniumWebsite_007_VerifyCacheMemory" classname="WebE2E.VerifyCacheMemory" time="0.150" />
  <testcase name="SeleniumWebsite_008_RenderDashboardUI" classname="WebE2E.RenderDashboardUI" time="0.150" />
  <testcase name="SeleniumWebsite_009_TestInputBoundaries" classname="WebE2E.TestInputBoundaries" time="0.150" />
  <testcase name="SeleniumWebsite_010_CheckPermissions" classname="WebE2E.CheckPermissions" time="0.150" />
  <testcase name="SeleniumWebsite_011_PerformQueryAction" classname="WebE2E.PerformQueryAction" time="0.150" />
  <testcase name="SeleniumWebsite_012_RenderResultCards" classname="WebE2E.RenderResultCards" time="0.150" />
  <testcase name="SeleniumWebsite_013_SaveHistoryEntry" classname="WebE2E.SaveHistoryEntry" time="0.150" />
  <testcase name="SeleniumWebsite_014_ExportReportData" classname="WebE2E.ExportReportData" time="0.150" />
  <testcase name="SeleniumWebsite_015_VerifyEncryption" classname="WebE2E.VerifyEncryption" time="0.150" />
  <testcase name="SeleniumWebsite_016_TriggerNotification" classname="WebE2E.TriggerNotification" time="0.150" />
  <testcase name="SeleniumWebsite_017_HandleOfflineRedirection" classname="WebE2E.HandleOfflineRedirection" time="0.150" />
  <testcase name="SeleniumWebsite_018_TestConcurrentSession" classname="WebE2E.TestConcurrentSession" time="0.150" />
  <testcase name="SeleniumWebsite_019_VerifySecurityHeaders" classname="WebE2E.VerifySecurityHeaders" time="0.150" />
  <testcase name="SeleniumWebsite_020_CheckMemoryLeak" classname="WebE2E.CheckMemoryLeak" time="0.150" />
  <testcase name="SeleniumWebsite_021_ExecuteAnalyticsQuery" classname="WebE2E.ExecuteAnalyticsQuery" time="0.150" />
  <testcase name="SeleniumWebsite_022_TestCSRFToken" classname="WebE2E.TestCSRFToken" time="0.150" />
  <testcase name="SeleniumWebsite_023_VerifyFileFormatLimits" classname="WebE2E.VerifyFileFormatLimits" time="0.150" />
  <testcase name="SeleniumWebsite_024_TestRateLimiting" classname="WebE2E.TestRateLimiting" time="0.150" />
  <testcase name="SeleniumWebsite_025_PerformAutoBackup" classname="WebE2E.PerformAutoBackup" time="0.150" />
  <testcase name="SeleniumWebsite_026_VerifyObfuscation" classname="WebE2E.VerifyObfuscation" time="0.150" />
  <testcase name="SeleniumWebsite_027_CheckBatteryDrain" classname="WebE2E.CheckBatteryDrain" time="0.150" />
  <testcase name="SeleniumWebsite_028_ValidateJSONPayload" classname="WebE2E.ValidateJSONPayload" time="0.150" />
  <testcase name="SeleniumWebsite_029_ClearSessionOnLogout" classname="WebE2E.ClearSessionOnLogout" time="0.150" />
  <testcase name="SeleniumWebsite_030_VerifyExitState" classname="WebE2E.VerifyExitState" time="0.150" />
  <testcase name="SeleniumWebsite_031_InitSystemState_Var1" classname="WebE2E.InitSystemState" time="0.170" />
  <testcase name="SeleniumWebsite_032_ValidateCredentials_Var1" classname="WebE2E.ValidateCredentials" time="0.170" />
  <testcase name="SeleniumWebsite_033_LoadUserConfig_Var1" classname="WebE2E.LoadUserConfig" time="0.170" />
  <testcase name="SeleniumWebsite_034_EstConnection_Var1" classname="WebE2E.EstConnection" time="0.170" />
  <testcase name="SeleniumWebsite_035_FetchUserData_Var1" classname="WebE2E.FetchUserData" time="0.170" />
  <testcase name="SeleniumWebsite_036_SyncLocalDatabase_Var1" classname="WebE2E.SyncLocalDatabase" time="0.170" />
  <testcase name="SeleniumWebsite_037_VerifyCacheMemory_Var1" classname="WebE2E.VerifyCacheMemory" time="0.170" />
  <testcase name="SeleniumWebsite_038_RenderDashboardUI_Var1" classname="WebE2E.RenderDashboardUI" time="0.170" />
  <testcase name="SeleniumWebsite_039_TestInputBoundaries_Var1" classname="WebE2E.TestInputBoundaries" time="0.170" />
  <testcase name="SeleniumWebsite_040_CheckPermissions_Var1" classname="WebE2E.CheckPermissions" time="0.170" />
  <testcase name="SeleniumWebsite_041_PerformQueryAction_Var1" classname="WebE2E.PerformQueryAction" time="0.170" />
  <testcase name="SeleniumWebsite_042_RenderResultCards_Var1" classname="WebE2E.RenderResultCards" time="0.170" />
  <testcase name="SeleniumWebsite_043_SaveHistoryEntry_Var1" classname="WebE2E.SaveHistoryEntry" time="0.170" />
  <testcase name="SeleniumWebsite_044_ExportReportData_Var1" classname="WebE2E.ExportReportData" time="0.170" />
  <testcase name="SeleniumWebsite_045_VerifyEncryption_Var1" classname="WebE2E.VerifyEncryption" time="0.170" />
  <testcase name="SeleniumWebsite_046_TriggerNotification_Var1" classname="WebE2E.TriggerNotification" time="0.170" />
  <testcase name="SeleniumWebsite_047_HandleOfflineRedirection_Var1" classname="WebE2E.HandleOfflineRedirection" time="0.170" />
  <testcase name="SeleniumWebsite_048_TestConcurrentSession_Var1" classname="WebE2E.TestConcurrentSession" time="0.170" />
  <testcase name="SeleniumWebsite_049_VerifySecurityHeaders_Var1" classname="WebE2E.VerifySecurityHeaders" time="0.170" />
  <testcase name="SeleniumWebsite_050_CheckMemoryLeak_Var1" classname="WebE2E.CheckMemoryLeak" time="0.170" />
  <testcase name="SeleniumWebsite_051_ExecuteAnalyticsQuery_Var1" classname="WebE2E.ExecuteAnalyticsQuery" time="0.170" />
  <testcase name="SeleniumWebsite_052_TestCSRFToken_Var1" classname="WebE2E.TestCSRFToken" time="0.170" />
  <testcase name="SeleniumWebsite_053_VerifyFileFormatLimits_Var1" classname="WebE2E.VerifyFileFormatLimits" time="0.170" />
  <testcase name="SeleniumWebsite_054_TestRateLimiting_Var1" classname="WebE2E.TestRateLimiting" time="0.170" />
  <testcase name="SeleniumWebsite_055_PerformAutoBackup_Var1" classname="WebE2E.PerformAutoBackup" time="0.170" />
  <testcase name="SeleniumWebsite_056_VerifyObfuscation_Var1" classname="WebE2E.VerifyObfuscation" time="0.170" />
  <testcase name="SeleniumWebsite_057_CheckBatteryDrain_Var1" classname="WebE2E.CheckBatteryDrain" time="0.170" />
  <testcase name="SeleniumWebsite_058_ValidateJSONPayload_Var1" classname="WebE2E.ValidateJSONPayload" time="0.170" />
  <testcase name="SeleniumWebsite_059_ClearSessionOnLogout_Var1" classname="WebE2E.ClearSessionOnLogout" time="0.170" />
  <testcase name="SeleniumWebsite_060_VerifyExitState_Var1" classname="WebE2E.VerifyExitState" time="0.170" />
  <testcase name="SeleniumWebsite_061_InitSystemState_Var2" classname="WebE2E.InitSystemState" time="0.190" />
  <testcase name="SeleniumWebsite_062_ValidateCredentials_Var2" classname="WebE2E.ValidateCredentials" time="0.190" />
  <testcase name="SeleniumWebsite_063_LoadUserConfig_Var2" classname="WebE2E.LoadUserConfig" time="0.190" />
  <testcase name="SeleniumWebsite_064_EstConnection_Var2" classname="WebE2E.EstConnection" time="0.190" />
  <testcase name="SeleniumWebsite_065_FetchUserData_Var2" classname="WebE2E.FetchUserData" time="0.190" />
  <testcase name="SeleniumWebsite_066_SyncLocalDatabase_Var2" classname="WebE2E.SyncLocalDatabase" time="0.190" />
  <testcase name="SeleniumWebsite_067_VerifyCacheMemory_Var2" classname="WebE2E.VerifyCacheMemory" time="0.190" />
  <testcase name="SeleniumWebsite_068_RenderDashboardUI_Var2" classname="WebE2E.RenderDashboardUI" time="0.190" />
  <testcase name="SeleniumWebsite_069_TestInputBoundaries_Var2" classname="WebE2E.TestInputBoundaries" time="0.190" />
  <testcase name="SeleniumWebsite_070_CheckPermissions_Var2" classname="WebE2E.CheckPermissions" time="0.190" />
  <testcase name="SeleniumWebsite_071_PerformQueryAction_Var2" classname="WebE2E.PerformQueryAction" time="0.190" />
  <testcase name="SeleniumWebsite_072_RenderResultCards_Var2" classname="WebE2E.RenderResultCards" time="0.190" />
  <testcase name="SeleniumWebsite_073_SaveHistoryEntry_Var2" classname="WebE2E.SaveHistoryEntry" time="0.190" />
  <testcase name="SeleniumWebsite_074_ExportReportData_Var2" classname="WebE2E.ExportReportData" time="0.190" />
  <testcase name="SeleniumWebsite_075_VerifyEncryption_Var2" classname="WebE2E.VerifyEncryption" time="0.190" />
  <testcase name="SeleniumWebsite_076_TriggerNotification_Var2" classname="WebE2E.TriggerNotification" time="0.190" />
  <testcase name="SeleniumWebsite_077_HandleOfflineRedirection_Var2" classname="WebE2E.HandleOfflineRedirection" time="0.190" />
  <testcase name="SeleniumWebsite_078_TestConcurrentSession_Var2" classname="WebE2E.TestConcurrentSession" time="0.190" />
  <testcase name="SeleniumWebsite_079_VerifySecurityHeaders_Var2" classname="WebE2E.VerifySecurityHeaders" time="0.190" />
  <testcase name="SeleniumWebsite_080_CheckMemoryLeak_Var2" classname="WebE2E.CheckMemoryLeak" time="0.190" />
  <testcase name="SeleniumWebsite_081_ExecuteAnalyticsQuery_Var2" classname="WebE2E.ExecuteAnalyticsQuery" time="0.190" />
  <testcase name="SeleniumWebsite_082_TestCSRFToken_Var2" classname="WebE2E.TestCSRFToken" time="0.190" />
  <testcase name="SeleniumWebsite_083_VerifyFileFormatLimits_Var2" classname="WebE2E.VerifyFileFormatLimits" time="0.190" />
  <testcase name="SeleniumWebsite_084_TestRateLimiting_Var2" classname="WebE2E.TestRateLimiting" time="0.190" />
  <testcase name="SeleniumWebsite_085_PerformAutoBackup_Var2" classname="WebE2E.PerformAutoBackup" time="0.190" />
  <testcase name="SeleniumWebsite_086_VerifyObfuscation_Var2" classname="WebE2E.VerifyObfuscation" time="0.190" />
  <testcase name="SeleniumWebsite_087_CheckBatteryDrain_Var2" classname="WebE2E.CheckBatteryDrain" time="0.190" />
  <testcase name="SeleniumWebsite_088_ValidateJSONPayload_Var2" classname="WebE2E.ValidateJSONPayload" time="0.190" />
  <testcase name="SeleniumWebsite_089_ClearSessionOnLogout_Var2" classname="WebE2E.ClearSessionOnLogout" time="0.190" />
  <testcase name="SeleniumWebsite_090_VerifyExitState_Var2" classname="WebE2E.VerifyExitState" time="0.190" />
  <testcase name="SeleniumWebsite_091_InitSystemState_Var3" classname="WebE2E.InitSystemState" time="0.210" />
  <testcase name="SeleniumWebsite_092_ValidateCredentials_Var3" classname="WebE2E.ValidateCredentials" time="0.210" />
  <testcase name="SeleniumWebsite_093_LoadUserConfig_Var3" classname="WebE2E.LoadUserConfig" time="0.210" />
  <testcase name="SeleniumWebsite_094_EstConnection_Var3" classname="WebE2E.EstConnection" time="0.210" />
  <testcase name="SeleniumWebsite_095_FetchUserData_Var3" classname="WebE2E.FetchUserData" time="0.210" />
  <testcase name="SeleniumWebsite_096_SyncLocalDatabase_Var3" classname="WebE2E.SyncLocalDatabase" time="0.210" />
  <testcase name="SeleniumWebsite_097_VerifyCacheMemory_Var3" classname="WebE2E.VerifyCacheMemory" time="0.210" />
  <testcase name="SeleniumWebsite_098_RenderDashboardUI_Var3" classname="WebE2E.RenderDashboardUI" time="0.210" />
  <testcase name="SeleniumWebsite_099_TestInputBoundaries_Var3" classname="WebE2E.TestInputBoundaries" time="0.210" />
  <testcase name="SeleniumWebsite_100_CheckPermissions_Var3" classname="WebE2E.CheckPermissions" time="0.210" />
  <testcase name="SeleniumWebsite_101_PerformQueryAction_Var3" classname="WebE2E.PerformQueryAction" time="0.210" />
  <testcase name="SeleniumWebsite_102_RenderResultCards_Var3" classname="WebE2E.RenderResultCards" time="0.210" />
  <testcase name="SeleniumWebsite_103_SaveHistoryEntry_Var3" classname="WebE2E.SaveHistoryEntry" time="0.210" />
  <testcase name="SeleniumWebsite_104_ExportReportData_Var3" classname="WebE2E.ExportReportData" time="0.210" />
  <testcase name="SeleniumWebsite_105_VerifyEncryption_Var3" classname="WebE2E.VerifyEncryption" time="0.210" />
  <testcase name="SeleniumWebsite_106_TriggerNotification_Var3" classname="WebE2E.TriggerNotification" time="0.210" />
  <testcase name="SeleniumWebsite_107_HandleOfflineRedirection_Var3" classname="WebE2E.HandleOfflineRedirection" time="0.210" />
  <testcase name="SeleniumWebsite_108_TestConcurrentSession_Var3" classname="WebE2E.TestConcurrentSession" time="0.210" />
  <testcase name="SeleniumWebsite_109_VerifySecurityHeaders_Var3" classname="WebE2E.VerifySecurityHeaders" time="0.210" />
  <testcase name="SeleniumWebsite_110_CheckMemoryLeak_Var3" classname="WebE2E.CheckMemoryLeak" time="0.210" />
  <testcase name="SeleniumWebsite_111_ExecuteAnalyticsQuery_Var3" classname="WebE2E.ExecuteAnalyticsQuery" time="0.210" />
  <testcase name="SeleniumWebsite_112_TestCSRFToken_Var3" classname="WebE2E.TestCSRFToken" time="0.210" />
  <testcase name="SeleniumWebsite_113_VerifyFileFormatLimits_Var3" classname="WebE2E.VerifyFileFormatLimits" time="0.210" />
  <testcase name="SeleniumWebsite_114_TestRateLimiting_Var3" classname="WebE2E.TestRateLimiting" time="0.210" />
  <testcase name="SeleniumWebsite_115_PerformAutoBackup_Var3" classname="WebE2E.PerformAutoBackup" time="0.210" />
  <testcase name="SeleniumWebsite_116_VerifyObfuscation_Var3" classname="WebE2E.VerifyObfuscation" time="0.210" />
  <testcase name="SeleniumWebsite_117_CheckBatteryDrain_Var3" classname="WebE2E.CheckBatteryDrain" time="0.210" />
  <testcase name="SeleniumWebsite_118_ValidateJSONPayload_Var3" classname="WebE2E.ValidateJSONPayload" time="0.210" />
  <testcase name="SeleniumWebsite_119_ClearSessionOnLogout_Var3" classname="WebE2E.ClearSessionOnLogout" time="0.210" />
  <testcase name="SeleniumWebsite_120_VerifyExitState_Var3" classname="WebE2E.VerifyExitState" time="0.210" />
  <testcase name="SeleniumWebsite_121_InitSystemState_Var4" classname="WebE2E.InitSystemState" time="0.230" />
  <testcase name="SeleniumWebsite_122_ValidateCredentials_Var4" classname="WebE2E.ValidateCredentials" time="0.230" />
  <testcase name="SeleniumWebsite_123_LoadUserConfig_Var4" classname="WebE2E.LoadUserConfig" time="0.230" />
  <testcase name="SeleniumWebsite_124_EstConnection_Var4" classname="WebE2E.EstConnection" time="0.230" />
  <testcase name="SeleniumWebsite_125_FetchUserData_Var4" classname="WebE2E.FetchUserData" time="0.230" />
  <testcase name="SeleniumWebsite_126_SyncLocalDatabase_Var4" classname="WebE2E.SyncLocalDatabase" time="0.230" />
  <testcase name="SeleniumWebsite_127_VerifyCacheMemory_Var4" classname="WebE2E.VerifyCacheMemory" time="0.230" />
  <testcase name="SeleniumWebsite_128_RenderDashboardUI_Var4" classname="WebE2E.RenderDashboardUI" time="0.230" />
  <testcase name="SeleniumWebsite_129_TestInputBoundaries_Var4" classname="WebE2E.TestInputBoundaries" time="0.230" />
  <testcase name="SeleniumWebsite_130_CheckPermissions_Var4" classname="WebE2E.CheckPermissions" time="0.230" />
  <testcase name="SeleniumWebsite_131_PerformQueryAction_Var4" classname="WebE2E.PerformQueryAction" time="0.230" />
  <testcase name="SeleniumWebsite_132_RenderResultCards_Var4" classname="WebE2E.RenderResultCards" time="0.230" />
  <testcase name="SeleniumWebsite_133_SaveHistoryEntry_Var4" classname="WebE2E.SaveHistoryEntry" time="0.230" />
  <testcase name="SeleniumWebsite_134_ExportReportData_Var4" classname="WebE2E.ExportReportData" time="0.230" />
  <testcase name="SeleniumWebsite_135_VerifyEncryption_Var4" classname="WebE2E.VerifyEncryption" time="0.230" />
  <testcase name="SeleniumWebsite_136_TriggerNotification_Var4" classname="WebE2E.TriggerNotification" time="0.230" />
  <testcase name="SeleniumWebsite_137_HandleOfflineRedirection_Var4" classname="WebE2E.HandleOfflineRedirection" time="0.230" />
  <testcase name="SeleniumWebsite_138_TestConcurrentSession_Var4" classname="WebE2E.TestConcurrentSession" time="0.230" />
  <testcase name="SeleniumWebsite_139_VerifySecurityHeaders_Var4" classname="WebE2E.VerifySecurityHeaders" time="0.230" />
  <testcase name="SeleniumWebsite_140_CheckMemoryLeak_Var4" classname="WebE2E.CheckMemoryLeak" time="0.230" />
  <testcase name="SeleniumWebsite_141_ExecuteAnalyticsQuery_Var4" classname="WebE2E.ExecuteAnalyticsQuery" time="0.230" />
  <testcase name="SeleniumWebsite_142_TestCSRFToken_Var4" classname="WebE2E.TestCSRFToken" time="0.230" />
  <testcase name="SeleniumWebsite_143_VerifyFileFormatLimits_Var4" classname="WebE2E.VerifyFileFormatLimits" time="0.230" />
  <testcase name="SeleniumWebsite_144_TestRateLimiting_Var4" classname="WebE2E.TestRateLimiting" time="0.230" />
  <testcase name="SeleniumWebsite_145_PerformAutoBackup_Var4" classname="WebE2E.PerformAutoBackup" time="0.230" />
  <testcase name="SeleniumWebsite_146_VerifyObfuscation_Var4" classname="WebE2E.VerifyObfuscation" time="0.230" />
  <testcase name="SeleniumWebsite_147_CheckBatteryDrain_Var4" classname="WebE2E.CheckBatteryDrain" time="0.230" />
  <testcase name="SeleniumWebsite_148_ValidateJSONPayload_Var4" classname="WebE2E.ValidateJSONPayload" time="0.230" />
  <testcase name="SeleniumWebsite_149_ClearSessionOnLogout_Var4" classname="WebE2E.ClearSessionOnLogout" time="0.230" />
  <testcase name="SeleniumWebsite_150_VerifyExitState_Var4" classname="WebE2E.VerifyExitState" time="0.230" />
  <testcase name="SeleniumWebsite_151_InitSystemState_Var5" classname="WebE2E.InitSystemState" time="0.250" />
  <testcase name="SeleniumWebsite_152_ValidateCredentials_Var5" classname="WebE2E.ValidateCredentials" time="0.250" />
  <testcase name="SeleniumWebsite_153_LoadUserConfig_Var5" classname="WebE2E.LoadUserConfig" time="0.250" />
  <testcase name="SeleniumWebsite_154_EstConnection_Var5" classname="WebE2E.EstConnection" time="0.250" />
  <testcase name="SeleniumWebsite_155_FetchUserData_Var5" classname="WebE2E.FetchUserData" time="0.250" />
  <testcase name="SeleniumWebsite_156_SyncLocalDatabase_Var5" classname="WebE2E.SyncLocalDatabase" time="0.250" />
  <testcase name="SeleniumWebsite_157_VerifyCacheMemory_Var5" classname="WebE2E.VerifyCacheMemory" time="0.250" />
  <testcase name="SeleniumWebsite_158_RenderDashboardUI_Var5" classname="WebE2E.RenderDashboardUI" time="0.250" />
  <testcase name="SeleniumWebsite_159_TestInputBoundaries_Var5" classname="WebE2E.TestInputBoundaries" time="0.250" />
  <testcase name="SeleniumWebsite_160_CheckPermissions_Var5" classname="WebE2E.CheckPermissions" time="0.250" />
  <testcase name="SeleniumWebsite_161_PerformQueryAction_Var5" classname="WebE2E.PerformQueryAction" time="0.250" />
  <testcase name="SeleniumWebsite_162_RenderResultCards_Var5" classname="WebE2E.RenderResultCards" time="0.250" />
  <testcase name="SeleniumWebsite_163_SaveHistoryEntry_Var5" classname="WebE2E.SaveHistoryEntry" time="0.250" />
  <testcase name="SeleniumWebsite_164_ExportReportData_Var5" classname="WebE2E.ExportReportData" time="0.250" />
  <testcase name="SeleniumWebsite_165_VerifyEncryption_Var5" classname="WebE2E.VerifyEncryption" time="0.250" />
  <testcase name="SeleniumWebsite_166_TriggerNotification_Var5" classname="WebE2E.TriggerNotification" time="0.250" />
  <testcase name="SeleniumWebsite_167_HandleOfflineRedirection_Var5" classname="WebE2E.HandleOfflineRedirection" time="0.250" />
  <testcase name="SeleniumWebsite_168_TestConcurrentSession_Var5" classname="WebE2E.TestConcurrentSession" time="0.250" />
  <testcase name="SeleniumWebsite_169_VerifySecurityHeaders_Var5" classname="WebE2E.VerifySecurityHeaders" time="0.250" />
  <testcase name="SeleniumWebsite_170_CheckMemoryLeak_Var5" classname="WebE2E.CheckMemoryLeak" time="0.250" />
  <testcase name="SeleniumWebsite_171_ExecuteAnalyticsQuery_Var5" classname="WebE2E.ExecuteAnalyticsQuery" time="0.250" />
  <testcase name="SeleniumWebsite_172_TestCSRFToken_Var5" classname="WebE2E.TestCSRFToken" time="0.250" />
  <testcase name="SeleniumWebsite_173_VerifyFileFormatLimits_Var5" classname="WebE2E.VerifyFileFormatLimits" time="0.250" />
  <testcase name="SeleniumWebsite_174_TestRateLimiting_Var5" classname="WebE2E.TestRateLimiting" time="0.250" />
  <testcase name="SeleniumWebsite_175_PerformAutoBackup_Var5" classname="WebE2E.PerformAutoBackup" time="0.250" />
  <testcase name="SeleniumWebsite_176_VerifyObfuscation_Var5" classname="WebE2E.VerifyObfuscation" time="0.250" />
  <testcase name="SeleniumWebsite_177_CheckBatteryDrain_Var5" classname="WebE2E.CheckBatteryDrain" time="0.250" />
  <testcase name="SeleniumWebsite_178_ValidateJSONPayload_Var5" classname="WebE2E.ValidateJSONPayload" time="0.250" />
  <testcase name="SeleniumWebsite_179_ClearSessionOnLogout_Var5" classname="WebE2E.ClearSessionOnLogout" time="0.250" />
  <testcase name="SeleniumWebsite_180_VerifyExitState_Var5" classname="WebE2E.VerifyExitState" time="0.250" />
  <testcase name="SeleniumWebsite_181_InitSystemState_Var6" classname="WebE2E.InitSystemState" time="0.270" />
  <testcase name="SeleniumWebsite_182_ValidateCredentials_Var6" classname="WebE2E.ValidateCredentials" time="0.270" />
  <testcase name="SeleniumWebsite_183_LoadUserConfig_Var6" classname="WebE2E.LoadUserConfig" time="0.270" />
  <testcase name="SeleniumWebsite_184_EstConnection_Var6" classname="WebE2E.EstConnection" time="0.270" />
  <testcase name="SeleniumWebsite_185_FetchUserData_Var6" classname="WebE2E.FetchUserData" time="0.270" />
  <testcase name="SeleniumWebsite_186_SyncLocalDatabase_Var6" classname="WebE2E.SyncLocalDatabase" time="0.270" />
  <testcase name="SeleniumWebsite_187_VerifyCacheMemory_Var6" classname="WebE2E.VerifyCacheMemory" time="0.270" />
  <testcase name="SeleniumWebsite_188_RenderDashboardUI_Var6" classname="WebE2E.RenderDashboardUI" time="0.270" />
  <testcase name="SeleniumWebsite_189_TestInputBoundaries_Var6" classname="WebE2E.TestInputBoundaries" time="0.270" />
  <testcase name="SeleniumWebsite_190_CheckPermissions_Var6" classname="WebE2E.CheckPermissions" time="0.270" />
  <testcase name="SeleniumWebsite_191_PerformQueryAction_Var6" classname="WebE2E.PerformQueryAction" time="0.270" />
  <testcase name="SeleniumWebsite_192_RenderResultCards_Var6" classname="WebE2E.RenderResultCards" time="0.270" />
  <testcase name="SeleniumWebsite_193_SaveHistoryEntry_Var6" classname="WebE2E.SaveHistoryEntry" time="0.270" />
  <testcase name="SeleniumWebsite_194_ExportReportData_Var6" classname="WebE2E.ExportReportData" time="0.270" />
  <testcase name="SeleniumWebsite_195_VerifyEncryption_Var6" classname="WebE2E.VerifyEncryption" time="0.270" />
  <testcase name="SeleniumWebsite_196_TriggerNotification_Var6" classname="WebE2E.TriggerNotification" time="0.270" />
  <testcase name="SeleniumWebsite_197_HandleOfflineRedirection_Var6" classname="WebE2E.HandleOfflineRedirection" time="0.270" />
  <testcase name="SeleniumWebsite_198_TestConcurrentSession_Var6" classname="WebE2E.TestConcurrentSession" time="0.270" />
  <testcase name="SeleniumWebsite_199_VerifySecurityHeaders_Var6" classname="WebE2E.VerifySecurityHeaders" time="0.270" />
  <testcase name="SeleniumWebsite_200_CheckMemoryLeak_Var6" classname="WebE2E.CheckMemoryLeak" time="0.270" />
  <testcase name="SeleniumWebsite_201_ExecuteAnalyticsQuery_Var6" classname="WebE2E.ExecuteAnalyticsQuery" time="0.270" />
  <testcase name="SeleniumWebsite_202_TestCSRFToken_Var6" classname="WebE2E.TestCSRFToken" time="0.270" />
  <testcase name="SeleniumWebsite_203_VerifyFileFormatLimits_Var6" classname="WebE2E.VerifyFileFormatLimits" time="0.270" />
  <testcase name="SeleniumWebsite_204_TestRateLimiting_Var6" classname="WebE2E.TestRateLimiting" time="0.270" />
  <testcase name="SeleniumWebsite_205_PerformAutoBackup_Var6" classname="WebE2E.PerformAutoBackup" time="0.270" />
  <testcase name="SeleniumWebsite_206_VerifyObfuscation_Var6" classname="WebE2E.VerifyObfuscation" time="0.270" />
  <testcase name="SeleniumWebsite_207_CheckBatteryDrain_Var6" classname="WebE2E.CheckBatteryDrain" time="0.270" />
  <testcase name="SeleniumWebsite_208_ValidateJSONPayload_Var6" classname="WebE2E.ValidateJSONPayload" time="0.270" />
  <testcase name="SeleniumWebsite_209_ClearSessionOnLogout_Var6" classname="WebE2E.ClearSessionOnLogout" time="0.270" />
  <testcase name="SeleniumWebsite_210_VerifyExitState_Var6" classname="WebE2E.VerifyExitState" time="0.270" />
  <testcase name="SeleniumWebsite_211_InitSystemState_Var7" classname="WebE2E.InitSystemState" time="0.290" />
  <testcase name="SeleniumWebsite_212_ValidateCredentials_Var7" classname="WebE2E.ValidateCredentials" time="0.290" />
  <testcase name="SeleniumWebsite_213_LoadUserConfig_Var7" classname="WebE2E.LoadUserConfig" time="0.290" />
  <testcase name="SeleniumWebsite_214_EstConnection_Var7" classname="WebE2E.EstConnection" time="0.290" />
  <testcase name="SeleniumWebsite_215_FetchUserData_Var7" classname="WebE2E.FetchUserData" time="0.290" />
  <testcase name="SeleniumWebsite_216_SyncLocalDatabase_Var7" classname="WebE2E.SyncLocalDatabase" time="0.290" />
  <testcase name="SeleniumWebsite_217_VerifyCacheMemory_Var7" classname="WebE2E.VerifyCacheMemory" time="0.290" />
  <testcase name="SeleniumWebsite_218_RenderDashboardUI_Var7" classname="WebE2E.RenderDashboardUI" time="0.290" />
  <testcase name="SeleniumWebsite_219_TestInputBoundaries_Var7" classname="WebE2E.TestInputBoundaries" time="0.290" />
  <testcase name="SeleniumWebsite_220_CheckPermissions_Var7" classname="WebE2E.CheckPermissions" time="0.290" />
  <testcase name="SeleniumWebsite_221_PerformQueryAction_Var7" classname="WebE2E.PerformQueryAction" time="0.290" />
  <testcase name="SeleniumWebsite_222_RenderResultCards_Var7" classname="WebE2E.RenderResultCards" time="0.290" />
  <testcase name="SeleniumWebsite_223_SaveHistoryEntry_Var7" classname="WebE2E.SaveHistoryEntry" time="0.290" />
  <testcase name="SeleniumWebsite_224_ExportReportData_Var7" classname="WebE2E.ExportReportData" time="0.290" />
  <testcase name="SeleniumWebsite_225_VerifyEncryption_Var7" classname="WebE2E.VerifyEncryption" time="0.290" />
  <testcase name="SeleniumWebsite_226_TriggerNotification_Var7" classname="WebE2E.TriggerNotification" time="0.290" />
  <testcase name="SeleniumWebsite_227_HandleOfflineRedirection_Var7" classname="WebE2E.HandleOfflineRedirection" time="0.290" />
  <testcase name="SeleniumWebsite_228_TestConcurrentSession_Var7" classname="WebE2E.TestConcurrentSession" time="0.290" />
  <testcase name="SeleniumWebsite_229_VerifySecurityHeaders_Var7" classname="WebE2E.VerifySecurityHeaders" time="0.290" />
  <testcase name="SeleniumWebsite_230_CheckMemoryLeak_Var7" classname="WebE2E.CheckMemoryLeak" time="0.290" />
  <testcase name="SeleniumWebsite_231_ExecuteAnalyticsQuery_Var7" classname="WebE2E.ExecuteAnalyticsQuery" time="0.290" />
  <testcase name="SeleniumWebsite_232_TestCSRFToken_Var7" classname="WebE2E.TestCSRFToken" time="0.290" />
  <testcase name="SeleniumWebsite_233_VerifyFileFormatLimits_Var7" classname="WebE2E.VerifyFileFormatLimits" time="0.290" />
  <testcase name="SeleniumWebsite_234_TestRateLimiting_Var7" classname="WebE2E.TestRateLimiting" time="0.290" />
  <testcase name="SeleniumWebsite_235_PerformAutoBackup_Var7" classname="WebE2E.PerformAutoBackup" time="0.290" />
  <testcase name="SeleniumWebsite_236_VerifyObfuscation_Var7" classname="WebE2E.VerifyObfuscation" time="0.290" />
  <testcase name="SeleniumWebsite_237_CheckBatteryDrain_Var7" classname="WebE2E.CheckBatteryDrain" time="0.290" />
  <testcase name="SeleniumWebsite_238_ValidateJSONPayload_Var7" classname="WebE2E.ValidateJSONPayload" time="0.290" />
  <testcase name="SeleniumWebsite_239_ClearSessionOnLogout_Var7" classname="WebE2E.ClearSessionOnLogout" time="0.290" />
  <testcase name="SeleniumWebsite_240_VerifyExitState_Var7" classname="WebE2E.VerifyExitState" time="0.290" />
  <testcase name="SeleniumWebsite_241_InitSystemState_Var8" classname="WebE2E.InitSystemState" time="0.310" />
  <testcase name="SeleniumWebsite_242_ValidateCredentials_Var8" classname="WebE2E.ValidateCredentials" time="0.310" />
  <testcase name="SeleniumWebsite_243_LoadUserConfig_Var8" classname="WebE2E.LoadUserConfig" time="0.310" />
  <testcase name="SeleniumWebsite_244_EstConnection_Var8" classname="WebE2E.EstConnection" time="0.310" />
  <testcase name="SeleniumWebsite_245_FetchUserData_Var8" classname="WebE2E.FetchUserData" time="0.310" />
  <testcase name="SeleniumWebsite_246_SyncLocalDatabase_Var8" classname="WebE2E.SyncLocalDatabase" time="0.310" />
  <testcase name="SeleniumWebsite_247_VerifyCacheMemory_Var8" classname="WebE2E.VerifyCacheMemory" time="0.310" />
  <testcase name="SeleniumWebsite_248_RenderDashboardUI_Var8" classname="WebE2E.RenderDashboardUI" time="0.310" />
  <testcase name="SeleniumWebsite_249_TestInputBoundaries_Var8" classname="WebE2E.TestInputBoundaries" time="0.310" />
  <testcase name="SeleniumWebsite_250_CheckPermissions_Var8" classname="WebE2E.CheckPermissions" time="0.310" />
  <testcase name="SeleniumWebsite_251_PerformQueryAction_Var8" classname="WebE2E.PerformQueryAction" time="0.310" />
  <testcase name="SeleniumWebsite_252_RenderResultCards_Var8" classname="WebE2E.RenderResultCards" time="0.310" />
  <testcase name="SeleniumWebsite_253_SaveHistoryEntry_Var8" classname="WebE2E.SaveHistoryEntry" time="0.310" />
  <testcase name="SeleniumWebsite_254_ExportReportData_Var8" classname="WebE2E.ExportReportData" time="0.310" />
  <testcase name="SeleniumWebsite_255_VerifyEncryption_Var8" classname="WebE2E.VerifyEncryption" time="0.310" />
  <testcase name="SeleniumWebsite_256_TriggerNotification_Var8" classname="WebE2E.TriggerNotification" time="0.310" />
  <testcase name="SeleniumWebsite_257_HandleOfflineRedirection_Var8" classname="WebE2E.HandleOfflineRedirection" time="0.310" />
  <testcase name="SeleniumWebsite_258_TestConcurrentSession_Var8" classname="WebE2E.TestConcurrentSession" time="0.310" />
  <testcase name="SeleniumWebsite_259_VerifySecurityHeaders_Var8" classname="WebE2E.VerifySecurityHeaders" time="0.310" />
  <testcase name="SeleniumWebsite_260_CheckMemoryLeak_Var8" classname="WebE2E.CheckMemoryLeak" time="0.310" />
  <testcase name="SeleniumWebsite_261_ExecuteAnalyticsQuery_Var8" classname="WebE2E.ExecuteAnalyticsQuery" time="0.310" />
  <testcase name="SeleniumWebsite_262_TestCSRFToken_Var8" classname="WebE2E.TestCSRFToken" time="0.310" />
  <testcase name="SeleniumWebsite_263_VerifyFileFormatLimits_Var8" classname="WebE2E.VerifyFileFormatLimits" time="0.310" />
  <testcase name="SeleniumWebsite_264_TestRateLimiting_Var8" classname="WebE2E.TestRateLimiting" time="0.310" />
  <testcase name="SeleniumWebsite_265_PerformAutoBackup_Var8" classname="WebE2E.PerformAutoBackup" time="0.310" />
  <testcase name="SeleniumWebsite_266_VerifyObfuscation_Var8" classname="WebE2E.VerifyObfuscation" time="0.310" />
  <testcase name="SeleniumWebsite_267_CheckBatteryDrain_Var8" classname="WebE2E.CheckBatteryDrain" time="0.310" />
  <testcase name="SeleniumWebsite_268_ValidateJSONPayload_Var8" classname="WebE2E.ValidateJSONPayload" time="0.310" />
  <testcase name="SeleniumWebsite_269_ClearSessionOnLogout_Var8" classname="WebE2E.ClearSessionOnLogout" time="0.310" />
  <testcase name="SeleniumWebsite_270_VerifyExitState_Var8" classname="WebE2E.VerifyExitState" time="0.310" />
  <testcase name="SeleniumWebsite_271_InitSystemState_Var9" classname="WebE2E.InitSystemState" time="0.330" />
  <testcase name="SeleniumWebsite_272_ValidateCredentials_Var9" classname="WebE2E.ValidateCredentials" time="0.330" />
  <testcase name="SeleniumWebsite_273_LoadUserConfig_Var9" classname="WebE2E.LoadUserConfig" time="0.330" />
  <testcase name="SeleniumWebsite_274_EstConnection_Var9" classname="WebE2E.EstConnection" time="0.330" />
  <testcase name="SeleniumWebsite_275_FetchUserData_Var9" classname="WebE2E.FetchUserData" time="0.330" />
  <testcase name="SeleniumWebsite_276_SyncLocalDatabase_Var9" classname="WebE2E.SyncLocalDatabase" time="0.330" />
  <testcase name="SeleniumWebsite_277_VerifyCacheMemory_Var9" classname="WebE2E.VerifyCacheMemory" time="0.330" />
  <testcase name="SeleniumWebsite_278_RenderDashboardUI_Var9" classname="WebE2E.RenderDashboardUI" time="0.330" />
  <testcase name="SeleniumWebsite_279_TestInputBoundaries_Var9" classname="WebE2E.TestInputBoundaries" time="0.330" />
  <testcase name="SeleniumWebsite_280_CheckPermissions_Var9" classname="WebE2E.CheckPermissions" time="0.330" />
  <testcase name="SeleniumWebsite_281_PerformQueryAction_Var9" classname="WebE2E.PerformQueryAction" time="0.330" />
  <testcase name="SeleniumWebsite_282_RenderResultCards_Var9" classname="WebE2E.RenderResultCards" time="0.330" />
  <testcase name="SeleniumWebsite_283_SaveHistoryEntry_Var9" classname="WebE2E.SaveHistoryEntry" time="0.330" />
  <testcase name="SeleniumWebsite_284_ExportReportData_Var9" classname="WebE2E.ExportReportData" time="0.330" />
  <testcase name="SeleniumWebsite_285_VerifyEncryption_Var9" classname="WebE2E.VerifyEncryption" time="0.330" />
  <testcase name="SeleniumWebsite_286_TriggerNotification_Var9" classname="WebE2E.TriggerNotification" time="0.330" />
  <testcase name="SeleniumWebsite_287_HandleOfflineRedirection_Var9" classname="WebE2E.HandleOfflineRedirection" time="0.330" />
  <testcase name="SeleniumWebsite_288_TestConcurrentSession_Var9" classname="WebE2E.TestConcurrentSession" time="0.330" />
  <testcase name="SeleniumWebsite_289_VerifySecurityHeaders_Var9" classname="WebE2E.VerifySecurityHeaders" time="0.330" />
  <testcase name="SeleniumWebsite_290_CheckMemoryLeak_Var9" classname="WebE2E.CheckMemoryLeak" time="0.330" />
  <testcase name="SeleniumWebsite_291_ExecuteAnalyticsQuery_Var9" classname="WebE2E.ExecuteAnalyticsQuery" time="0.330" />
  <testcase name="SeleniumWebsite_292_TestCSRFToken_Var9" classname="WebE2E.TestCSRFToken" time="0.330" />
  <testcase name="SeleniumWebsite_293_VerifyFileFormatLimits_Var9" classname="WebE2E.VerifyFileFormatLimits" time="0.330" />
  <testcase name="SeleniumWebsite_294_TestRateLimiting_Var9" classname="WebE2E.TestRateLimiting" time="0.330" />
  <testcase name="SeleniumWebsite_295_PerformAutoBackup_Var9" classname="WebE2E.PerformAutoBackup" time="0.330" />
  <testcase name="SeleniumWebsite_296_VerifyObfuscation_Var9" classname="WebE2E.VerifyObfuscation" time="0.330" />
  <testcase name="SeleniumWebsite_297_CheckBatteryDrain_Var9" classname="WebE2E.CheckBatteryDrain" time="0.330" />
  <testcase name="SeleniumWebsite_298_ValidateJSONPayload_Var9" classname="WebE2E.ValidateJSONPayload" time="0.330" />
  <testcase name="SeleniumWebsite_299_ClearSessionOnLogout_Var9" classname="WebE2E.ClearSessionOnLogout" time="0.330" />
  <testcase name="SeleniumWebsite_300_VerifyExitState_Var9" classname="WebE2E.VerifyExitState" time="0.330" />
</testsuite>