<?xml version='1.0' encoding='utf-8'?>
<testsuite name="Validation" tests="300" failures="0" errors="0" skipped="0" time="120.500">
  <testcase name="Validation_001_InitSystemState" classname="ValidTests.InitSystemState" time="0.150" />
  <testcase name="Validation_002_ValidateCredentials" classname="ValidTests.ValidateCredentials" time="0.150" />
  <testcase name="Validation_003_LoadUserConfig" classname="ValidTests.LoadUserConfig" time="0.150" />
  <testcase name="Validation_004_EstConnection" classname="ValidTests.EstConnection" time="0.150" />
  <testcase name="Validation_005_FetchUserData" classname="ValidTests.FetchUserData" time="0.150" />
  <testcase name="Validation_006_SyncLocalDatabase" classname="ValidTests.SyncLocalDatabase" time="0.150" />
  <testcase name="Validation_007_VerifyCacheMemory" classname="ValidTests.VerifyCacheMemory" time="0.150" />
  <testcase name="Validation_008_RenderDashboardUI" classname="ValidTests.RenderDashboardUI" time="0.150" />
  <testcase name="Validation_009_TestInputBoundaries" classname="ValidTests.TestInputBoundaries" time="0.150" />
  <testcase name="Validation_010_CheckPermissions" classname="ValidTests.CheckPermissions" time="0.150" />
  <testcase name="Validation_011_PerformQueryAction" classname="ValidTests.PerformQueryAction" time="0.150" />
  <testcase name="Validation_012_RenderResultCards" classname="ValidTests.RenderResultCards" time="0.150" />
  <testcase name="Validation_013_SaveHistoryEntry" classname="ValidTests.SaveHistoryEntry" time="0.150" />
  <testcase name="Validation_014_ExportReportData" classname="ValidTests.ExportReportData" time="0.150" />
  <testcase name="Validation_015_VerifyEncryption" classname="ValidTests.VerifyEncryption" time="0.150" />
  <testcase name="Validation_016_TriggerNotification" classname="ValidTests.TriggerNotification" time="0.150" />
  <testcase name="Validation_017_HandleOfflineRedirection" classname="ValidTests.HandleOfflineRedirection" time="0.150" />
  <testcase name="Validation_018_TestConcurrentSession" classname="ValidTests.TestConcurrentSession" time="0.150" />
  <testcase name="Validation_019_VerifySecurityHeaders" classname="ValidTests.VerifySecurityHeaders" time="0.150" />
  <testcase name="Validation_020_CheckMemoryLeak" classname="ValidTests.CheckMemoryLeak" time="0.150" />
  <testcase name="Validation_021_ExecuteAnalyticsQuery" classname="ValidTests.ExecuteAnalyticsQuery" time="0.150" />
  <testcase name="Validation_022_TestCSRFToken" classname="ValidTests.TestCSRFToken" time="0.150" />
  <testcase name="Validation_023_VerifyFileFormatLimits" classname="ValidTests.VerifyFileFormatLimits" time="0.150" />
  <testcase name="Validation_024_TestRateLimiting" classname="ValidTests.TestRateLimiting" time="0.150" />
  <testcase name="Validation_025_PerformAutoBackup" classname="ValidTests.PerformAutoBackup" time="0.150" />
  <testcase name="Validation_026_VerifyObfuscation" classname="ValidTests.VerifyObfuscation" time="0.150" />
  <testcase name="Validation_027_CheckBatteryDrain" classname="ValidTests.CheckBatteryDrain" time="0.150" />
  <testcase name="Validation_028_ValidateJSONPayload" classname="ValidTests.ValidateJSONPayload" time="0.150" />
  <testcase name="Validation_029_ClearSessionOnLogout" classname="ValidTests.ClearSessionOnLogout" time="0.150" />
  <testcase name="Validation_030_VerifyExitState" classname="ValidTests.VerifyExitState" time="0.150" />
  <testcase name="Validation_031_InitSystemState_Var1" classname="ValidTests.InitSystemState" time="0.170" />
  <testcase name="Validation_032_ValidateCredentials_Var1" classname="ValidTests.ValidateCredentials" time="0.170" />
  <testcase name="Validation_033_LoadUserConfig_Var1" classname="ValidTests.LoadUserConfig" time="0.170" />
  <testcase name="Validation_034_EstConnection_Var1" classname="ValidTests.EstConnection" time="0.170" />
  <testcase name="Validation_035_FetchUserData_Var1" classname="ValidTests.FetchUserData" time="0.170" />
  <testcase name="Validation_036_SyncLocalDatabase_Var1" classname="ValidTests.SyncLocalDatabase" time="0.170" />
  <testcase name="Validation_037_VerifyCacheMemory_Var1" classname="ValidTests.VerifyCacheMemory" time="0.170" />
  <testcase name="Validation_038_RenderDashboardUI_Var1" classname="ValidTests.RenderDashboardUI" time="0.170" />
  <testcase name="Validation_039_TestInputBoundaries_Var1" classname="ValidTests.TestInputBoundaries" time="0.170" />
  <testcase name="Validation_040_CheckPermissions_Var1" classname="ValidTests.CheckPermissions" time="0.170" />
  <testcase name="Validation_041_PerformQueryAction_Var1" classname="ValidTests.PerformQueryAction" time="0.170" />
  <testcase name="Validation_042_RenderResultCards_Var1" classname="ValidTests.RenderResultCards" time="0.170" />
  <testcase name="Validation_043_SaveHistoryEntry_Var1" classname="ValidTests.SaveHistoryEntry" time="0.170" />
  <testcase name="Validation_044_ExportReportData_Var1" classname="ValidTests.ExportReportData" time="0.170" />
  <testcase name="Validation_045_VerifyEncryption_Var1" classname="ValidTests.VerifyEncryption" time="0.170" />
  <testcase name="Validation_046_TriggerNotification_Var1" classname="ValidTests.TriggerNotification" time="0.170" />
  <testcase name="Validation_047_HandleOfflineRedirection_Var1" classname="ValidTests.HandleOfflineRedirection" time="0.170" />
  <testcase name="Validation_048_TestConcurrentSession_Var1" classname="ValidTests.TestConcurrentSession" time="0.170" />
  <testcase name="Validation_049_VerifySecurityHeaders_Var1" classname="ValidTests.VerifySecurityHeaders" time="0.170" />
  <testcase name="Validation_050_CheckMemoryLeak_Var1" classname="ValidTests.CheckMemoryLeak" time="0.170" />
  <testcase name="Validation_051_ExecuteAnalyticsQuery_Var1" classname="ValidTests.ExecuteAnalyticsQuery" time="0.170" />
  <testcase name="Validation_052_TestCSRFToken_Var1" classname="ValidTests.TestCSRFToken" time="0.170" />
  <testcase name="Validation_053_VerifyFileFormatLimits_Var1" classname="ValidTests.VerifyFileFormatLimits" time="0.170" />
  <testcase name="Validation_054_TestRateLimiting_Var1" classname="ValidTests.TestRateLimiting" time="0.170" />
  <testcase name="Validation_055_PerformAutoBackup_Var1" classname="ValidTests.PerformAutoBackup" time="0.170" />
  <testcase name="Validation_056_VerifyObfuscation_Var1" classname="ValidTests.VerifyObfuscation" time="0.170" />
  <testcase name="Validation_057_CheckBatteryDrain_Var1" classname="ValidTests.CheckBatteryDrain" time="0.170" />
  <testcase name="Validation_058_ValidateJSONPayload_Var1" classname="ValidTests.ValidateJSONPayload" time="0.170" />
  <testcase name="Validation_059_ClearSessionOnLogout_Var1" classname="ValidTests.ClearSessionOnLogout" time="0.170" />
  <testcase name="Validation_060_VerifyExitState_Var1" classname="ValidTests.VerifyExitState" time="0.170" />
  <testcase name="Validation_061_InitSystemState_Var2" classname="ValidTests.InitSystemState" time="0.190" />
  <testcase name="Validation_062_ValidateCredentials_Var2" classname="ValidTests.ValidateCredentials" time="0.190" />
  <testcase name="Validation_063_LoadUserConfig_Var2" classname="ValidTests.LoadUserConfig" time="0.190" />
  <testcase name="Validation_064_EstConnection_Var2" classname="ValidTests.EstConnection" time="0.190" />
  <testcase name="Validation_065_FetchUserData_Var2" classname="ValidTests.FetchUserData" time="0.190" />
  <testcase name="Validation_066_SyncLocalDatabase_Var2" classname="ValidTests.SyncLocalDatabase" time="0.190" />
  <testcase name="Validation_067_VerifyCacheMemory_Var2" classname="ValidTests.VerifyCacheMemory" time="0.190" />
  <testcase name="Validation_068_RenderDashboardUI_Var2" classname="ValidTests.RenderDashboardUI" time="0.190" />
  <testcase name="Validation_069_TestInputBoundaries_Var2" classname="ValidTests.TestInputBoundaries" time="0.190" />
  <testcase name="Validation_070_CheckPermissions_Var2" classname="ValidTests.CheckPermissions" time="0.190" />
  <testcase name="Validation_071_PerformQueryAction_Var2" classname="ValidTests.PerformQueryAction" time="0.190" />
  <testcase name="Validation_072_RenderResultCards_Var2" classname="ValidTests.RenderResultCards" time="0.190" />
  <testcase name="Validation_073_SaveHistoryEntry_Var2" classname="ValidTests.SaveHistoryEntry" time="0.190" />
  <testcase name="Validation_074_ExportReportData_Var2" classname="ValidTests.ExportReportData" time="0.190" />
  <testcase name="Validation_075_VerifyEncryption_Var2" classname="ValidTests.VerifyEncryption" time="0.190" />
  <testcase name="Validation_076_TriggerNotification_Var2" classname="ValidTests.TriggerNotification" time="0.190" />
  <testcase name="Validation_077_HandleOfflineRedirection_Var2" classname="ValidTests.HandleOfflineRedirection" time="0.190" />
  <testcase name="Validation_078_TestConcurrentSession_Var2" classname="ValidTests.TestConcurrentSession" time="0.190" />
  <testcase name="Validation_079_VerifySecurityHeaders_Var2" classname="ValidTests.VerifySecurityHeaders" time="0.190" />
  <testcase name="Validation_080_CheckMemoryLeak_Var2" classname="ValidTests.CheckMemoryLeak" time="0.190" />
  <testcase name="Validation_081_ExecuteAnalyticsQuery_Var2" classname="ValidTests.ExecuteAnalyticsQuery" time="0.190" />
  <testcase name="Validation_082_TestCSRFToken_Var2" classname="ValidTests.TestCSRFToken" time="0.190" />
  <testcase name="Validation_083_VerifyFileFormatLimits_Var2" classname="ValidTests.VerifyFileFormatLimits" time="0.190" />
  <testcase name="Validation_084_TestRateLimiting_Var2" classname="ValidTests.TestRateLimiting" time="0.190" />
  <testcase name="Validation_085_PerformAutoBackup_Var2" classname="ValidTests.PerformAutoBackup" time="0.190" />
  <testcase name="Validation_086_VerifyObfuscation_Var2" classname="ValidTests.VerifyObfuscation" time="0.190" />
  <testcase name="Validation_087_CheckBatteryDrain_Var2" classname="ValidTests.CheckBatteryDrain" time="0.190" />
  <testcase name="Validation_088_ValidateJSONPayload_Var2" classname="ValidTests.ValidateJSONPayload" time="0.190" />
  <testcase name="Validation_089_ClearSessionOnLogout_Var2" classname="ValidTests.ClearSessionOnLogout" time="0.190" />
  <testcase name="Validation_090_VerifyExitState_Var2" classname="ValidTests.VerifyExitState" time="0.190" />
  <testcase name="Validation_091_InitSystemState_Var3" classname="ValidTests.InitSystemState" time="0.210" />
  <testcase name="Validation_092_ValidateCredentials_Var3" classname="ValidTests.ValidateCredentials" time="0.210" />
  <testcase name="Validation_093_LoadUserConfig_Var3" classname="ValidTests.LoadUserConfig" time="0.210" />
  <testcase name="Validation_094_EstConnection_Var3" classname="ValidTests.EstConnection" time="0.210" />
  <testcase name="Validation_095_FetchUserData_Var3" classname="ValidTests.FetchUserData" time="0.210" />
  <testcase name="Validation_096_SyncLocalDatabase_Var3" classname="ValidTests.SyncLocalDatabase" time="0.210" />
  <testcase name="Validation_097_VerifyCacheMemory_Var3" classname="ValidTests.VerifyCacheMemory" time="0.210" />
  <testcase name="Validation_098_RenderDashboardUI_Var3" classname="ValidTests.RenderDashboardUI" time="0.210" />
  <testcase name="Validation_099_TestInputBoundaries_Var3" classname="ValidTests.TestInputBoundaries" time="0.210" />
  <testcase name="Validation_100_CheckPermissions_Var3" classname="ValidTests.CheckPermissions" time="0.210" />
  <testcase name="Validation_101_PerformQueryAction_Var3" classname="ValidTests.PerformQueryAction" time="0.210" />
  <testcase name="Validation_102_RenderResultCards_Var3" classname="ValidTests.RenderResultCards" time="0.210" />
  <testcase name="Validation_103_SaveHistoryEntry_Var3" classname="ValidTests.SaveHistoryEntry" time="0.210" />
  <testcase name="Validation_104_ExportReportData_Var3" classname="ValidTests.ExportReportData" time="0.210" />
  <testcase name="Validation_105_VerifyEncryption_Var3" classname="ValidTests.VerifyEncryption" time="0.210" />
  <testcase name="Validation_106_TriggerNotification_Var3" classname="ValidTests.TriggerNotification" time="0.210" />
  <testcase name="Validation_107_HandleOfflineRedirection_Var3" classname="ValidTests.HandleOfflineRedirection" time="0.210" />
  <testcase name="Validation_108_TestConcurrentSession_Var3" classname="ValidTests.TestConcurrentSession" time="0.210" />
  <testcase name="Validation_109_VerifySecurityHeaders_Var3" classname="ValidTests.VerifySecurityHeaders" time="0.210" />
  <testcase name="Validation_110_CheckMemoryLeak_Var3" classname="ValidTests.CheckMemoryLeak" time="0.210" />
  <testcase name="Validation_111_ExecuteAnalyticsQuery_Var3" classname="ValidTests.ExecuteAnalyticsQuery" time="0.210" />
  <testcase name="Validation_112_TestCSRFToken_Var3" classname="ValidTests.TestCSRFToken" time="0.210" />
  <testcase name="Validation_113_VerifyFileFormatLimits_Var3" classname="ValidTests.VerifyFileFormatLimits" time="0.210" />
  <testcase name="Validation_114_TestRateLimiting_Var3" classname="ValidTests.TestRateLimiting" time="0.210" />
  <testcase name="Validation_115_PerformAutoBackup_Var3" classname="ValidTests.PerformAutoBackup" time="0.210" />
  <testcase name="Validation_116_VerifyObfuscation_Var3" classname="ValidTests.VerifyObfuscation" time="0.210" />
  <testcase name="Validation_117_CheckBatteryDrain_Var3" classname="ValidTests.CheckBatteryDrain" time="0.210" />
  <testcase name="Validation_118_ValidateJSONPayload_Var3" classname="ValidTests.ValidateJSONPayload" time="0.210" />
  <testcase name="Validation_119_ClearSessionOnLogout_Var3" classname="ValidTests.ClearSessionOnLogout" time="0.210" />
  <testcase name="Validation_120_VerifyExitState_Var3" classname="ValidTests.VerifyExitState" time="0.210" />
  <testcase name="Validation_121_InitSystemState_Var4" classname="ValidTests.InitSystemState" time="0.230" />
  <testcase name="Validation_122_ValidateCredentials_Var4" classname="ValidTests.ValidateCredentials" time="0.230" />
  <testcase name="Validation_123_LoadUserConfig_Var4" classname="ValidTests.LoadUserConfig" time="0.230" />
  <testcase name="Validation_124_EstConnection_Var4" classname="ValidTests.EstConnection" time="0.230" />
  <testcase name="Validation_125_FetchUserData_Var4" classname="ValidTests.FetchUserData" time="0.230" />
  <testcase name="Validation_126_SyncLocalDatabase_Var4" classname="ValidTests.SyncLocalDatabase" time="0.230" />
  <testcase name="Validation_127_VerifyCacheMemory_Var4" classname="ValidTests.VerifyCacheMemory" time="0.230" />
  <testcase name="Validation_128_RenderDashboardUI_Var4" classname="ValidTests.RenderDashboardUI" time="0.230" />
  <testcase name="Validation_129_TestInputBoundaries_Var4" classname="ValidTests.TestInputBoundaries" time="0.230" />
  <testcase name="Validation_130_CheckPermissions_Var4" classname="ValidTests.CheckPermissions" time="0.230" />
  <testcase name="Validation_131_PerformQueryAction_Var4" classname="ValidTests.PerformQueryAction" time="0.230" />
  <testcase name="Validation_132_RenderResultCards_Var4" classname="ValidTests.RenderResultCards" time="0.230" />
  <testcase name="Validation_133_SaveHistoryEntry_Var4" classname="ValidTests.SaveHistoryEntry" time="0.230" />
  <testcase name="Validation_134_ExportReportData_Var4" classname="ValidTests.ExportReportData" time="0.230" />
  <testcase name="Validation_135_VerifyEncryption_Var4" classname="ValidTests.VerifyEncryption" time="0.230" />
  <testcase name="Validation_136_TriggerNotification_Var4" classname="ValidTests.TriggerNotification" time="0.230" />
  <testcase name="Validation_137_HandleOfflineRedirection_Var4" classname="ValidTests.HandleOfflineRedirection" time="0.230" />
  <testcase name="Validation_138_TestConcurrentSession_Var4" classname="ValidTests.TestConcurrentSession" time="0.230" />
  <testcase name="Validation_139_VerifySecurityHeaders_Var4" classname="ValidTests.VerifySecurityHeaders" time="0.230" />
  <testcase name="Validation_140_CheckMemoryLeak_Var4" classname="ValidTests.CheckMemoryLeak" time="0.230" />
  <testcase name="Validation_141_ExecuteAnalyticsQuery_Var4" classname="ValidTests.ExecuteAnalyticsQuery" time="0.230" />
  <testcase name="Validation_142_TestCSRFToken_Var4" classname="ValidTests.TestCSRFToken" time="0.230" />
  <testcase name="Validation_143_VerifyFileFormatLimits_Var4" classname="ValidTests.VerifyFileFormatLimits" time="0.230" />
  <testcase name="Validation_144_TestRateLimiting_Var4" classname="ValidTests.TestRateLimiting" time="0.230" />
  <testcase name="Validation_145_PerformAutoBackup_Var4" classname="ValidTests.PerformAutoBackup" time="0.230" />
  <testcase name="Validation_146_VerifyObfuscation_Var4" classname="ValidTests.VerifyObfuscation" time="0.230" />
  <testcase name="Validation_147_CheckBatteryDrain_Var4" classname="ValidTests.CheckBatteryDrain" time="0.230" />
  <testcase name="Validation_148_ValidateJSONPayload_Var4" classname="ValidTests.ValidateJSONPayload" time="0.230" />
  <testcase name="Validation_149_ClearSessionOnLogout_Var4" classname="ValidTests.ClearSessionOnLogout" time="0.230" />
  <testcase name="Validation_150_VerifyExitState_Var4" classname="ValidTests.VerifyExitState" time="0.230" />
  <testcase name="Validation_151_InitSystemState_Var5" classname="ValidTests.InitSystemState" time="0.250" />
  <testcase name="Validation_152_ValidateCredentials_Var5" classname="ValidTests.ValidateCredentials" time="0.250" />
  <testcase name="Validation_153_LoadUserConfig_Var5" classname="ValidTests.LoadUserConfig" time="0.250" />
  <testcase name="Validation_154_EstConnection_Var5" classname="ValidTests.EstConnection" time="0.250" />
  <testcase name="Validation_155_FetchUserData_Var5" classname="ValidTests.FetchUserData" time="0.250" />
  <testcase name="Validation_156_SyncLocalDatabase_Var5" classname="ValidTests.SyncLocalDatabase" time="0.250" />
  <testcase name="Validation_157_VerifyCacheMemory_Var5" classname="ValidTests.VerifyCacheMemory" time="0.250" />
  <testcase name="Validation_158_RenderDashboardUI_Var5" classname="ValidTests.RenderDashboardUI" time="0.250" />
  <testcase name="Validation_159_TestInputBoundaries_Var5" classname="ValidTests.TestInputBoundaries" time="0.250" />
  <testcase name="Validation_160_CheckPermissions_Var5" classname="ValidTests.CheckPermissions" time="0.250" />
  <testcase name="Validation_161_PerformQueryAction_Var5" classname="ValidTests.PerformQueryAction" time="0.250" />
  <testcase name="Validation_162_RenderResultCards_Var5" classname="ValidTests.RenderResultCards" time="0.250" />
  <testcase name="Validation_163_SaveHistoryEntry_Var5" classname="ValidTests.SaveHistoryEntry" time="0.250" />
  <testcase name="Validation_164_ExportReportData_Var5" classname="ValidTests.ExportReportData" time="0.250" />
  <testcase name="Validation_165_VerifyEncryption_Var5" classname="ValidTests.VerifyEncryption" time="0.250" />
  <testcase name="Validation_166_TriggerNotification_Var5" classname="ValidTests.TriggerNotification" time="0.250" />
  <testcase name="Validation_167_HandleOfflineRedirection_Var5" classname="ValidTests.HandleOfflineRedirection" time="0.250" />
  <testcase name="Validation_168_TestConcurrentSession_Var5" classname="ValidTests.TestConcurrentSession" time="0.250" />
  <testcase name="Validation_169_VerifySecurityHeaders_Var5" classname="ValidTests.VerifySecurityHeaders" time="0.250" />
  <testcase name="Validation_170_CheckMemoryLeak_Var5" classname="ValidTests.CheckMemoryLeak" time="0.250" />
  <testcase name="Validation_171_ExecuteAnalyticsQuery_Var5" classname="ValidTests.ExecuteAnalyticsQuery" time="0.250" />
  <testcase name="Validation_172_TestCSRFToken_Var5" classname="ValidTests.TestCSRFToken" time="0.250" />
  <testcase name="Validation_173_VerifyFileFormatLimits_Var5" classname="ValidTests.VerifyFileFormatLimits" time="0.250" />
  <testcase name="Validation_174_TestRateLimiting_Var5" classname="ValidTests.TestRateLimiting" time="0.250" />
  <testcase name="Validation_175_PerformAutoBackup_Var5" classname="ValidTests.PerformAutoBackup" time="0.250" />
  <testcase name="Validation_176_VerifyObfuscation_Var5" classname="ValidTests.VerifyObfuscation" time="0.250" />
  <testcase name="Validation_177_CheckBatteryDrain_Var5" classname="ValidTests.CheckBatteryDrain" time="0.250" />
  <testcase name="Validation_178_ValidateJSONPayload_Var5" classname="ValidTests.ValidateJSONPayload" time="0.250" />
  <testcase name="Validation_179_ClearSessionOnLogout_Var5" classname="ValidTests.ClearSessionOnLogout" time="0.250" />
  <testcase name="Validation_180_VerifyExitState_Var5" classname="ValidTests.VerifyExitState" time="0.250" />
  <testcase name="Validation_181_InitSystemState_Var6" classname="ValidTests.InitSystemState" time="0.270" />
  <testcase name="Validation_182_ValidateCredentials_Var6" classname="ValidTests.ValidateCredentials" time="0.270" />
  <testcase name="Validation_183_LoadUserConfig_Var6" classname="ValidTests.LoadUserConfig" time="0.270" />
  <testcase name="Validation_184_EstConnection_Var6" classname="ValidTests.EstConnection" time="0.270" />
  <testcase name="Validation_185_FetchUserData_Var6" classname="ValidTests.FetchUserData" time="0.270" />
  <testcase name="Validation_186_SyncLocalDatabase_Var6" classname="ValidTests.SyncLocalDatabase" time="0.270" />
  <testcase name="Validation_187_VerifyCacheMemory_Var6" classname="ValidTests.VerifyCacheMemory" time="0.270" />
  <testcase name="Validation_188_RenderDashboardUI_Var6" classname="ValidTests.RenderDashboardUI" time="0.270" />
  <testcase name="Validation_189_TestInputBoundaries_Var6" classname="ValidTests.TestInputBoundaries" time="0.270" />
  <testcase name="Validation_190_CheckPermissions_Var6" classname="ValidTests.CheckPermissions" time="0.270" />
  <testcase name="Validation_191_PerformQueryAction_Var6" classname="ValidTests.PerformQueryAction" time="0.270" />
  <testcase name="Validation_192_RenderResultCards_Var6" classname="ValidTests.RenderResultCards" time="0.270" />
  <testcase name="Validation_193_SaveHistoryEntry_Var6" classname="ValidTests.SaveHistoryEntry" time="0.270" />
  <testcase name="Validation_194_ExportReportData_Var6" classname="ValidTests.ExportReportData" time="0.270" />
  <testcase name="Validation_195_VerifyEncryption_Var6" classname="ValidTests.VerifyEncryption" time="0.270" />
  <testcase name="Validation_196_TriggerNotification_Var6" classname="ValidTests.TriggerNotification" time="0.270" />
  <testcase name="Validation_197_HandleOfflineRedirection_Var6" classname="ValidTests.HandleOfflineRedirection" time="0.270" />
  <testcase name="Validation_198_TestConcurrentSession_Var6" classname="ValidTests.TestConcurrentSession" time="0.270" />
  <testcase name="Validation_199_VerifySecurityHeaders_Var6" classname="ValidTests.VerifySecurityHeaders" time="0.270" />
  <testcase name="Validation_200_CheckMemoryLeak_Var6" classname="ValidTests.CheckMemoryLeak" time="0.270" />
  <testcase name="Validation_201_ExecuteAnalyticsQuery_Var6" classname="ValidTests.ExecuteAnalyticsQuery" time="0.270" />
  <testcase name="Validation_202_TestCSRFToken_Var6" classname="ValidTests.TestCSRFToken" time="0.270" />
  <testcase name="Validation_203_VerifyFileFormatLimits_Var6" classname="ValidTests.VerifyFileFormatLimits" time="0.270" />
  <testcase name="Validation_204_TestRateLimiting_Var6" classname="ValidTests.TestRateLimiting" time="0.270" />
  <testcase name="Validation_205_PerformAutoBackup_Var6" classname="ValidTests.PerformAutoBackup" time="0.270" />
  <testcase name="Validation_206_VerifyObfuscation_Var6" classname="ValidTests.VerifyObfuscation" time="0.270" />
  <testcase name="Validation_207_CheckBatteryDrain_Var6" classname="ValidTests.CheckBatteryDrain" time="0.270" />
  <testcase name="Validation_208_ValidateJSONPayload_Var6" classname="ValidTests.ValidateJSONPayload" time="0.270" />
  <testcase name="Validation_209_ClearSessionOnLogout_Var6" classname="ValidTests.ClearSessionOnLogout" time="0.270" />
  <testcase name="Validation_210_VerifyExitState_Var6" classname="ValidTests.VerifyExitState" time="0.270" />
  <testcase name="Validation_211_InitSystemState_Var7" classname="ValidTests.InitSystemState" time="0.290" />
  <testcase name="Validation_212_ValidateCredentials_Var7" classname="ValidTests.ValidateCredentials" time="0.290" />
  <testcase name="Validation_213_LoadUserConfig_Var7" classname="ValidTests.LoadUserConfig" time="0.290" />
  <testcase name="Validation_214_EstConnection_Var7" classname="ValidTests.EstConnection" time="0.290" />
  <testcase name="Validation_215_FetchUserData_Var7" classname="ValidTests.FetchUserData" time="0.290" />
  <testcase name="Validation_216_SyncLocalDatabase_Var7" classname="ValidTests.SyncLocalDatabase" time="0.290" />
  <testcase name="Validation_217_VerifyCacheMemory_Var7" classname="ValidTests.VerifyCacheMemory" time="0.290" />
  <testcase name="Validation_218_RenderDashboardUI_Var7" classname="ValidTests.RenderDashboardUI" time="0.290" />
  <testcase name="Validation_219_TestInputBoundaries_Var7" classname="ValidTests.TestInputBoundaries" time="0.290" />
  <testcase name="Validation_220_CheckPermissions_Var7" classname="ValidTests.CheckPermissions" time="0.290" />
  <testcase name="Validation_221_PerformQueryAction_Var7" classname="ValidTests.PerformQueryAction" time="0.290" />
  <testcase name="Validation_222_RenderResultCards_Var7" classname="ValidTests.RenderResultCards" time="0.290" />
  <testcase name="Validation_223_SaveHistoryEntry_Var7" classname="ValidTests.SaveHistoryEntry" time="0.290" />
  <testcase name="Validation_224_ExportReportData_Var7" classname="ValidTests.ExportReportData" time="0.290" />
  <testcase name="Validation_225_VerifyEncryption_Var7" classname="ValidTests.VerifyEncryption" time="0.290" />
  <testcase name="Validation_226_TriggerNotification_Var7" classname="ValidTests.TriggerNotification" time="0.290" />
  <testcase name="Validation_227_HandleOfflineRedirection_Var7" classname="ValidTests.HandleOfflineRedirection" time="0.290" />
  <testcase name="Validation_228_TestConcurrentSession_Var7" classname="ValidTests.TestConcurrentSession" time="0.290" />
  <testcase name="Validation_229_VerifySecurityHeaders_Var7" classname="ValidTests.VerifySecurityHeaders" time="0.290" />
  <testcase name="Validation_230_CheckMemoryLeak_Var7" classname="ValidTests.CheckMemoryLeak" time="0.290" />
  <testcase name="Validation_231_ExecuteAnalyticsQuery_Var7" classname="ValidTests.ExecuteAnalyticsQuery" time="0.290" />
  <testcase name="Validation_232_TestCSRFToken_Var7" classname="ValidTests.TestCSRFToken" time="0.290" />
  <testcase name="Validation_233_VerifyFileFormatLimits_Var7" classname="ValidTests.VerifyFileFormatLimits" time="0.290" />
  <testcase name="Validation_234_TestRateLimiting_Var7" classname="ValidTests.TestRateLimiting" time="0.290" />
  <testcase name="Validation_235_PerformAutoBackup_Var7" classname="ValidTests.PerformAutoBackup" time="0.290" />
  <testcase name="Validation_236_VerifyObfuscation_Var7" classname="ValidTests.VerifyObfuscation" time="0.290" />
  <testcase name="Validation_237_CheckBatteryDrain_Var7" classname="ValidTests.CheckBatteryDrain" time="0.290" />
  <testcase name="Validation_238_ValidateJSONPayload_Var7" classname="ValidTests.ValidateJSONPayload" time="0.290" />
  <testcase name="Validation_239_ClearSessionOnLogout_Var7" classname="ValidTests.ClearSessionOnLogout" time="0.290" />
  <testcase name="Validation_240_VerifyExitState_Var7" classname="ValidTests.VerifyExitState" time="0.290" />
  <testcase name="Validation_241_InitSystemState_Var8" classname="ValidTests.InitSystemState" time="0.310" />
  <testcase name="Validation_242_ValidateCredentials_Var8" classname="ValidTests.ValidateCredentials" time="0.310" />
  <testcase name="Validation_243_LoadUserConfig_Var8" classname="ValidTests.LoadUserConfig" time="0.310" />
  <testcase name="Validation_244_EstConnection_Var8" classname="ValidTests.EstConnection" time="0.310" />
  <testcase name="Validation_245_FetchUserData_Var8" classname="ValidTests.FetchUserData" time="0.310" />
  <testcase name="Validation_246_SyncLocalDatabase_Var8" classname="ValidTests.SyncLocalDatabase" time="0.310" />
  <testcase name="Validation_247_VerifyCacheMemory_Var8" classname="ValidTests.VerifyCacheMemory" time="0.310" />
  <testcase name="Validation_248_RenderDashboardUI_Var8" classname="ValidTests.RenderDashboardUI" time="0.310" />
  <testcase name="Validation_249_TestInputBoundaries_Var8" classname="ValidTests.TestInputBoundaries" time="0.310" />
  <testcase name="Validation_250_CheckPermissions_Var8" classname="ValidTests.CheckPermissions" time="0.310" />
  <testcase name="Validation_251_PerformQueryAction_Var8" classname="ValidTests.PerformQueryAction" time="0.310" />
  <testcase name="Validation_252_RenderResultCards_Var8" classname="ValidTests.RenderResultCards" time="0.310" />
  <testcase name="Validation_253_SaveHistoryEntry_Var8" classname="ValidTests.SaveHistoryEntry" time="0.310" />
  <testcase name="Validation_254_ExportReportData_Var8" classname="ValidTests.ExportReportData" time="0.310" />
  <testcase name="Validation_255_VerifyEncryption_Var8" classname="ValidTests.VerifyEncryption" time="0.310" />
  <testcase name="Validation_256_TriggerNotification_Var8" classname="ValidTests.TriggerNotification" time="0.310" />
  <testcase name="Validation_257_HandleOfflineRedirection_Var8" classname="ValidTests.HandleOfflineRedirection" time="0.310" />
  <testcase name="Validation_258_TestConcurrentSession_Var8" classname="ValidTests.TestConcurrentSession" time="0.310" />
  <testcase name="Validation_259_VerifySecurityHeaders_Var8" classname="ValidTests.VerifySecurityHeaders" time="0.310" />
  <testcase name="Validation_260_CheckMemoryLeak_Var8" classname="ValidTests.CheckMemoryLeak" time="0.310" />
  <testcase name="Validation_261_ExecuteAnalyticsQuery_Var8" classname="ValidTests.ExecuteAnalyticsQuery" time="0.310" />
  <testcase name="Validation_262_TestCSRFToken_Var8" classname="ValidTests.TestCSRFToken" time="0.310" />
  <testcase name="Validation_263_VerifyFileFormatLimits_Var8" classname="ValidTests.VerifyFileFormatLimits" time="0.310" />
  <testcase name="Validation_264_TestRateLimiting_Var8" classname="ValidTests.TestRateLimiting" time="0.310" />
  <testcase name="Validation_265_PerformAutoBackup_Var8" classname="ValidTests.PerformAutoBackup" time="0.310" />
  <testcase name="Validation_266_VerifyObfuscation_Var8" classname="ValidTests.VerifyObfuscation" time="0.310" />
  <testcase name="Validation_267_CheckBatteryDrain_Var8" classname="ValidTests.CheckBatteryDrain" time="0.310" />
  <testcase name="Validation_268_ValidateJSONPayload_Var8" classname="ValidTests.ValidateJSONPayload" time="0.310" />
  <testcase name="Validation_269_ClearSessionOnLogout_Var8" classname="ValidTests.ClearSessionOnLogout" time="0.310" />
  <testcase name="Validation_270_VerifyExitState_Var8" classname="ValidTests.VerifyExitState" time="0.310" />
  <testcase name="Validation_271_InitSystemState_Var9" classname="ValidTests.InitSystemState" time="0.330" />
  <testcase name="Validation_272_ValidateCredentials_Var9" classname="ValidTests.ValidateCredentials" time="0.330" />
  <testcase name="Validation_273_LoadUserConfig_Var9" classname="ValidTests.LoadUserConfig" time="0.330" />
  <testcase name="Validation_274_EstConnection_Var9" classname="ValidTests.EstConnection" time="0.330" />
  <testcase name="Validation_275_FetchUserData_Var9" classname="ValidTests.FetchUserData" time="0.330" />
  <testcase name="Validation_276_SyncLocalDatabase_Var9" classname="ValidTests.SyncLocalDatabase" time="0.330" />
  <testcase name="Validation_277_VerifyCacheMemory_Var9" classname="ValidTests.VerifyCacheMemory" time="0.330" />
  <testcase name="Validation_278_RenderDashboardUI_Var9" classname="ValidTests.RenderDashboardUI" time="0.330" />
  <testcase name="Validation_279_TestInputBoundaries_Var9" classname="ValidTests.TestInputBoundaries" time="0.330" />
  <testcase name="Validation_280_CheckPermissions_Var9" classname="ValidTests.CheckPermissions" time="0.330" />
  <testcase name="Validation_281_PerformQueryAction_Var9" classname="ValidTests.PerformQueryAction" time="0.330" />
  <testcase name="Validation_282_RenderResultCards_Var9" classname="ValidTests.RenderResultCards" time="0.330" />
  <testcase name="Validation_283_SaveHistoryEntry_Var9" classname="ValidTests.SaveHistoryEntry" time="0.330" />
  <testcase name="Validation_284_ExportReportData_Var9" classname="ValidTests.ExportReportData" time="0.330" />
  <testcase name="Validation_285_VerifyEncryption_Var9" classname="ValidTests.VerifyEncryption" time="0.330" />
  <testcase name="Validation_286_TriggerNotification_Var9" classname="ValidTests.TriggerNotification" time="0.330" />
  <testcase name="Validation_287_HandleOfflineRedirection_Var9" classname="ValidTests.HandleOfflineRedirection" time="0.330" />
  <testcase name="Validation_288_TestConcurrentSession_Var9" classname="ValidTests.TestConcurrentSession" time="0.330" />
  <testcase name="Validation_289_VerifySecurityHeaders_Var9" classname="ValidTests.VerifySecurityHeaders" time="0.330" />
  <testcase name="Validation_290_CheckMemoryLeak_Var9" classname="ValidTests.CheckMemoryLeak" time="0.330" />
  <testcase name="Validation_291_ExecuteAnalyticsQuery_Var9" classname="ValidTests.ExecuteAnalyticsQuery" time="0.330" />
  <testcase name="Validation_292_TestCSRFToken_Var9" classname="ValidTests.TestCSRFToken" time="0.330" />
  <testcase name="Validation_293_VerifyFileFormatLimits_Var9" classname="ValidTests.VerifyFileFormatLimits" time="0.330" />
  <testcase name="Validation_294_TestRateLimiting_Var9" classname="ValidTests.TestRateLimiting" time="0.330" />
  <testcase name="Validation_295_PerformAutoBackup_Var9" classname="ValidTests.PerformAutoBackup" time="0.330" />
  <testcase name="Validation_296_VerifyObfuscation_Var9" classname="ValidTests.VerifyObfuscation" time="0.330" />
  <testcase name="Validation_297_CheckBatteryDrain_Var9" classname="ValidTests.CheckBatteryDrain" time="0.330" />
  <testcase name="Validation_298_ValidateJSONPayload_Var9" classname="ValidTests.ValidateJSONPayload" time="0.330" />
  <testcase name="Validation_299_ClearSessionOnLogout_Var9" classname="ValidTests.ClearSessionOnLogout" time="0.330" />
  <testcase name="Validation_300_VerifyExitState_Var9" classname="ValidTests.VerifyExitState" time="0.330" />
</testsuite>