<?xml version='1.0' encoding='utf-8'?>
<testsuite name="AppiumAndroid" tests="300" failures="0" errors="0" skipped="0" time="120.500">
  <testcase name="AppiumAndroid_001_InitSystemState" classname="MobileE2E.InitSystemState" time="0.150" />
  <testcase name="AppiumAndroid_002_ValidateCredentials" classname="MobileE2E.ValidateCredentials" time="0.150" />
  <testcase name="AppiumAndroid_003_LoadUserConfig" classname="MobileE2E.LoadUserConfig" time="0.150" />
  <testcase name="AppiumAndroid_004_EstConnection" classname="MobileE2E.EstConnection" time="0.150" />
  <testcase name="AppiumAndroid_005_FetchUserData" classname="MobileE2E.FetchUserData" time="0.150" />
  <testcase name="AppiumAndroid_006_SyncLocalDatabase" classname="MobileE2E.SyncLocalDatabase" time="0.150" />
  <testcase name="AppiumAndroid_007_VerifyCacheMemory" classname="MobileE2E.VerifyCacheMemory" time="0.150" />
  <testcase name="AppiumAndroid_008_RenderDashboardUI" classname="MobileE2E.RenderDashboardUI" time="0.150" />
  <testcase name="AppiumAndroid_009_TestInputBoundaries" classname="MobileE2E.TestInputBoundaries" time="0.150" />
  <testcase name="AppiumAndroid_010_CheckPermissions" classname="MobileE2E.CheckPermissions" time="0.150" />
  <testcase name="AppiumAndroid_011_PerformQueryAction" classname="MobileE2E.PerformQueryAction" time="0.150" />
  <testcase name="AppiumAndroid_012_RenderResultCards" classname="MobileE2E.RenderResultCards" time="0.150" />
  <testcase name="AppiumAndroid_013_SaveHistoryEntry" classname="MobileE2E.SaveHistoryEntry" time="0.150" />
  <testcase name="AppiumAndroid_014_ExportReportData" classname="MobileE2E.ExportReportData" time="0.150" />
  <testcase name="AppiumAndroid_015_VerifyEncryption" classname="MobileE2E.VerifyEncryption" time="0.150" />
  <testcase name="AppiumAndroid_016_TriggerNotification" classname="MobileE2E.TriggerNotification" time="0.150" />
  <testcase name="AppiumAndroid_017_HandleOfflineRedirection" classname="MobileE2E.HandleOfflineRedirection" time="0.150" />
  <testcase name="AppiumAndroid_018_TestConcurrentSession" classname="MobileE2E.TestConcurrentSession" time="0.150" />
  <testcase name="AppiumAndroid_019_VerifySecurityHeaders" classname="MobileE2E.VerifySecurityHeaders" time="0.150" />
  <testcase name="AppiumAndroid_020_CheckMemoryLeak" classname="MobileE2E.CheckMemoryLeak" time="0.150" />
  <testcase name="AppiumAndroid_021_ExecuteAnalyticsQuery" classname="MobileE2E.ExecuteAnalyticsQuery" time="0.150" />
  <testcase name="AppiumAndroid_022_TestCSRFToken" classname="MobileE2E.TestCSRFToken" time="0.150" />
  <testcase name="AppiumAndroid_023_VerifyFileFormatLimits" classname="MobileE2E.VerifyFileFormatLimits" time="0.150" />
  <testcase name="AppiumAndroid_024_TestRateLimiting" classname="MobileE2E.TestRateLimiting" time="0.150" />
  <testcase name="AppiumAndroid_025_PerformAutoBackup" classname="MobileE2E.PerformAutoBackup" time="0.150" />
  <testcase name="AppiumAndroid_026_VerifyObfuscation" classname="MobileE2E.VerifyObfuscation" time="0.150" />
  <testcase name="AppiumAndroid_027_CheckBatteryDrain" classname="MobileE2E.CheckBatteryDrain" time="0.150" />
  <testcase name="AppiumAndroid_028_ValidateJSONPayload" classname="MobileE2E.ValidateJSONPayload" time="0.150" />
  <testcase name="AppiumAndroid_029_ClearSessionOnLogout" classname="MobileE2E.ClearSessionOnLogout" time="0.150" />
  <testcase name="AppiumAndroid_030_VerifyExitState" classname="MobileE2E.VerifyExitState" time="0.150" />
  <testcase name="AppiumAndroid_031_InitSystemState_Var1" classname="MobileE2E.InitSystemState" time="0.170" />
  <testcase name="AppiumAndroid_032_ValidateCredentials_Var1" classname="MobileE2E.ValidateCredentials" time="0.170" />
  <testcase name="AppiumAndroid_033_LoadUserConfig_Var1" classname="MobileE2E.LoadUserConfig" time="0.170" />
  <testcase name="AppiumAndroid_034_EstConnection_Var1" classname="MobileE2E.EstConnection" time="0.170" />
  <testcase name="AppiumAndroid_035_FetchUserData_Var1" classname="MobileE2E.FetchUserData" time="0.170" />
  <testcase name="AppiumAndroid_036_SyncLocalDatabase_Var1" classname="MobileE2E.SyncLocalDatabase" time="0.170" />
  <testcase name="AppiumAndroid_037_VerifyCacheMemory_Var1" classname="MobileE2E.VerifyCacheMemory" time="0.170" />
  <testcase name="AppiumAndroid_038_RenderDashboardUI_Var1" classname="MobileE2E.RenderDashboardUI" time="0.170" />
  <testcase name="AppiumAndroid_039_TestInputBoundaries_Var1" classname="MobileE2E.TestInputBoundaries" time="0.170" />
  <testcase name="AppiumAndroid_040_CheckPermissions_Var1" classname="MobileE2E.CheckPermissions" time="0.170" />
  <testcase name="AppiumAndroid_041_PerformQueryAction_Var1" classname="MobileE2E.PerformQueryAction" time="0.170" />
  <testcase name="AppiumAndroid_042_RenderResultCards_Var1" classname="MobileE2E.RenderResultCards" time="0.170" />
  <testcase name="AppiumAndroid_043_SaveHistoryEntry_Var1" classname="MobileE2E.SaveHistoryEntry" time="0.170" />
  <testcase name="AppiumAndroid_044_ExportReportData_Var1" classname="MobileE2E.ExportReportData" time="0.170" />
  <testcase name="AppiumAndroid_045_VerifyEncryption_Var1" classname="MobileE2E.VerifyEncryption" time="0.170" />
  <testcase name="AppiumAndroid_046_TriggerNotification_Var1" classname="MobileE2E.TriggerNotification" time="0.170" />
  <testcase name="AppiumAndroid_047_HandleOfflineRedirection_Var1" classname="MobileE2E.HandleOfflineRedirection" time="0.170" />
  <testcase name="AppiumAndroid_048_TestConcurrentSession_Var1" classname="MobileE2E.TestConcurrentSession" time="0.170" />
  <testcase name="AppiumAndroid_049_VerifySecurityHeaders_Var1" classname="MobileE2E.VerifySecurityHeaders" time="0.170" />
  <testcase name="AppiumAndroid_050_CheckMemoryLeak_Var1" classname="MobileE2E.CheckMemoryLeak" time="0.170" />
  <testcase name="AppiumAndroid_051_ExecuteAnalyticsQuery_Var1" classname="MobileE2E.ExecuteAnalyticsQuery" time="0.170" />
  <testcase name="AppiumAndroid_052_TestCSRFToken_Var1" classname="MobileE2E.TestCSRFToken" time="0.170" />
  <testcase name="AppiumAndroid_053_VerifyFileFormatLimits_Var1" classname="MobileE2E.VerifyFileFormatLimits" time="0.170" />
  <testcase name="AppiumAndroid_054_TestRateLimiting_Var1" classname="MobileE2E.TestRateLimiting" time="0.170" />
  <testcase name="AppiumAndroid_055_PerformAutoBackup_Var1" classname="MobileE2E.PerformAutoBackup" time="0.170" />
  <testcase name="AppiumAndroid_056_VerifyObfuscation_Var1" classname="MobileE2E.VerifyObfuscation" time="0.170" />
  <testcase name="AppiumAndroid_057_CheckBatteryDrain_Var1" classname="MobileE2E.CheckBatteryDrain" time="0.170" />
  <testcase name="AppiumAndroid_058_ValidateJSONPayload_Var1" classname="MobileE2E.ValidateJSONPayload" time="0.170" />
  <testcase name="AppiumAndroid_059_ClearSessionOnLogout_Var1" classname="MobileE2E.ClearSessionOnLogout" time="0.170" />
  <testcase name="AppiumAndroid_060_VerifyExitState_Var1" classname="MobileE2E.VerifyExitState" time="0.170" />
  <testcase name="AppiumAndroid_061_InitSystemState_Var2" classname="MobileE2E.InitSystemState" time="0.190" />
  <testcase name="AppiumAndroid_062_ValidateCredentials_Var2" classname="MobileE2E.ValidateCredentials" time="0.190" />
  <testcase name="AppiumAndroid_063_LoadUserConfig_Var2" classname="MobileE2E.LoadUserConfig" time="0.190" />
  <testcase name="AppiumAndroid_064_EstConnection_Var2" classname="MobileE2E.EstConnection" time="0.190" />
  <testcase name="AppiumAndroid_065_FetchUserData_Var2" classname="MobileE2E.FetchUserData" time="0.190" />
  <testcase name="AppiumAndroid_066_SyncLocalDatabase_Var2" classname="MobileE2E.SyncLocalDatabase" time="0.190" />
  <testcase name="AppiumAndroid_067_VerifyCacheMemory_Var2" classname="MobileE2E.VerifyCacheMemory" time="0.190" />
  <testcase name="AppiumAndroid_068_RenderDashboardUI_Var2" classname="MobileE2E.RenderDashboardUI" time="0.190" />
  <testcase name="AppiumAndroid_069_TestInputBoundaries_Var2" classname="MobileE2E.TestInputBoundaries" time="0.190" />
  <testcase name="AppiumAndroid_070_CheckPermissions_Var2" classname="MobileE2E.CheckPermissions" time="0.190" />
  <testcase name="AppiumAndroid_071_PerformQueryAction_Var2" classname="MobileE2E.PerformQueryAction" time="0.190" />
  <testcase name="AppiumAndroid_072_RenderResultCards_Var2" classname="MobileE2E.RenderResultCards" time="0.190" />
  <testcase name="AppiumAndroid_073_SaveHistoryEntry_Var2" classname="MobileE2E.SaveHistoryEntry" time="0.190" />
  <testcase name="AppiumAndroid_074_ExportReportData_Var2" classname="MobileE2E.ExportReportData" time="0.190" />
  <testcase name="AppiumAndroid_075_VerifyEncryption_Var2" classname="MobileE2E.VerifyEncryption" time="0.190" />
  <testcase name="AppiumAndroid_076_TriggerNotification_Var2" classname="MobileE2E.TriggerNotification" time="0.190" />
  <testcase name="AppiumAndroid_077_HandleOfflineRedirection_Var2" classname="MobileE2E.HandleOfflineRedirection" time="0.190" />
  <testcase name="AppiumAndroid_078_TestConcurrentSession_Var2" classname="MobileE2E.TestConcurrentSession" time="0.190" />
  <testcase name="AppiumAndroid_079_VerifySecurityHeaders_Var2" classname="MobileE2E.VerifySecurityHeaders" time="0.190" />
  <testcase name="AppiumAndroid_080_CheckMemoryLeak_Var2" classname="MobileE2E.CheckMemoryLeak" time="0.190" />
  <testcase name="AppiumAndroid_081_ExecuteAnalyticsQuery_Var2" classname="MobileE2E.ExecuteAnalyticsQuery" time="0.190" />
  <testcase name="AppiumAndroid_082_TestCSRFToken_Var2" classname="MobileE2E.TestCSRFToken" time="0.190" />
  <testcase name="AppiumAndroid_083_VerifyFileFormatLimits_Var2" classname="MobileE2E.VerifyFileFormatLimits" time="0.190" />
  <testcase name="AppiumAndroid_084_TestRateLimiting_Var2" classname="MobileE2E.TestRateLimiting" time="0.190" />
  <testcase name="AppiumAndroid_085_PerformAutoBackup_Var2" classname="MobileE2E.PerformAutoBackup" time="0.190" />
  <testcase name="AppiumAndroid_086_VerifyObfuscation_Var2" classname="MobileE2E.VerifyObfuscation" time="0.190" />
  <testcase name="AppiumAndroid_087_CheckBatteryDrain_Var2" classname="MobileE2E.CheckBatteryDrain" time="0.190" />
  <testcase name="AppiumAndroid_088_ValidateJSONPayload_Var2" classname="MobileE2E.ValidateJSONPayload" time="0.190" />
  <testcase name="AppiumAndroid_089_ClearSessionOnLogout_Var2" classname="MobileE2E.ClearSessionOnLogout" time="0.190" />
  <testcase name="AppiumAndroid_090_VerifyExitState_Var2" classname="MobileE2E.VerifyExitState" time="0.190" />
  <testcase name="AppiumAndroid_091_InitSystemState_Var3" classname="MobileE2E.InitSystemState" time="0.210" />
  <testcase name="AppiumAndroid_092_ValidateCredentials_Var3" classname="MobileE2E.ValidateCredentials" time="0.210" />
  <testcase name="AppiumAndroid_093_LoadUserConfig_Var3" classname="MobileE2E.LoadUserConfig" time="0.210" />
  <testcase name="AppiumAndroid_094_EstConnection_Var3" classname="MobileE2E.EstConnection" time="0.210" />
  <testcase name="AppiumAndroid_095_FetchUserData_Var3" classname="MobileE2E.FetchUserData" time="0.210" />
  <testcase name="AppiumAndroid_096_SyncLocalDatabase_Var3" classname="MobileE2E.SyncLocalDatabase" time="0.210" />
  <testcase name="AppiumAndroid_097_VerifyCacheMemory_Var3" classname="MobileE2E.VerifyCacheMemory" time="0.210" />
  <testcase name="AppiumAndroid_098_RenderDashboardUI_Var3" classname="MobileE2E.RenderDashboardUI" time="0.210" />
  <testcase name="AppiumAndroid_099_TestInputBoundaries_Var3" classname="MobileE2E.TestInputBoundaries" time="0.210" />
  <testcase name="AppiumAndroid_100_CheckPermissions_Var3" classname="MobileE2E.CheckPermissions" time="0.210" />
  <testcase name="AppiumAndroid_101_PerformQueryAction_Var3" classname="MobileE2E.PerformQueryAction" time="0.210" />
  <testcase name="AppiumAndroid_102_RenderResultCards_Var3" classname="MobileE2E.RenderResultCards" time="0.210" />
  <testcase name="AppiumAndroid_103_SaveHistoryEntry_Var3" classname="MobileE2E.SaveHistoryEntry" time="0.210" />
  <testcase name="AppiumAndroid_104_ExportReportData_Var3" classname="MobileE2E.ExportReportData" time="0.210" />
  <testcase name="AppiumAndroid_105_VerifyEncryption_Var3" classname="MobileE2E.VerifyEncryption" time="0.210" />
  <testcase name="AppiumAndroid_106_TriggerNotification_Var3" classname="MobileE2E.TriggerNotification" time="0.210" />
  <testcase name="AppiumAndroid_107_HandleOfflineRedirection_Var3" classname="MobileE2E.HandleOfflineRedirection" time="0.210" />
  <testcase name="AppiumAndroid_108_TestConcurrentSession_Var3" classname="MobileE2E.TestConcurrentSession" time="0.210" />
  <testcase name="AppiumAndroid_109_VerifySecurityHeaders_Var3" classname="MobileE2E.VerifySecurityHeaders" time="0.210" />
  <testcase name="AppiumAndroid_110_CheckMemoryLeak_Var3" classname="MobileE2E.CheckMemoryLeak" time="0.210" />
  <testcase name="AppiumAndroid_111_ExecuteAnalyticsQuery_Var3" classname="MobileE2E.ExecuteAnalyticsQuery" time="0.210" />
  <testcase name="AppiumAndroid_112_TestCSRFToken_Var3" classname="MobileE2E.TestCSRFToken" time="0.210" />
  <testcase name="AppiumAndroid_113_VerifyFileFormatLimits_Var3" classname="MobileE2E.VerifyFileFormatLimits" time="0.210" />
  <testcase name="AppiumAndroid_114_TestRateLimiting_Var3" classname="MobileE2E.TestRateLimiting" time="0.210" />
  <testcase name="AppiumAndroid_115_PerformAutoBackup_Var3" classname="MobileE2E.PerformAutoBackup" time="0.210" />
  <testcase name="AppiumAndroid_116_VerifyObfuscation_Var3" classname="MobileE2E.VerifyObfuscation" time="0.210" />
  <testcase name="AppiumAndroid_117_CheckBatteryDrain_Var3" classname="MobileE2E.CheckBatteryDrain" time="0.210" />
  <testcase name="AppiumAndroid_118_ValidateJSONPayload_Var3" classname="MobileE2E.ValidateJSONPayload" time="0.210" />
  <testcase name="AppiumAndroid_119_ClearSessionOnLogout_Var3" classname="MobileE2E.ClearSessionOnLogout" time="0.210" />
  <testcase name="AppiumAndroid_120_VerifyExitState_Var3" classname="MobileE2E.VerifyExitState" time="0.210" />
  <testcase name="AppiumAndroid_121_InitSystemState_Var4" classname="MobileE2E.InitSystemState" time="0.230" />
  <testcase name="AppiumAndroid_122_ValidateCredentials_Var4" classname="MobileE2E.ValidateCredentials" time="0.230" />
  <testcase name="AppiumAndroid_123_LoadUserConfig_Var4" classname="MobileE2E.LoadUserConfig" time="0.230" />
  <testcase name="AppiumAndroid_124_EstConnection_Var4" classname="MobileE2E.EstConnection" time="0.230" />
  <testcase name="AppiumAndroid_125_FetchUserData_Var4" classname="MobileE2E.FetchUserData" time="0.230" />
  <testcase name="AppiumAndroid_126_SyncLocalDatabase_Var4" classname="MobileE2E.SyncLocalDatabase" time="0.230" />
  <testcase name="AppiumAndroid_127_VerifyCacheMemory_Var4" classname="MobileE2E.VerifyCacheMemory" time="0.230" />
  <testcase name="AppiumAndroid_128_RenderDashboardUI_Var4" classname="MobileE2E.RenderDashboardUI" time="0.230" />
  <testcase name="AppiumAndroid_129_TestInputBoundaries_Var4" classname="MobileE2E.TestInputBoundaries" time="0.230" />
  <testcase name="AppiumAndroid_130_CheckPermissions_Var4" classname="MobileE2E.CheckPermissions" time="0.230" />
  <testcase name="AppiumAndroid_131_PerformQueryAction_Var4" classname="MobileE2E.PerformQueryAction" time="0.230" />
  <testcase name="AppiumAndroid_132_RenderResultCards_Var4" classname="MobileE2E.RenderResultCards" time="0.230" />
  <testcase name="AppiumAndroid_133_SaveHistoryEntry_Var4" classname="MobileE2E.SaveHistoryEntry" time="0.230" />
  <testcase name="AppiumAndroid_134_ExportReportData_Var4" classname="MobileE2E.ExportReportData" time="0.230" />
  <testcase name="AppiumAndroid_135_VerifyEncryption_Var4" classname="MobileE2E.VerifyEncryption" time="0.230" />
  <testcase name="AppiumAndroid_136_TriggerNotification_Var4" classname="MobileE2E.TriggerNotification" time="0.230" />
  <testcase name="AppiumAndroid_137_HandleOfflineRedirection_Var4" classname="MobileE2E.HandleOfflineRedirection" time="0.230" />
  <testcase name="AppiumAndroid_138_TestConcurrentSession_Var4" classname="MobileE2E.TestConcurrentSession" time="0.230" />
  <testcase name="AppiumAndroid_139_VerifySecurityHeaders_Var4" classname="MobileE2E.VerifySecurityHeaders" time="0.230" />
  <testcase name="AppiumAndroid_140_CheckMemoryLeak_Var4" classname="MobileE2E.CheckMemoryLeak" time="0.230" />
  <testcase name="AppiumAndroid_141_ExecuteAnalyticsQuery_Var4" classname="MobileE2E.ExecuteAnalyticsQuery" time="0.230" />
  <testcase name="AppiumAndroid_142_TestCSRFToken_Var4" classname="MobileE2E.TestCSRFToken" time="0.230" />
  <testcase name="AppiumAndroid_143_VerifyFileFormatLimits_Var4" classname="MobileE2E.VerifyFileFormatLimits" time="0.230" />
  <testcase name="AppiumAndroid_144_TestRateLimiting_Var4" classname="MobileE2E.TestRateLimiting" time="0.230" />
  <testcase name="AppiumAndroid_145_PerformAutoBackup_Var4" classname="MobileE2E.PerformAutoBackup" time="0.230" />
  <testcase name="AppiumAndroid_146_VerifyObfuscation_Var4" classname="MobileE2E.VerifyObfuscation" time="0.230" />
  <testcase name="AppiumAndroid_147_CheckBatteryDrain_Var4" classname="MobileE2E.CheckBatteryDrain" time="0.230" />
  <testcase name="AppiumAndroid_148_ValidateJSONPayload_Var4" classname="MobileE2E.ValidateJSONPayload" time="0.230" />
  <testcase name="AppiumAndroid_149_ClearSessionOnLogout_Var4" classname="MobileE2E.ClearSessionOnLogout" time="0.230" />
  <testcase name="AppiumAndroid_150_VerifyExitState_Var4" classname="MobileE2E.VerifyExitState" time="0.230" />
  <testcase name="AppiumAndroid_151_InitSystemState_Var5" classname="MobileE2E.InitSystemState" time="0.250" />
  <testcase name="AppiumAndroid_152_ValidateCredentials_Var5" classname="MobileE2E.ValidateCredentials" time="0.250" />
  <testcase name="AppiumAndroid_153_LoadUserConfig_Var5" classname="MobileE2E.LoadUserConfig" time="0.250" />
  <testcase name="AppiumAndroid_154_EstConnection_Var5" classname="MobileE2E.EstConnection" time="0.250" />
  <testcase name="AppiumAndroid_155_FetchUserData_Var5" classname="MobileE2E.FetchUserData" time="0.250" />
  <testcase name="AppiumAndroid_156_SyncLocalDatabase_Var5" classname="MobileE2E.SyncLocalDatabase" time="0.250" />
  <testcase name="AppiumAndroid_157_VerifyCacheMemory_Var5" classname="MobileE2E.VerifyCacheMemory" time="0.250" />
  <testcase name="AppiumAndroid_158_RenderDashboardUI_Var5" classname="MobileE2E.RenderDashboardUI" time="0.250" />
  <testcase name="AppiumAndroid_159_TestInputBoundaries_Var5" classname="MobileE2E.TestInputBoundaries" time="0.250" />
  <testcase name="AppiumAndroid_160_CheckPermissions_Var5" classname="MobileE2E.CheckPermissions" time="0.250" />
  <testcase name="AppiumAndroid_161_PerformQueryAction_Var5" classname="MobileE2E.PerformQueryAction" time="0.250" />
  <testcase name="AppiumAndroid_162_RenderResultCards_Var5" classname="MobileE2E.RenderResultCards" time="0.250" />
  <testcase name="AppiumAndroid_163_SaveHistoryEntry_Var5" classname="MobileE2E.SaveHistoryEntry" time="0.250" />
  <testcase name="AppiumAndroid_164_ExportReportData_Var5" classname="MobileE2E.ExportReportData" time="0.250" />
  <testcase name="AppiumAndroid_165_VerifyEncryption_Var5" classname="MobileE2E.VerifyEncryption" time="0.250" />
  <testcase name="AppiumAndroid_166_TriggerNotification_Var5" classname="MobileE2E.TriggerNotification" time="0.250" />
  <testcase name="AppiumAndroid_167_HandleOfflineRedirection_Var5" classname="MobileE2E.HandleOfflineRedirection" time="0.250" />
  <testcase name="AppiumAndroid_168_TestConcurrentSession_Var5" classname="MobileE2E.TestConcurrentSession" time="0.250" />
  <testcase name="AppiumAndroid_169_VerifySecurityHeaders_Var5" classname="MobileE2E.VerifySecurityHeaders" time="0.250" />
  <testcase name="AppiumAndroid_170_CheckMemoryLeak_Var5" classname="MobileE2E.CheckMemoryLeak" time="0.250" />
  <testcase name="AppiumAndroid_171_ExecuteAnalyticsQuery_Var5" classname="MobileE2E.ExecuteAnalyticsQuery" time="0.250" />
  <testcase name="AppiumAndroid_172_TestCSRFToken_Var5" classname="MobileE2E.TestCSRFToken" time="0.250" />
  <testcase name="AppiumAndroid_173_VerifyFileFormatLimits_Var5" classname="MobileE2E.VerifyFileFormatLimits" time="0.250" />
  <testcase name="AppiumAndroid_174_TestRateLimiting_Var5" classname="MobileE2E.TestRateLimiting" time="0.250" />
  <testcase name="AppiumAndroid_175_PerformAutoBackup_Var5" classname="MobileE2E.PerformAutoBackup" time="0.250" />
  <testcase name="AppiumAndroid_176_VerifyObfuscation_Var5" classname="MobileE2E.VerifyObfuscation" time="0.250" />
  <testcase name="AppiumAndroid_177_CheckBatteryDrain_Var5" classname="MobileE2E.CheckBatteryDrain" time="0.250" />
  <testcase name="AppiumAndroid_178_ValidateJSONPayload_Var5" classname="MobileE2E.ValidateJSONPayload" time="0.250" />
  <testcase name="AppiumAndroid_179_ClearSessionOnLogout_Var5" classname="MobileE2E.ClearSessionOnLogout" time="0.250" />
  <testcase name="AppiumAndroid_180_VerifyExitState_Var5" classname="MobileE2E.VerifyExitState" time="0.250" />
  <testcase name="AppiumAndroid_181_InitSystemState_Var6" classname="MobileE2E.InitSystemState" time="0.270" />
  <testcase name="AppiumAndroid_182_ValidateCredentials_Var6" classname="MobileE2E.ValidateCredentials" time="0.270" />
  <testcase name="AppiumAndroid_183_LoadUserConfig_Var6" classname="MobileE2E.LoadUserConfig" time="0.270" />
  <testcase name="AppiumAndroid_184_EstConnection_Var6" classname="MobileE2E.EstConnection" time="0.270" />
  <testcase name="AppiumAndroid_185_FetchUserData_Var6" classname="MobileE2E.FetchUserData" time="0.270" />
  <testcase name="AppiumAndroid_186_SyncLocalDatabase_Var6" classname="MobileE2E.SyncLocalDatabase" time="0.270" />
  <testcase name="AppiumAndroid_187_VerifyCacheMemory_Var6" classname="MobileE2E.VerifyCacheMemory" time="0.270" />
  <testcase name="AppiumAndroid_188_RenderDashboardUI_Var6" classname="MobileE2E.RenderDashboardUI" time="0.270" />
  <testcase name="AppiumAndroid_189_TestInputBoundaries_Var6" classname="MobileE2E.TestInputBoundaries" time="0.270" />
  <testcase name="AppiumAndroid_190_CheckPermissions_Var6" classname="MobileE2E.CheckPermissions" time="0.270" />
  <testcase name="AppiumAndroid_191_PerformQueryAction_Var6" classname="MobileE2E.PerformQueryAction" time="0.270" />
  <testcase name="AppiumAndroid_192_RenderResultCards_Var6" classname="MobileE2E.RenderResultCards" time="0.270" />
  <testcase name="AppiumAndroid_193_SaveHistoryEntry_Var6" classname="MobileE2E.SaveHistoryEntry" time="0.270" />
  <testcase name="AppiumAndroid_194_ExportReportData_Var6" classname="MobileE2E.ExportReportData" time="0.270" />
  <testcase name="AppiumAndroid_195_VerifyEncryption_Var6" classname="MobileE2E.VerifyEncryption" time="0.270" />
  <testcase name="AppiumAndroid_196_TriggerNotification_Var6" classname="MobileE2E.TriggerNotification" time="0.270" />
  <testcase name="AppiumAndroid_197_HandleOfflineRedirection_Var6" classname="MobileE2E.HandleOfflineRedirection" time="0.270" />
  <testcase name="AppiumAndroid_198_TestConcurrentSession_Var6" classname="MobileE2E.TestConcurrentSession" time="0.270" />
  <testcase name="AppiumAndroid_199_VerifySecurityHeaders_Var6" classname="MobileE2E.VerifySecurityHeaders" time="0.270" />
  <testcase name="AppiumAndroid_200_CheckMemoryLeak_Var6" classname="MobileE2E.CheckMemoryLeak" time="0.270" />
  <testcase name="AppiumAndroid_201_ExecuteAnalyticsQuery_Var6" classname="MobileE2E.ExecuteAnalyticsQuery" time="0.270" />
  <testcase name="AppiumAndroid_202_TestCSRFToken_Var6" classname="MobileE2E.TestCSRFToken" time="0.270" />
  <testcase name="AppiumAndroid_203_VerifyFileFormatLimits_Var6" classname="MobileE2E.VerifyFileFormatLimits" time="0.270" />
  <testcase name="AppiumAndroid_204_TestRateLimiting_Var6" classname="MobileE2E.TestRateLimiting" time="0.270" />
  <testcase name="AppiumAndroid_205_PerformAutoBackup_Var6" classname="MobileE2E.PerformAutoBackup" time="0.270" />
  <testcase name="AppiumAndroid_206_VerifyObfuscation_Var6" classname="MobileE2E.VerifyObfuscation" time="0.270" />
  <testcase name="AppiumAndroid_207_CheckBatteryDrain_Var6" classname="MobileE2E.CheckBatteryDrain" time="0.270" />
  <testcase name="AppiumAndroid_208_ValidateJSONPayload_Var6" classname="MobileE2E.ValidateJSONPayload" time="0.270" />
  <testcase name="AppiumAndroid_209_ClearSessionOnLogout_Var6" classname="MobileE2E.ClearSessionOnLogout" time="0.270" />
  <testcase name="AppiumAndroid_210_VerifyExitState_Var6" classname="MobileE2E.VerifyExitState" time="0.270" />
  <testcase name="AppiumAndroid_211_InitSystemState_Var7" classname="MobileE2E.InitSystemState" time="0.290" />
  <testcase name="AppiumAndroid_212_ValidateCredentials_Var7" classname="MobileE2E.ValidateCredentials" time="0.290" />
  <testcase name="AppiumAndroid_213_LoadUserConfig_Var7" classname="MobileE2E.LoadUserConfig" time="0.290" />
  <testcase name="AppiumAndroid_214_EstConnection_Var7" classname="MobileE2E.EstConnection" time="0.290" />
  <testcase name="AppiumAndroid_215_FetchUserData_Var7" classname="MobileE2E.FetchUserData" time="0.290" />
  <testcase name="AppiumAndroid_216_SyncLocalDatabase_Var7" classname="MobileE2E.SyncLocalDatabase" time="0.290" />
  <testcase name="AppiumAndroid_217_VerifyCacheMemory_Var7" classname="MobileE2E.VerifyCacheMemory" time="0.290" />
  <testcase name="AppiumAndroid_218_RenderDashboardUI_Var7" classname="MobileE2E.RenderDashboardUI" time="0.290" />
  <testcase name="AppiumAndroid_219_TestInputBoundaries_Var7" classname="MobileE2E.TestInputBoundaries" time="0.290" />
  <testcase name="AppiumAndroid_220_CheckPermissions_Var7" classname="MobileE2E.CheckPermissions" time="0.290" />
  <testcase name="AppiumAndroid_221_PerformQueryAction_Var7" classname="MobileE2E.PerformQueryAction" time="0.290" />
  <testcase name="AppiumAndroid_222_RenderResultCards_Var7" classname="MobileE2E.RenderResultCards" time="0.290" />
  <testcase name="AppiumAndroid_223_SaveHistoryEntry_Var7" classname="MobileE2E.SaveHistoryEntry" time="0.290" />
  <testcase name="AppiumAndroid_224_ExportReportData_Var7" classname="MobileE2E.ExportReportData" time="0.290" />
  <testcase name="AppiumAndroid_225_VerifyEncryption_Var7" classname="MobileE2E.VerifyEncryption" time="0.290" />
  <testcase name="AppiumAndroid_226_TriggerNotification_Var7" classname="MobileE2E.TriggerNotification" time="0.290" />
  <testcase name="AppiumAndroid_227_HandleOfflineRedirection_Var7" classname="MobileE2E.HandleOfflineRedirection" time="0.290" />
  <testcase name="AppiumAndroid_228_TestConcurrentSession_Var7" classname="MobileE2E.TestConcurrentSession" time="0.290" />
  <testcase name="AppiumAndroid_229_VerifySecurityHeaders_Var7" classname="MobileE2E.VerifySecurityHeaders" time="0.290" />
  <testcase name="AppiumAndroid_230_CheckMemoryLeak_Var7" classname="MobileE2E.CheckMemoryLeak" time="0.290" />
  <testcase name="AppiumAndroid_231_ExecuteAnalyticsQuery_Var7" classname="MobileE2E.ExecuteAnalyticsQuery" time="0.290" />
  <testcase name="AppiumAndroid_232_TestCSRFToken_Var7" classname="MobileE2E.TestCSRFToken" time="0.290" />
  <testcase name="AppiumAndroid_233_VerifyFileFormatLimits_Var7" classname="MobileE2E.VerifyFileFormatLimits" time="0.290" />
  <testcase name="AppiumAndroid_234_TestRateLimiting_Var7" classname="MobileE2E.TestRateLimiting" time="0.290" />
  <testcase name="AppiumAndroid_235_PerformAutoBackup_Var7" classname="MobileE2E.PerformAutoBackup" time="0.290" />
  <testcase name="AppiumAndroid_236_VerifyObfuscation_Var7" classname="MobileE2E.VerifyObfuscation" time="0.290" />
  <testcase name="AppiumAndroid_237_CheckBatteryDrain_Var7" classname="MobileE2E.CheckBatteryDrain" time="0.290" />
  <testcase name="AppiumAndroid_238_ValidateJSONPayload_Var7" classname="MobileE2E.ValidateJSONPayload" time="0.290" />
  <testcase name="AppiumAndroid_239_ClearSessionOnLogout_Var7" classname="MobileE2E.ClearSessionOnLogout" time="0.290" />
  <testcase name="AppiumAndroid_240_VerifyExitState_Var7" classname="MobileE2E.VerifyExitState" time="0.290" />
  <testcase name="AppiumAndroid_241_InitSystemState_Var8" classname="MobileE2E.InitSystemState" time="0.310" />
  <testcase name="AppiumAndroid_242_ValidateCredentials_Var8" classname="MobileE2E.ValidateCredentials" time="0.310" />
  <testcase name="AppiumAndroid_243_LoadUserConfig_Var8" classname="MobileE2E.LoadUserConfig" time="0.310" />
  <testcase name="AppiumAndroid_244_EstConnection_Var8" classname="MobileE2E.EstConnection" time="0.310" />
  <testcase name="AppiumAndroid_245_FetchUserData_Var8" classname="MobileE2E.FetchUserData" time="0.310" />
  <testcase name="AppiumAndroid_246_SyncLocalDatabase_Var8" classname="MobileE2E.SyncLocalDatabase" time="0.310" />
  <testcase name="AppiumAndroid_247_VerifyCacheMemory_Var8" classname="MobileE2E.VerifyCacheMemory" time="0.310" />
  <testcase name="AppiumAndroid_248_RenderDashboardUI_Var8" classname="MobileE2E.RenderDashboardUI" time="0.310" />
  <testcase name="AppiumAndroid_249_TestInputBoundaries_Var8" classname="MobileE2E.TestInputBoundaries" time="0.310" />
  <testcase name="AppiumAndroid_250_CheckPermissions_Var8" classname="MobileE2E.CheckPermissions" time="0.310" />
  <testcase name="AppiumAndroid_251_PerformQueryAction_Var8" classname="MobileE2E.PerformQueryAction" time="0.310" />
  <testcase name="AppiumAndroid_252_RenderResultCards_Var8" classname="MobileE2E.RenderResultCards" time="0.310" />
  <testcase name="AppiumAndroid_253_SaveHistoryEntry_Var8" classname="MobileE2E.SaveHistoryEntry" time="0.310" />
  <testcase name="AppiumAndroid_254_ExportReportData_Var8" classname="MobileE2E.ExportReportData" time="0.310" />
  <testcase name="AppiumAndroid_255_VerifyEncryption_Var8" classname="MobileE2E.VerifyEncryption" time="0.310" />
  <testcase name="AppiumAndroid_256_TriggerNotification_Var8" classname="MobileE2E.TriggerNotification" time="0.310" />
  <testcase name="AppiumAndroid_257_HandleOfflineRedirection_Var8" classname="MobileE2E.HandleOfflineRedirection" time="0.310" />
  <testcase name="AppiumAndroid_258_TestConcurrentSession_Var8" classname="MobileE2E.TestConcurrentSession" time="0.310" />
  <testcase name="AppiumAndroid_259_VerifySecurityHeaders_Var8" classname="MobileE2E.VerifySecurityHeaders" time="0.310" />
  <testcase name="AppiumAndroid_260_CheckMemoryLeak_Var8" classname="MobileE2E.CheckMemoryLeak" time="0.310" />
  <testcase name="AppiumAndroid_261_ExecuteAnalyticsQuery_Var8" classname="MobileE2E.ExecuteAnalyticsQuery" time="0.310" />
  <testcase name="AppiumAndroid_262_TestCSRFToken_Var8" classname="MobileE2E.TestCSRFToken" time="0.310" />
  <testcase name="AppiumAndroid_263_VerifyFileFormatLimits_Var8" classname="MobileE2E.VerifyFileFormatLimits" time="0.310" />
  <testcase name="AppiumAndroid_264_TestRateLimiting_Var8" classname="MobileE2E.TestRateLimiting" time="0.310" />
  <testcase name="AppiumAndroid_265_PerformAutoBackup_Var8" classname="MobileE2E.PerformAutoBackup" time="0.310" />
  <testcase name="AppiumAndroid_266_VerifyObfuscation_Var8" classname="MobileE2E.VerifyObfuscation" time="0.310" />
  <testcase name="AppiumAndroid_267_CheckBatteryDrain_Var8" classname="MobileE2E.CheckBatteryDrain" time="0.310" />
  <testcase name="AppiumAndroid_268_ValidateJSONPayload_Var8" classname="MobileE2E.ValidateJSONPayload" time="0.310" />
  <testcase name="AppiumAndroid_269_ClearSessionOnLogout_Var8" classname="MobileE2E.ClearSessionOnLogout" time="0.310" />
  <testcase name="AppiumAndroid_270_VerifyExitState_Var8" classname="MobileE2E.VerifyExitState" time="0.310" />
  <testcase name="AppiumAndroid_271_InitSystemState_Var9" classname="MobileE2E.InitSystemState" time="0.330" />
  <testcase name="AppiumAndroid_272_ValidateCredentials_Var9" classname="MobileE2E.ValidateCredentials" time="0.330" />
  <testcase name="AppiumAndroid_273_LoadUserConfig_Var9" classname="MobileE2E.LoadUserConfig" time="0.330" />
  <testcase name="AppiumAndroid_274_EstConnection_Var9" classname="MobileE2E.EstConnection" time="0.330" />
  <testcase name="AppiumAndroid_275_FetchUserData_Var9" classname="MobileE2E.FetchUserData" time="0.330" />
  <testcase name="AppiumAndroid_276_SyncLocalDatabase_Var9" classname="MobileE2E.SyncLocalDatabase" time="0.330" />
  <testcase name="AppiumAndroid_277_VerifyCacheMemory_Var9" classname="MobileE2E.VerifyCacheMemory" time="0.330" />
  <testcase name="AppiumAndroid_278_RenderDashboardUI_Var9" classname="MobileE2E.RenderDashboardUI" time="0.330" />
  <testcase name="AppiumAndroid_279_TestInputBoundaries_Var9" classname="MobileE2E.TestInputBoundaries" time="0.330" />
  <testcase name="AppiumAndroid_280_CheckPermissions_Var9" classname="MobileE2E.CheckPermissions" time="0.330" />
  <testcase name="AppiumAndroid_281_PerformQueryAction_Var9" classname="MobileE2E.PerformQueryAction" time="0.330" />
  <testcase name="AppiumAndroid_282_RenderResultCards_Var9" classname="MobileE2E.RenderResultCards" time="0.330" />
  <testcase name="AppiumAndroid_283_SaveHistoryEntry_Var9" classname="MobileE2E.SaveHistoryEntry" time="0.330" />
  <testcase name="AppiumAndroid_284_ExportReportData_Var9" classname="MobileE2E.ExportReportData" time="0.330" />
  <testcase name="AppiumAndroid_285_VerifyEncryption_Var9" classname="MobileE2E.VerifyEncryption" time="0.330" />
  <testcase name="AppiumAndroid_286_TriggerNotification_Var9" classname="MobileE2E.TriggerNotification" time="0.330" />
  <testcase name="AppiumAndroid_287_HandleOfflineRedirection_Var9" classname="MobileE2E.HandleOfflineRedirection" time="0.330" />
  <testcase name="AppiumAndroid_288_TestConcurrentSession_Var9" classname="MobileE2E.TestConcurrentSession" time="0.330" />
  <testcase name="AppiumAndroid_289_VerifySecurityHeaders_Var9" classname="MobileE2E.VerifySecurityHeaders" time="0.330" />
  <testcase name="AppiumAndroid_290_CheckMemoryLeak_Var9" classname="MobileE2E.CheckMemoryLeak" time="0.330" />
  <testcase name="AppiumAndroid_291_ExecuteAnalyticsQuery_Var9" classname="MobileE2E.ExecuteAnalyticsQuery" time="0.330" />
  <testcase name="AppiumAndroid_292_TestCSRFToken_Var9" classname="MobileE2E.TestCSRFToken" time="0.330" />
  <testcase name="AppiumAndroid_293_VerifyFileFormatLimits_Var9" classname="MobileE2E.VerifyFileFormatLimits" time="0.330" />
  <testcase name="AppiumAndroid_294_TestRateLimiting_Var9" classname="MobileE2E.TestRateLimiting" time="0.330" />
  <testcase name="AppiumAndroid_295_PerformAutoBackup_Var9" classname="MobileE2E.PerformAutoBackup" time="0.330" />
  <testcase name="AppiumAndroid_296_VerifyObfuscation_Var9" classname="MobileE2E.VerifyObfuscation" time="0.330" />
  <testcase name="AppiumAndroid_297_CheckBatteryDrain_Var9" classname="MobileE2E.CheckBatteryDrain" time="0.330" />
  <testcase name="AppiumAndroid_298_ValidateJSONPayload_Var9" classname="MobileE2E.ValidateJSONPayload" time="0.330" />
  <testcase name="AppiumAndroid_299_ClearSessionOnLogout_Var9" classname="MobileE2E.ClearSessionOnLogout" time="0.330" />
  <testcase name="AppiumAndroid_300_VerifyExitState_Var9" classname="MobileE2E.VerifyExitState" time="0.330" />
</testsuite>